<?xml version="1.0" encoding="UTF-8"?>
<testsuites name="PnG Merchandising Scripts With Overwrite Scenarios" time="1330" tests="17" failures="3" errors="0">
   <testsuite name="PnG Merchandising Scripts With Overwrite Scenarios" tests="17" failures="3" errors="0" time="1330" timestamp="2018-05-17 04:17:25" hostname="Fahad Shah - Dell-E6420" id="Test Suites/PnG Merchandising Scripts With Overwrite Scenarios">
      <properties>
[...]
</properties>
      <testcase name="Test Cases/LaunchingApp/LaunchApp" classname="Test Cases/LaunchingApp/LaunchApp" status="PASSED">
         <system-out><![CDATA[2018-05-17 04:17:27 - [TEST_CASE][PASSED] - Test Cases/LaunchingApp/LaunchApp: Test Cases/LaunchingApp/LaunchApp

2018-05-17 04:17:28 - [TEST_STEP][PASSED] - startApplication: Started app at: 'D:\QAAutomation\Builds\png_local_300418.apk'

2018-05-17 04:17:59 - [MESSAGE][PASSED] - Started app at: 'D:\QAAutomation\Builds\png_local_300418.apk'

2018-05-17 04:17:59 - [TEST_STEP][PASSED] - delay: Delayed 5 second(s)

2018-05-17 04:18:04 - [MESSAGE][PASSED] - Delayed 5 second(s)]]></system-out>
         <system-err><![CDATA[]]></system-err>
      </testcase>
      <testcase name="Test Cases/DistributionRegion/VisitDistributionRegion" classname="Test Cases/DistributionRegion/VisitDistributionRegion" status="PASSED">
         <system-out><![CDATA[2018-05-17 04:18:04 - [TEST_CASE][PASSED] - Test Cases/DistributionRegion/VisitDistributionRegion: Test Cases/DistributionRegion/VisitDistributionRegion

2018-05-17 04:18:05 - [TEST_STEP][PASSED] - verifyElementExist: Element 'Object Repository/DashboardScreenElements/StartYourDayButton' is exist

2018-05-17 04:18:05 - [MESSAGE][WARNING] - Timeout '0' is invalid. Using default page load timeout: '30'

2018-05-17 04:18:06 - [MESSAGE][PASSED] - Element 'Object Repository/DashboardScreenElements/StartYourDayButton' is exist

2018-05-17 04:18:06 - [TEST_STEP][PASSED] - delay: Delayed 1 second(s)

2018-05-17 04:18:07 - [MESSAGE][PASSED] - Delayed 1 second(s)

2018-05-17 04:18:07 - [TEST_STEP][PASSED] - customKeywordsCollection.CustomKeywords.selectCurrentDay: customKeywordsCollection.CustomKeywords.selectCurrentDay is PASSED

2018-05-17 04:18:10 - [MESSAGE][WARNING] - Timeout '0' is invalid. Using default page load timeout: '30'

2018-05-17 04:18:11 - [MESSAGE][PASSED] - Tapped on element 'Object Repository/DashboardScreenElements/DaysDropDownMenu'

2018-05-17 04:18:12 - [MESSAGE][PASSED] - Delayed 1 second(s)

2018-05-17 04:18:14 - [MESSAGE][PASSED] - Delayed 1 second(s)

2018-05-17 04:18:14 - [MESSAGE][PASSED] - customKeywordsCollection.CustomKeywords.selectCurrentDay is PASSED

2018-05-17 04:18:14 - [TEST_STEP][PASSED] - delay: Delayed 1 second(s)

2018-05-17 04:18:15 - [MESSAGE][PASSED] - Delayed 1 second(s)

2018-05-17 04:18:15 - [TEST_STEP][PASSED] - tap: Tapped on element 'Object Repository/DashboardScreenElements/StartYourDayButton'

2018-05-17 04:18:15 - [MESSAGE][WARNING] - Timeout '0' is invalid. Using default page load timeout: '30'

2018-05-17 04:18:16 - [MESSAGE][PASSED] - Tapped on element 'Object Repository/DashboardScreenElements/StartYourDayButton'

2018-05-17 04:18:16 - [TEST_STEP][PASSED] - delay: Delayed 18 second(s)

2018-05-17 04:18:34 - [MESSAGE][PASSED] - Delayed 18 second(s)

2018-05-17 04:18:34 - [TEST_STEP][PASSED] - verifyElementExist: Element 'Object Repository/CommonScreenElements/Validate_MapScreen' is exist

2018-05-17 04:18:34 - [MESSAGE][WARNING] - Timeout '0' is invalid. Using default page load timeout: '30'

2018-05-17 04:18:34 - [MESSAGE][PASSED] - Element 'Object Repository/CommonScreenElements/Validate_MapScreen' is exist

2018-05-17 04:18:34 - [TEST_STEP][PASSED] - delay: Delayed 1 second(s)

2018-05-17 04:18:35 - [MESSAGE][PASSED] - Delayed 1 second(s)

2018-05-17 04:18:35 - [TEST_STEP][PASSED] - tap: Tapped on element 'Object Repository/CommonScreenElements/CheckInButton'

2018-05-17 04:18:35 - [MESSAGE][WARNING] - Timeout '0' is invalid. Using default page load timeout: '30'

2018-05-17 04:18:36 - [MESSAGE][PASSED] - Tapped on element 'Object Repository/CommonScreenElements/CheckInButton'

2018-05-17 04:18:36 - [TEST_STEP][PASSED] - delay: Delayed 1 second(s)

2018-05-17 04:18:37 - [MESSAGE][PASSED] - Delayed 1 second(s)

2018-05-17 04:18:37 - [TEST_STEP][PASSED] - verifyElementExist: Element 'Object Repository/CommonScreenElements/Validate_InfoPopUpDialog' is exist

2018-05-17 04:18:37 - [MESSAGE][WARNING] - Timeout '0' is invalid. Using default page load timeout: '30'

2018-05-17 04:18:37 - [MESSAGE][PASSED] - Element 'Object Repository/CommonScreenElements/Validate_InfoPopUpDialog' is exist

2018-05-17 04:18:37 - [TEST_STEP][PASSED] - delay: Delayed 1 second(s)

2018-05-17 04:18:38 - [MESSAGE][PASSED] - Delayed 1 second(s)

2018-05-17 04:18:38 - [TEST_STEP][PASSED] - tap: Tapped on element 'Object Repository/CommonScreenElements/InfoPopUp_YesButton'

2018-05-17 04:18:38 - [MESSAGE][WARNING] - Timeout '0' is invalid. Using default page load timeout: '30'

2018-05-17 04:18:39 - [MESSAGE][PASSED] - Tapped on element 'Object Repository/CommonScreenElements/InfoPopUp_YesButton'

2018-05-17 04:18:39 - [TEST_STEP][PASSED] - delay: Delayed 1 second(s)

2018-05-17 04:18:40 - [MESSAGE][PASSED] - Delayed 1 second(s)

2018-05-17 04:18:40 - [TEST_STEP][PASSED] - verifyElementText: Actual text and expected text of test object 'Object Repository/DistributionRegionScreenElements/Validate_RouteScreen' are matched.

2018-05-17 04:18:40 - [MESSAGE][PASSED] - Actual text and expected text of test object 'Object Repository/DistributionRegionScreenElements/Validate_RouteScreen' are matched.

2018-05-17 04:18:40 - [TEST_STEP][PASSED] - delay: Delayed 1 second(s)

2018-05-17 04:18:41 - [MESSAGE][PASSED] - Delayed 1 second(s)

2018-05-17 04:18:41 - [TEST_STEP][PASSED] - tap: Tapped on element 'Object Repository/DistributionRegionScreenElements/Route_NextButton'

2018-05-17 04:18:41 - [MESSAGE][WARNING] - Timeout '0' is invalid. Using default page load timeout: '30'

2018-05-17 04:18:43 - [MESSAGE][PASSED] - Tapped on element 'Object Repository/DistributionRegionScreenElements/Route_NextButton'

2018-05-17 04:18:43 - [TEST_STEP][PASSED] - delay: Delayed 1 second(s)

2018-05-17 04:18:44 - [MESSAGE][PASSED] - Delayed 1 second(s)

2018-05-17 04:18:44 - [TEST_STEP][PASSED] - verifyElementExist: Element 'Object Repository/DistributionRegionScreenElements/Validate_FieldsScreen' is exist

2018-05-17 04:18:44 - [MESSAGE][WARNING] - Timeout '0' is invalid. Using default page load timeout: '30'

2018-05-17 04:18:44 - [MESSAGE][PASSED] - Element 'Object Repository/DistributionRegionScreenElements/Validate_FieldsScreen' is exist

2018-05-17 04:18:44 - [TEST_STEP][PASSED] - delay: Delayed 1 second(s)

2018-05-17 04:18:45 - [MESSAGE][PASSED] - Delayed 1 second(s)

2018-05-17 04:18:45 - [TEST_STEP][PASSED] - setText: Text '101' has been set to element 'Object Repository/DistributionRegionScreenElements/BrandMessage_TextField'

2018-05-17 04:18:45 - [MESSAGE][WARNING] - Timeout '0' is invalid. Using default page load timeout: '30'

2018-05-17 04:18:56 - [MESSAGE][PASSED] - Text '101' has been set to element 'Object Repository/DistributionRegionScreenElements/BrandMessage_TextField'

2018-05-17 04:18:56 - [TEST_STEP][PASSED] - setText: Text '102' has been set to element 'Object Repository/DistributionRegionScreenElements/CorporationMessage_TextField'

2018-05-17 04:18:56 - [MESSAGE][WARNING] - Timeout '0' is invalid. Using default page load timeout: '30'

2018-05-17 04:19:06 - [MESSAGE][PASSED] - Text '102' has been set to element 'Object Repository/DistributionRegionScreenElements/CorporationMessage_TextField'

2018-05-17 04:19:06 - [TEST_STEP][PASSED] - setText: Text '103' has been set to element 'Object Repository/DistributionRegionScreenElements/ValueMessage_TextField'

2018-05-17 04:19:06 - [MESSAGE][WARNING] - Timeout '0' is invalid. Using default page load timeout: '30'

2018-05-17 04:19:16 - [MESSAGE][PASSED] - Text '103' has been set to element 'Object Repository/DistributionRegionScreenElements/ValueMessage_TextField'

2018-05-17 04:19:16 - [TEST_STEP][PASSED] - setText: Text '100' has been set to element 'Object Repository/DistributionRegionScreenElements/Poster_TextField'

2018-05-17 04:19:16 - [MESSAGE][WARNING] - Timeout '0' is invalid. Using default page load timeout: '30'

2018-05-17 04:19:26 - [MESSAGE][PASSED] - Text '100' has been set to element 'Object Repository/DistributionRegionScreenElements/Poster_TextField'

2018-05-17 04:19:26 - [TEST_STEP][PASSED] - hideKeyboard: Keyboard is hidden

2018-05-17 04:19:27 - [MESSAGE][PASSED] - Keyboard is hidden

2018-05-17 04:19:27 - [TEST_STEP][PASSED] - tap: Tapped on element 'Object Repository/DistributionRegionScreenElements/Fields_SubmitButton'

2018-05-17 04:19:27 - [MESSAGE][WARNING] - Timeout '0' is invalid. Using default page load timeout: '30'

2018-05-17 04:19:28 - [MESSAGE][PASSED] - Tapped on element 'Object Repository/DistributionRegionScreenElements/Fields_SubmitButton'

2018-05-17 04:19:28 - [TEST_STEP][PASSED] - delay: Delayed 1 second(s)

2018-05-17 04:19:29 - [MESSAGE][PASSED] - Delayed 1 second(s)]]></system-out>
         <system-err><![CDATA[]]></system-err>
      </testcase>
      <testcase name="Test Cases/ChooseHFSShop/SelectAndStartYourDay" classname="Test Cases/ChooseHFSShop/SelectAndStartYourDay" status="PASSED">
         <system-out><![CDATA[2018-05-17 04:19:29 - [TEST_CASE][PASSED] - Test Cases/ChooseHFSShop/SelectAndStartYourDay: Test Cases/ChooseHFSShop/SelectAndStartYourDay

2018-05-17 04:19:29 - [TEST_STEP][PASSED] - verifyElementExist: Element 'Object Repository/DashboardScreenElements/StartYourDayButton' is exist

2018-05-17 04:19:29 - [MESSAGE][WARNING] - Timeout '0' is invalid. Using default page load timeout: '30'

2018-05-17 04:19:29 - [MESSAGE][PASSED] - Element 'Object Repository/DashboardScreenElements/StartYourDayButton' is exist

2018-05-17 04:19:29 - [TEST_STEP][PASSED] - customKeywordsCollection.CustomKeywords.selectCurrentDay: customKeywordsCollection.CustomKeywords.selectCurrentDay is PASSED

2018-05-17 04:19:30 - [MESSAGE][PASSED] - customKeywordsCollection.CustomKeywords.selectCurrentDay is PASSED

2018-05-17 04:19:30 - [TEST_STEP][PASSED] - tap: Tapped on element 'Object Repository/DashboardScreenElements/StartYourDayButton'

2018-05-17 04:19:30 - [MESSAGE][WARNING] - Timeout '0' is invalid. Using default page load timeout: '30'

2018-05-17 04:19:31 - [MESSAGE][PASSED] - Tapped on element 'Object Repository/DashboardScreenElements/StartYourDayButton'

2018-05-17 04:19:31 - [TEST_STEP][PASSED] - delay: Delayed 1 second(s)

2018-05-17 04:19:32 - [MESSAGE][PASSED] - Delayed 1 second(s)

2018-05-17 04:19:32 - [TEST_STEP][PASSED] - delay: Delayed 1 second(s)

2018-05-17 04:19:33 - [MESSAGE][PASSED] - Delayed 1 second(s)]]></system-out>
         <system-err><![CDATA[]]></system-err>
      </testcase>
      <testcase name="Test Cases/ChooseHFSShop/ChooseShopForShopClosed" classname="Test Cases/ChooseHFSShop/ChooseShopForShopClosed" status="PASSED">
         <system-out><![CDATA[2018-05-17 04:19:33 - [TEST_CASE][PASSED] - Test Cases/ChooseHFSShop/ChooseShopForShopClosed: Test Cases/ChooseHFSShop/ChooseShopForShopClosed

2018-05-17 04:19:33 - [TEST_STEP][PASSED] - verifyElementText: Actual text and expected text of test object 'Object Repository/ShopActionsScreenElements/Validate_ShopsListScreen' are matched.

2018-05-17 04:19:34 - [MESSAGE][PASSED] - Actual text and expected text of test object 'Object Repository/ShopActionsScreenElements/Validate_ShopsListScreen' are matched.

2018-05-17 04:19:34 - [TEST_STEP][PASSED] - delay: Delayed 1 second(s)

2018-05-17 04:19:35 - [MESSAGE][PASSED] - Delayed 1 second(s)

2018-05-17 04:19:35 - [TEST_STEP][PASSED] - customKeywordsCollection.CustomKeywords.selectHFSShop: customKeywordsCollection.CustomKeywords.selectHFSShop is PASSED

2018-05-17 04:19:41 - [MESSAGE][PASSED] - Delayed 1 second(s)

2018-05-17 04:19:41 - [MESSAGE][PASSED] - customKeywordsCollection.CustomKeywords.selectHFSShop is PASSED]]></system-out>
         <system-err><![CDATA[]]></system-err>
      </testcase>
      <testcase name="Test Cases/ChooseHFSShop/ShopClosed/VisitShopClosed" classname="Test Cases/ChooseHFSShop/ShopClosed/VisitShopClosed" status="PASSED">
         <system-out><![CDATA[2018-05-17 04:19:41 - [TEST_CASE][PASSED] - Test Cases/ChooseHFSShop/ShopClosed/VisitShopClosed: Test Cases/ChooseHFSShop/ShopClosed/VisitShopClosed

2018-05-17 04:19:41 - [TEST_STEP][PASSED] - verifyElementText: Actual text and expected text of test object 'Object Repository/ShopActionsScreenElements/Validate_ShopOptionsScreen' are matched.

2018-05-17 04:19:42 - [MESSAGE][PASSED] - Actual text and expected text of test object 'Object Repository/ShopActionsScreenElements/Validate_ShopOptionsScreen' are matched.

2018-05-17 04:19:42 - [TEST_STEP][PASSED] - delay: Delayed 1 second(s)

2018-05-17 04:19:43 - [MESSAGE][PASSED] - Delayed 1 second(s)

2018-05-17 04:19:43 - [TEST_STEP][PASSED] - tap: Tapped on element 'Object Repository/ShopActionsScreenElements/StartWorking'

2018-05-17 04:19:43 - [MESSAGE][WARNING] - Timeout '0' is invalid. Using default page load timeout: '30'

2018-05-17 04:19:44 - [MESSAGE][PASSED] - Tapped on element 'Object Repository/ShopActionsScreenElements/StartWorking'

2018-05-17 04:19:44 - [TEST_STEP][PASSED] - delay: Delayed 18 second(s)

2018-05-17 04:20:02 - [MESSAGE][PASSED] - Delayed 18 second(s)

2018-05-17 04:20:02 - [TEST_STEP][PASSED] - verifyElementExist: Element 'Object Repository/CommonScreenElements/Validate_MapScreen' is exist

2018-05-17 04:20:02 - [MESSAGE][WARNING] - Timeout '0' is invalid. Using default page load timeout: '30'

2018-05-17 04:20:02 - [MESSAGE][PASSED] - Element 'Object Repository/CommonScreenElements/Validate_MapScreen' is exist

2018-05-17 04:20:02 - [TEST_STEP][PASSED] - delay: Delayed 1 second(s)

2018-05-17 04:20:03 - [MESSAGE][PASSED] - Delayed 1 second(s)

2018-05-17 04:20:03 - [TEST_STEP][PASSED] - tap: Tapped on element 'Object Repository/CommonScreenElements/CheckInButton'

2018-05-17 04:20:03 - [MESSAGE][WARNING] - Timeout '0' is invalid. Using default page load timeout: '30'

2018-05-17 04:20:04 - [MESSAGE][PASSED] - Tapped on element 'Object Repository/CommonScreenElements/CheckInButton'

2018-05-17 04:20:04 - [TEST_STEP][PASSED] - delay: Delayed 1 second(s)

2018-05-17 04:20:05 - [MESSAGE][PASSED] - Delayed 1 second(s)

2018-05-17 04:20:05 - [TEST_STEP][PASSED] - verifyElementExist: Element 'Object Repository/CommonScreenElements/Validate_InfoPopUpDialog' is exist

2018-05-17 04:20:05 - [MESSAGE][WARNING] - Timeout '0' is invalid. Using default page load timeout: '30'

2018-05-17 04:20:05 - [MESSAGE][PASSED] - Element 'Object Repository/CommonScreenElements/Validate_InfoPopUpDialog' is exist

2018-05-17 04:20:05 - [TEST_STEP][PASSED] - delay: Delayed 1 second(s)

2018-05-17 04:20:06 - [MESSAGE][PASSED] - Delayed 1 second(s)

2018-05-17 04:20:06 - [TEST_STEP][PASSED] - tap: Tapped on element 'Object Repository/CommonScreenElements/InfoPopUp_YesButton'

2018-05-17 04:20:06 - [MESSAGE][WARNING] - Timeout '0' is invalid. Using default page load timeout: '30'

2018-05-17 04:20:07 - [MESSAGE][PASSED] - Tapped on element 'Object Repository/CommonScreenElements/InfoPopUp_YesButton'

2018-05-17 04:20:07 - [TEST_STEP][PASSED] - delay: Delayed 1 second(s)

2018-05-17 04:20:08 - [MESSAGE][PASSED] - Delayed 1 second(s)

2018-05-17 04:20:08 - [TEST_STEP][PASSED] - verifyElementExist: Element 'Object Repository/ShopActionsScreenElements/ShopClosed' is exist

2018-05-17 04:20:08 - [MESSAGE][WARNING] - Timeout '0' is invalid. Using default page load timeout: '30'

2018-05-17 04:20:08 - [MESSAGE][PASSED] - Element 'Object Repository/ShopActionsScreenElements/ShopClosed' is exist

2018-05-17 04:20:08 - [TEST_STEP][PASSED] - delay: Delayed 1 second(s)

2018-05-17 04:20:09 - [MESSAGE][PASSED] - Delayed 1 second(s)

2018-05-17 04:20:09 - [TEST_STEP][PASSED] - tap: Tapped on element 'Object Repository/ShopActionsScreenElements/ShopClosed'

2018-05-17 04:20:09 - [MESSAGE][WARNING] - Timeout '0' is invalid. Using default page load timeout: '30'

2018-05-17 04:20:11 - [MESSAGE][PASSED] - Tapped on element 'Object Repository/ShopActionsScreenElements/ShopClosed'

2018-05-17 04:20:11 - [TEST_STEP][PASSED] - delay: Delayed 1 second(s)

2018-05-17 04:20:12 - [MESSAGE][PASSED] - Delayed 1 second(s)

2018-05-17 04:20:12 - [TEST_STEP][PASSED] - verifyElementExist: Element 'Object Repository/CommonScreenElements/Validate_CameraScreen' is exist

2018-05-17 04:20:13 - [MESSAGE][WARNING] - Timeout '0' is invalid. Using default page load timeout: '30'

2018-05-17 04:20:13 - [MESSAGE][PASSED] - Element 'Object Repository/CommonScreenElements/Validate_CameraScreen' is exist

2018-05-17 04:20:13 - [TEST_STEP][PASSED] - delay: Delayed 1 second(s)

2018-05-17 04:20:14 - [MESSAGE][PASSED] - Delayed 1 second(s)

2018-05-17 04:20:14 - [TEST_STEP][PASSED] - tap: Tapped on element 'Object Repository/CommonScreenElements/TakePictureButton'

2018-05-17 04:20:14 - [MESSAGE][WARNING] - Timeout '0' is invalid. Using default page load timeout: '30'

2018-05-17 04:20:17 - [MESSAGE][PASSED] - Tapped on element 'Object Repository/CommonScreenElements/TakePictureButton'

2018-05-17 04:20:17 - [TEST_STEP][PASSED] - delay: Delayed 5 second(s)

2018-05-17 04:20:22 - [MESSAGE][PASSED] - Delayed 5 second(s)

2018-05-17 04:20:22 - [TEST_STEP][PASSED] - tap: Tapped on element 'Object Repository/CommonScreenElements/DoneButton'

2018-05-17 04:20:22 - [MESSAGE][WARNING] - Timeout '0' is invalid. Using default page load timeout: '30'

2018-05-17 04:20:23 - [MESSAGE][PASSED] - Tapped on element 'Object Repository/CommonScreenElements/DoneButton'

2018-05-17 04:20:23 - [TEST_STEP][PASSED] - delay: Delayed 1 second(s)

2018-05-17 04:20:24 - [MESSAGE][PASSED] - Delayed 1 second(s)]]></system-out>
         <system-err><![CDATA[]]></system-err>
      </testcase>
      <testcase name="Test Cases/ChooseHFSShop/ChooseShopForShopPermanentlyClosed" classname="Test Cases/ChooseHFSShop/ChooseShopForShopPermanentlyClosed" status="PASSED">
         <system-out><![CDATA[2018-05-17 04:20:24 - [TEST_CASE][PASSED] - Test Cases/ChooseHFSShop/ChooseShopForShopPermanentlyClosed: Test Cases/ChooseHFSShop/ChooseShopForShopPermanentlyClosed

2018-05-17 04:20:25 - [TEST_STEP][PASSED] - verifyElementText: Actual text and expected text of test object 'Object Repository/ShopActionsScreenElements/Validate_ShopsListScreen' are matched.

2018-05-17 04:20:25 - [MESSAGE][PASSED] - Actual text and expected text of test object 'Object Repository/ShopActionsScreenElements/Validate_ShopsListScreen' are matched.

2018-05-17 04:20:25 - [TEST_STEP][PASSED] - delay: Delayed 1 second(s)

2018-05-17 04:20:26 - [MESSAGE][PASSED] - Delayed 1 second(s)

2018-05-17 04:20:26 - [TEST_STEP][PASSED] - customKeywordsCollection.CustomKeywords.selectHFSShop: customKeywordsCollection.CustomKeywords.selectHFSShop is PASSED

2018-05-17 04:20:33 - [MESSAGE][PASSED] - Delayed 1 second(s)

2018-05-17 04:20:33 - [MESSAGE][PASSED] - customKeywordsCollection.CustomKeywords.selectHFSShop is PASSED]]></system-out>
         <system-err><![CDATA[]]></system-err>
      </testcase>
      <testcase name="Test Cases/ChooseHFSShop/ShopPermanentlyClosed/VisitShopPermanentlyClosed" classname="Test Cases/ChooseHFSShop/ShopPermanentlyClosed/VisitShopPermanentlyClosed" status="PASSED">
         <system-out><![CDATA[2018-05-17 04:20:33 - [TEST_CASE][PASSED] - Test Cases/ChooseHFSShop/ShopPermanentlyClosed/VisitShopPermanentlyClosed: Test Cases/ChooseHFSShop/ShopPermanentlyClosed/VisitShopPermanentlyClosed

2018-05-17 04:20:33 - [TEST_STEP][PASSED] - verifyElementText: Actual text and expected text of test object 'Object Repository/ShopActionsScreenElements/Validate_ShopOptionsScreen' are matched.

2018-05-17 04:20:34 - [MESSAGE][PASSED] - Actual text and expected text of test object 'Object Repository/ShopActionsScreenElements/Validate_ShopOptionsScreen' are matched.

2018-05-17 04:20:34 - [TEST_STEP][PASSED] - delay: Delayed 1 second(s)

2018-05-17 04:20:35 - [MESSAGE][PASSED] - Delayed 1 second(s)

2018-05-17 04:20:35 - [TEST_STEP][PASSED] - tap: Tapped on element 'Object Repository/ShopActionsScreenElements/StartWorking'

2018-05-17 04:20:35 - [MESSAGE][WARNING] - Timeout '0' is invalid. Using default page load timeout: '30'

2018-05-17 04:20:36 - [MESSAGE][PASSED] - Tapped on element 'Object Repository/ShopActionsScreenElements/StartWorking'

2018-05-17 04:20:36 - [TEST_STEP][PASSED] - delay: Delayed 1 second(s)

2018-05-17 04:20:37 - [MESSAGE][PASSED] - Delayed 1 second(s)

2018-05-17 04:20:37 - [TEST_STEP][PASSED] - verifyElementExist: Element 'Object Repository/CommonScreenElements/Validate_InfoPopUpDialog' is exist

2018-05-17 04:20:37 - [MESSAGE][WARNING] - Timeout '0' is invalid. Using default page load timeout: '30'

2018-05-17 04:20:37 - [MESSAGE][PASSED] - Element 'Object Repository/CommonScreenElements/Validate_InfoPopUpDialog' is exist

2018-05-17 04:20:37 - [TEST_STEP][PASSED] - delay: Delayed 1 second(s)

2018-05-17 04:20:38 - [MESSAGE][PASSED] - Delayed 1 second(s)

2018-05-17 04:20:38 - [TEST_STEP][PASSED] - tap: Tapped on element 'Object Repository/CommonScreenElements/InfoPopUp_YesButton'

2018-05-17 04:20:38 - [MESSAGE][WARNING] - Timeout '0' is invalid. Using default page load timeout: '30'

2018-05-17 04:20:39 - [MESSAGE][PASSED] - Tapped on element 'Object Repository/CommonScreenElements/InfoPopUp_YesButton'

2018-05-17 04:20:39 - [TEST_STEP][PASSED] - delay: Delayed 18 second(s)

2018-05-17 04:20:57 - [MESSAGE][PASSED] - Delayed 18 second(s)

2018-05-17 04:20:57 - [TEST_STEP][PASSED] - verifyElementExist: Element 'Object Repository/CommonScreenElements/Validate_MapScreen' is exist

2018-05-17 04:20:57 - [MESSAGE][WARNING] - Timeout '0' is invalid. Using default page load timeout: '30'

2018-05-17 04:20:57 - [MESSAGE][PASSED] - Element 'Object Repository/CommonScreenElements/Validate_MapScreen' is exist

2018-05-17 04:20:57 - [TEST_STEP][PASSED] - delay: Delayed 1 second(s)

2018-05-17 04:20:58 - [MESSAGE][PASSED] - Delayed 1 second(s)

2018-05-17 04:20:58 - [TEST_STEP][PASSED] - tap: Tapped on element 'Object Repository/CommonScreenElements/CheckInButton'

2018-05-17 04:20:58 - [MESSAGE][WARNING] - Timeout '0' is invalid. Using default page load timeout: '30'

2018-05-17 04:20:59 - [MESSAGE][PASSED] - Tapped on element 'Object Repository/CommonScreenElements/CheckInButton'

2018-05-17 04:20:59 - [TEST_STEP][PASSED] - delay: Delayed 1 second(s)

2018-05-17 04:21:00 - [MESSAGE][PASSED] - Delayed 1 second(s)

2018-05-17 04:21:00 - [TEST_STEP][PASSED] - verifyElementExist: Element 'Object Repository/CommonScreenElements/Validate_InfoPopUpDialog' is exist

2018-05-17 04:21:00 - [MESSAGE][WARNING] - Timeout '0' is invalid. Using default page load timeout: '30'

2018-05-17 04:21:00 - [MESSAGE][PASSED] - Element 'Object Repository/CommonScreenElements/Validate_InfoPopUpDialog' is exist

2018-05-17 04:21:00 - [TEST_STEP][PASSED] - delay: Delayed 1 second(s)

2018-05-17 04:21:01 - [MESSAGE][PASSED] - Delayed 1 second(s)

2018-05-17 04:21:01 - [TEST_STEP][PASSED] - tap: Tapped on element 'Object Repository/CommonScreenElements/InfoPopUp_YesButton'

2018-05-17 04:21:01 - [MESSAGE][WARNING] - Timeout '0' is invalid. Using default page load timeout: '30'

2018-05-17 04:21:02 - [MESSAGE][PASSED] - Tapped on element 'Object Repository/CommonScreenElements/InfoPopUp_YesButton'

2018-05-17 04:21:02 - [TEST_STEP][PASSED] - delay: Delayed 1 second(s)

2018-05-17 04:21:03 - [MESSAGE][PASSED] - Delayed 1 second(s)

2018-05-17 04:21:03 - [TEST_STEP][PASSED] - verifyElementExist: Element 'Object Repository/ShopActionsScreenElements/ShopPermanentlyClosed' is exist

2018-05-17 04:21:03 - [MESSAGE][WARNING] - Timeout '0' is invalid. Using default page load timeout: '30'

2018-05-17 04:21:03 - [MESSAGE][PASSED] - Element 'Object Repository/ShopActionsScreenElements/ShopPermanentlyClosed' is exist

2018-05-17 04:21:03 - [TEST_STEP][PASSED] - delay: Delayed 1 second(s)

2018-05-17 04:21:04 - [MESSAGE][PASSED] - Delayed 1 second(s)

2018-05-17 04:21:04 - [TEST_STEP][PASSED] - tap: Tapped on element 'Object Repository/ShopActionsScreenElements/ShopPermanentlyClosed'

2018-05-17 04:21:04 - [MESSAGE][WARNING] - Timeout '0' is invalid. Using default page load timeout: '30'

2018-05-17 04:21:07 - [MESSAGE][PASSED] - Tapped on element 'Object Repository/ShopActionsScreenElements/ShopPermanentlyClosed'

2018-05-17 04:21:07 - [TEST_STEP][PASSED] - delay: Delayed 1 second(s)

2018-05-17 04:21:08 - [MESSAGE][PASSED] - Delayed 1 second(s)

2018-05-17 04:21:08 - [TEST_STEP][PASSED] - verifyElementExist: Element 'Object Repository/CommonScreenElements/Validate_CameraScreen' is exist

2018-05-17 04:21:08 - [MESSAGE][WARNING] - Timeout '0' is invalid. Using default page load timeout: '30'

2018-05-17 04:21:08 - [MESSAGE][PASSED] - Element 'Object Repository/CommonScreenElements/Validate_CameraScreen' is exist

2018-05-17 04:21:08 - [TEST_STEP][PASSED] - delay: Delayed 1 second(s)

2018-05-17 04:21:09 - [MESSAGE][PASSED] - Delayed 1 second(s)

2018-05-17 04:21:09 - [TEST_STEP][PASSED] - tap: Tapped on element 'Object Repository/CommonScreenElements/TakePictureButton'

2018-05-17 04:21:09 - [MESSAGE][WARNING] - Timeout '0' is invalid. Using default page load timeout: '30'

2018-05-17 04:21:12 - [MESSAGE][PASSED] - Tapped on element 'Object Repository/CommonScreenElements/TakePictureButton'

2018-05-17 04:21:12 - [TEST_STEP][PASSED] - delay: Delayed 5 second(s)

2018-05-17 04:21:17 - [MESSAGE][PASSED] - Delayed 5 second(s)

2018-05-17 04:21:17 - [TEST_STEP][PASSED] - tap: Tapped on element 'Object Repository/CommonScreenElements/DoneButton'

2018-05-17 04:21:17 - [MESSAGE][WARNING] - Timeout '0' is invalid. Using default page load timeout: '30'

2018-05-17 04:21:18 - [MESSAGE][PASSED] - Tapped on element 'Object Repository/CommonScreenElements/DoneButton'

2018-05-17 04:21:18 - [TEST_STEP][PASSED] - delay: Delayed 1 second(s)

2018-05-17 04:21:19 - [MESSAGE][PASSED] - Delayed 1 second(s)]]></system-out>
         <system-err><![CDATA[]]></system-err>
      </testcase>
      <testcase name="Test Cases/ChooseHFSShop/ChooseShopForShopNotFound" classname="Test Cases/ChooseHFSShop/ChooseShopForShopNotFound" status="PASSED">
         <system-out><![CDATA[2018-05-17 04:21:19 - [TEST_CASE][PASSED] - Test Cases/ChooseHFSShop/ChooseShopForShopNotFound: Test Cases/ChooseHFSShop/ChooseShopForShopNotFound

2018-05-17 04:21:20 - [TEST_STEP][PASSED] - verifyElementText: Actual text and expected text of test object 'Object Repository/ShopActionsScreenElements/Validate_ShopsListScreen' are matched.

2018-05-17 04:21:20 - [MESSAGE][PASSED] - Actual text and expected text of test object 'Object Repository/ShopActionsScreenElements/Validate_ShopsListScreen' are matched.

2018-05-17 04:21:20 - [TEST_STEP][PASSED] - delay: Delayed 1 second(s)

2018-05-17 04:21:21 - [MESSAGE][PASSED] - Delayed 1 second(s)

2018-05-17 04:21:21 - [TEST_STEP][PASSED] - customKeywordsCollection.CustomKeywords.selectHFSShop: customKeywordsCollection.CustomKeywords.selectHFSShop is PASSED

2018-05-17 04:21:28 - [MESSAGE][PASSED] - Delayed 1 second(s)

2018-05-17 04:21:28 - [MESSAGE][PASSED] - customKeywordsCollection.CustomKeywords.selectHFSShop is PASSED]]></system-out>
         <system-err><![CDATA[]]></system-err>
      </testcase>
      <testcase name="Test Cases/ChooseHFSShop/ShopNotFound/VisitShopNotFound" classname="Test Cases/ChooseHFSShop/ShopNotFound/VisitShopNotFound" status="PASSED">
         <system-out><![CDATA[2018-05-17 04:21:28 - [TEST_CASE][PASSED] - Test Cases/ChooseHFSShop/ShopNotFound/VisitShopNotFound: Test Cases/ChooseHFSShop/ShopNotFound/VisitShopNotFound

2018-05-17 04:21:28 - [TEST_STEP][PASSED] - verifyElementText: Actual text and expected text of test object 'Object Repository/ShopActionsScreenElements/Validate_ShopOptionsScreen' are matched.

2018-05-17 04:21:28 - [MESSAGE][PASSED] - Actual text and expected text of test object 'Object Repository/ShopActionsScreenElements/Validate_ShopOptionsScreen' are matched.

2018-05-17 04:21:28 - [TEST_STEP][PASSED] - delay: Delayed 1 second(s)

2018-05-17 04:21:29 - [MESSAGE][PASSED] - Delayed 1 second(s)

2018-05-17 04:21:29 - [TEST_STEP][PASSED] - tap: Tapped on element 'Object Repository/ShopActionsScreenElements/StartWorking'

2018-05-17 04:21:29 - [MESSAGE][WARNING] - Timeout '0' is invalid. Using default page load timeout: '30'

2018-05-17 04:21:30 - [MESSAGE][PASSED] - Tapped on element 'Object Repository/ShopActionsScreenElements/StartWorking'

2018-05-17 04:21:30 - [TEST_STEP][PASSED] - delay: Delayed 1 second(s)

2018-05-17 04:21:31 - [MESSAGE][PASSED] - Delayed 1 second(s)

2018-05-17 04:21:31 - [TEST_STEP][PASSED] - verifyElementExist: Element 'Object Repository/CommonScreenElements/Validate_InfoPopUpDialog' is exist

2018-05-17 04:21:31 - [MESSAGE][WARNING] - Timeout '0' is invalid. Using default page load timeout: '30'

2018-05-17 04:21:31 - [MESSAGE][PASSED] - Element 'Object Repository/CommonScreenElements/Validate_InfoPopUpDialog' is exist

2018-05-17 04:21:31 - [TEST_STEP][PASSED] - delay: Delayed 1 second(s)

2018-05-17 04:21:32 - [MESSAGE][PASSED] - Delayed 1 second(s)

2018-05-17 04:21:32 - [TEST_STEP][PASSED] - tap: Tapped on element 'Object Repository/CommonScreenElements/InfoPopUp_YesButton'

2018-05-17 04:21:32 - [MESSAGE][WARNING] - Timeout '0' is invalid. Using default page load timeout: '30'

2018-05-17 04:21:33 - [MESSAGE][PASSED] - Tapped on element 'Object Repository/CommonScreenElements/InfoPopUp_YesButton'

2018-05-17 04:21:33 - [TEST_STEP][PASSED] - delay: Delayed 18 second(s)

2018-05-17 04:21:51 - [MESSAGE][PASSED] - Delayed 18 second(s)

2018-05-17 04:21:51 - [TEST_STEP][PASSED] - verifyElementExist: Element 'Object Repository/CommonScreenElements/Validate_MapScreen' is exist

2018-05-17 04:21:51 - [MESSAGE][WARNING] - Timeout '0' is invalid. Using default page load timeout: '30'

2018-05-17 04:21:51 - [MESSAGE][PASSED] - Element 'Object Repository/CommonScreenElements/Validate_MapScreen' is exist

2018-05-17 04:21:51 - [TEST_STEP][PASSED] - delay: Delayed 1 second(s)

2018-05-17 04:21:52 - [MESSAGE][PASSED] - Delayed 1 second(s)

2018-05-17 04:21:52 - [TEST_STEP][PASSED] - tap: Tapped on element 'Object Repository/CommonScreenElements/CheckInButton'

2018-05-17 04:21:52 - [MESSAGE][WARNING] - Timeout '0' is invalid. Using default page load timeout: '30'

2018-05-17 04:21:53 - [MESSAGE][PASSED] - Tapped on element 'Object Repository/CommonScreenElements/CheckInButton'

2018-05-17 04:21:53 - [TEST_STEP][PASSED] - delay: Delayed 1 second(s)

2018-05-17 04:21:54 - [MESSAGE][PASSED] - Delayed 1 second(s)

2018-05-17 04:21:54 - [TEST_STEP][PASSED] - verifyElementExist: Element 'Object Repository/CommonScreenElements/Validate_InfoPopUpDialog' is exist

2018-05-17 04:21:54 - [MESSAGE][WARNING] - Timeout '0' is invalid. Using default page load timeout: '30'

2018-05-17 04:21:54 - [MESSAGE][PASSED] - Element 'Object Repository/CommonScreenElements/Validate_InfoPopUpDialog' is exist

2018-05-17 04:21:54 - [TEST_STEP][PASSED] - delay: Delayed 1 second(s)

2018-05-17 04:21:55 - [MESSAGE][PASSED] - Delayed 1 second(s)

2018-05-17 04:21:55 - [TEST_STEP][PASSED] - tap: Tapped on element 'Object Repository/CommonScreenElements/InfoPopUp_YesButton'

2018-05-17 04:21:55 - [MESSAGE][WARNING] - Timeout '0' is invalid. Using default page load timeout: '30'

2018-05-17 04:21:56 - [MESSAGE][PASSED] - Tapped on element 'Object Repository/CommonScreenElements/InfoPopUp_YesButton'

2018-05-17 04:21:56 - [TEST_STEP][PASSED] - delay: Delayed 1 second(s)

2018-05-17 04:21:57 - [MESSAGE][PASSED] - Delayed 1 second(s)

2018-05-17 04:21:57 - [TEST_STEP][PASSED] - verifyElementExist: Element 'Object Repository/ShopActionsScreenElements/ShopNotFound' is exist

2018-05-17 04:21:57 - [MESSAGE][WARNING] - Timeout '0' is invalid. Using default page load timeout: '30'

2018-05-17 04:21:57 - [MESSAGE][PASSED] - Element 'Object Repository/ShopActionsScreenElements/ShopNotFound' is exist

2018-05-17 04:21:57 - [TEST_STEP][PASSED] - delay: Delayed 1 second(s)

2018-05-17 04:21:58 - [MESSAGE][PASSED] - Delayed 1 second(s)

2018-05-17 04:21:58 - [TEST_STEP][PASSED] - tap: Tapped on element 'Object Repository/ShopActionsScreenElements/ShopNotFound'

2018-05-17 04:21:58 - [MESSAGE][WARNING] - Timeout '0' is invalid. Using default page load timeout: '30'

2018-05-17 04:21:59 - [MESSAGE][PASSED] - Tapped on element 'Object Repository/ShopActionsScreenElements/ShopNotFound'

2018-05-17 04:21:59 - [TEST_STEP][PASSED] - delay: Delayed 1 second(s)

2018-05-17 04:22:00 - [MESSAGE][PASSED] - Delayed 1 second(s)

2018-05-17 04:22:00 - [TEST_STEP][PASSED] - verifyElementExist: Element 'Object Repository/CommonScreenElements/Validate_InfoPopUpDialog' is exist

2018-05-17 04:22:00 - [MESSAGE][WARNING] - Timeout '0' is invalid. Using default page load timeout: '30'

2018-05-17 04:22:00 - [MESSAGE][PASSED] - Element 'Object Repository/CommonScreenElements/Validate_InfoPopUpDialog' is exist

2018-05-17 04:22:00 - [TEST_STEP][PASSED] - delay: Delayed 1 second(s)

2018-05-17 04:22:01 - [MESSAGE][PASSED] - Delayed 1 second(s)

2018-05-17 04:22:01 - [TEST_STEP][PASSED] - tap: Tapped on element 'Object Repository/CommonScreenElements/InfoPopUp_YesButton'

2018-05-17 04:22:01 - [MESSAGE][WARNING] - Timeout '0' is invalid. Using default page load timeout: '30'

2018-05-17 04:22:02 - [MESSAGE][PASSED] - Tapped on element 'Object Repository/CommonScreenElements/InfoPopUp_YesButton'

2018-05-17 04:22:02 - [TEST_STEP][PASSED] - delay: Delayed 1 second(s)

2018-05-17 04:22:03 - [MESSAGE][PASSED] - Delayed 1 second(s)]]></system-out>
         <system-err><![CDATA[]]></system-err>
      </testcase>
      <testcase name="Test Cases/ChooseHFSShop/ChooseShopForShopToBeRemoved" classname="Test Cases/ChooseHFSShop/ChooseShopForShopToBeRemoved" status="PASSED">
         <system-out><![CDATA[2018-05-17 04:22:03 - [TEST_CASE][PASSED] - Test Cases/ChooseHFSShop/ChooseShopForShopToBeRemoved: Test Cases/ChooseHFSShop/ChooseShopForShopToBeRemoved

2018-05-17 04:22:04 - [TEST_STEP][PASSED] - verifyElementText: Actual text and expected text of test object 'Object Repository/ShopActionsScreenElements/Validate_ShopsListScreen' are matched.

2018-05-17 04:22:04 - [MESSAGE][PASSED] - Actual text and expected text of test object 'Object Repository/ShopActionsScreenElements/Validate_ShopsListScreen' are matched.

2018-05-17 04:22:04 - [TEST_STEP][PASSED] - delay: Delayed 1 second(s)

2018-05-17 04:22:05 - [MESSAGE][PASSED] - Delayed 1 second(s)

2018-05-17 04:22:05 - [TEST_STEP][PASSED] - customKeywordsCollection.CustomKeywords.selectHFSShop: customKeywordsCollection.CustomKeywords.selectHFSShop is PASSED

2018-05-17 04:22:12 - [MESSAGE][PASSED] - Delayed 1 second(s)

2018-05-17 04:22:12 - [MESSAGE][PASSED] - customKeywordsCollection.CustomKeywords.selectHFSShop is PASSED]]></system-out>
         <system-err><![CDATA[]]></system-err>
      </testcase>
      <testcase name="Test Cases/ChooseHFSShop/ShopToBeRemoved/VisitShopToBeRemoved" classname="Test Cases/ChooseHFSShop/ShopToBeRemoved/VisitShopToBeRemoved" status="PASSED">
         <system-out><![CDATA[2018-05-17 04:22:13 - [TEST_CASE][PASSED] - Test Cases/ChooseHFSShop/ShopToBeRemoved/VisitShopToBeRemoved: Test Cases/ChooseHFSShop/ShopToBeRemoved/VisitShopToBeRemoved

2018-05-17 04:22:14 - [TEST_STEP][PASSED] - verifyElementText: Actual text and expected text of test object 'Object Repository/ShopActionsScreenElements/Validate_ShopOptionsScreen' are matched.

2018-05-17 04:22:14 - [MESSAGE][PASSED] - Actual text and expected text of test object 'Object Repository/ShopActionsScreenElements/Validate_ShopOptionsScreen' are matched.

2018-05-17 04:22:14 - [TEST_STEP][PASSED] - delay: Delayed 1 second(s)

2018-05-17 04:22:15 - [MESSAGE][PASSED] - Delayed 1 second(s)

2018-05-17 04:22:15 - [TEST_STEP][PASSED] - tap: Tapped on element 'Object Repository/ShopActionsScreenElements/StartWorking'

2018-05-17 04:22:15 - [MESSAGE][WARNING] - Timeout '0' is invalid. Using default page load timeout: '30'

2018-05-17 04:22:16 - [MESSAGE][PASSED] - Tapped on element 'Object Repository/ShopActionsScreenElements/StartWorking'

2018-05-17 04:22:16 - [TEST_STEP][PASSED] - delay: Delayed 1 second(s)

2018-05-17 04:22:17 - [MESSAGE][PASSED] - Delayed 1 second(s)

2018-05-17 04:22:17 - [TEST_STEP][PASSED] - verifyElementExist: Element 'Object Repository/CommonScreenElements/Validate_InfoPopUpDialog' is exist

2018-05-17 04:22:17 - [MESSAGE][WARNING] - Timeout '0' is invalid. Using default page load timeout: '30'

2018-05-17 04:22:17 - [MESSAGE][PASSED] - Element 'Object Repository/CommonScreenElements/Validate_InfoPopUpDialog' is exist

2018-05-17 04:22:17 - [TEST_STEP][PASSED] - delay: Delayed 1 second(s)

2018-05-17 04:22:18 - [MESSAGE][PASSED] - Delayed 1 second(s)

2018-05-17 04:22:18 - [TEST_STEP][PASSED] - tap: Tapped on element 'Object Repository/CommonScreenElements/InfoPopUp_YesButton'

2018-05-17 04:22:18 - [MESSAGE][WARNING] - Timeout '0' is invalid. Using default page load timeout: '30'

2018-05-17 04:22:19 - [MESSAGE][PASSED] - Tapped on element 'Object Repository/CommonScreenElements/InfoPopUp_YesButton'

2018-05-17 04:22:19 - [TEST_STEP][PASSED] - delay: Delayed 18 second(s)

2018-05-17 04:22:37 - [MESSAGE][PASSED] - Delayed 18 second(s)

2018-05-17 04:22:37 - [TEST_STEP][PASSED] - verifyElementExist: Element 'Object Repository/CommonScreenElements/Validate_MapScreen' is exist

2018-05-17 04:22:37 - [MESSAGE][WARNING] - Timeout '0' is invalid. Using default page load timeout: '30'

2018-05-17 04:22:38 - [MESSAGE][PASSED] - Element 'Object Repository/CommonScreenElements/Validate_MapScreen' is exist

2018-05-17 04:22:38 - [TEST_STEP][PASSED] - delay: Delayed 1 second(s)

2018-05-17 04:22:39 - [MESSAGE][PASSED] - Delayed 1 second(s)

2018-05-17 04:22:39 - [TEST_STEP][PASSED] - tap: Tapped on element 'Object Repository/CommonScreenElements/CheckInButton'

2018-05-17 04:22:39 - [MESSAGE][WARNING] - Timeout '0' is invalid. Using default page load timeout: '30'

2018-05-17 04:22:39 - [MESSAGE][PASSED] - Tapped on element 'Object Repository/CommonScreenElements/CheckInButton'

2018-05-17 04:22:39 - [TEST_STEP][PASSED] - delay: Delayed 1 second(s)

2018-05-17 04:22:40 - [MESSAGE][PASSED] - Delayed 1 second(s)

2018-05-17 04:22:40 - [TEST_STEP][PASSED] - verifyElementExist: Element 'Object Repository/CommonScreenElements/Validate_InfoPopUpDialog' is exist

2018-05-17 04:22:40 - [MESSAGE][WARNING] - Timeout '0' is invalid. Using default page load timeout: '30'

2018-05-17 04:22:41 - [MESSAGE][PASSED] - Element 'Object Repository/CommonScreenElements/Validate_InfoPopUpDialog' is exist

2018-05-17 04:22:41 - [TEST_STEP][PASSED] - delay: Delayed 1 second(s)

2018-05-17 04:22:42 - [MESSAGE][PASSED] - Delayed 1 second(s)

2018-05-17 04:22:42 - [TEST_STEP][PASSED] - tap: Tapped on element 'Object Repository/CommonScreenElements/InfoPopUp_YesButton'

2018-05-17 04:22:42 - [MESSAGE][WARNING] - Timeout '0' is invalid. Using default page load timeout: '30'

2018-05-17 04:22:43 - [MESSAGE][PASSED] - Tapped on element 'Object Repository/CommonScreenElements/InfoPopUp_YesButton'

2018-05-17 04:22:43 - [TEST_STEP][PASSED] - delay: Delayed 1 second(s)

2018-05-17 04:22:44 - [MESSAGE][PASSED] - Delayed 1 second(s)

2018-05-17 04:22:44 - [TEST_STEP][PASSED] - verifyElementExist: Element 'Object Repository/ShopActionsScreenElements/ShopToBeRemoved' is exist

2018-05-17 04:22:44 - [MESSAGE][WARNING] - Timeout '0' is invalid. Using default page load timeout: '30'

2018-05-17 04:22:44 - [MESSAGE][PASSED] - Element 'Object Repository/ShopActionsScreenElements/ShopToBeRemoved' is exist

2018-05-17 04:22:44 - [TEST_STEP][PASSED] - delay: Delayed 1 second(s)

2018-05-17 04:22:45 - [MESSAGE][PASSED] - Delayed 1 second(s)

2018-05-17 04:22:45 - [TEST_STEP][PASSED] - tap: Tapped on element 'Object Repository/ShopActionsScreenElements/ShopToBeRemoved'

2018-05-17 04:22:45 - [MESSAGE][WARNING] - Timeout '0' is invalid. Using default page load timeout: '30'

2018-05-17 04:22:46 - [MESSAGE][PASSED] - Tapped on element 'Object Repository/ShopActionsScreenElements/ShopToBeRemoved'

2018-05-17 04:22:46 - [TEST_STEP][PASSED] - delay: Delayed 1 second(s)

2018-05-17 04:22:47 - [MESSAGE][PASSED] - Delayed 1 second(s)

2018-05-17 04:22:47 - [TEST_STEP][PASSED] - verifyElementExist: Element 'Object Repository/CommonScreenElements/Validate_InfoPopUpDialog' is exist

2018-05-17 04:22:47 - [MESSAGE][WARNING] - Timeout '0' is invalid. Using default page load timeout: '30'

2018-05-17 04:22:47 - [MESSAGE][PASSED] - Element 'Object Repository/CommonScreenElements/Validate_InfoPopUpDialog' is exist

2018-05-17 04:22:47 - [TEST_STEP][PASSED] - delay: Delayed 1 second(s)

2018-05-17 04:22:48 - [MESSAGE][PASSED] - Delayed 1 second(s)

2018-05-17 04:22:48 - [TEST_STEP][PASSED] - tap: Tapped on element 'Object Repository/CommonScreenElements/InfoPopUp_YesButton'

2018-05-17 04:22:48 - [MESSAGE][WARNING] - Timeout '0' is invalid. Using default page load timeout: '30'

2018-05-17 04:22:49 - [MESSAGE][PASSED] - Tapped on element 'Object Repository/CommonScreenElements/InfoPopUp_YesButton'

2018-05-17 04:22:49 - [TEST_STEP][PASSED] - delay: Delayed 1 second(s)

2018-05-17 04:22:50 - [MESSAGE][PASSED] - Delayed 1 second(s)]]></system-out>
         <system-err><![CDATA[]]></system-err>
      </testcase>
      <testcase name="Test Cases/ChooseHFSShop/ChooseShopForAreaClosed" classname="Test Cases/ChooseHFSShop/ChooseShopForAreaClosed" status="PASSED">
         <system-out><![CDATA[2018-05-17 04:22:50 - [TEST_CASE][PASSED] - Test Cases/ChooseHFSShop/ChooseShopForAreaClosed: Test Cases/ChooseHFSShop/ChooseShopForAreaClosed

2018-05-17 04:22:50 - [TEST_STEP][PASSED] - verifyElementText: Actual text and expected text of test object 'Object Repository/ShopActionsScreenElements/Validate_ShopsListScreen' are matched.

2018-05-17 04:22:50 - [MESSAGE][PASSED] - Actual text and expected text of test object 'Object Repository/ShopActionsScreenElements/Validate_ShopsListScreen' are matched.

2018-05-17 04:22:50 - [TEST_STEP][PASSED] - delay: Delayed 1 second(s)

2018-05-17 04:22:51 - [MESSAGE][PASSED] - Delayed 1 second(s)

2018-05-17 04:22:51 - [TEST_STEP][PASSED] - customKeywordsCollection.CustomKeywords.selectHFSShop: customKeywordsCollection.CustomKeywords.selectHFSShop is PASSED

2018-05-17 04:22:57 - [MESSAGE][PASSED] - Delayed 1 second(s)

2018-05-17 04:22:57 - [MESSAGE][PASSED] - customKeywordsCollection.CustomKeywords.selectHFSShop is PASSED]]></system-out>
         <system-err><![CDATA[]]></system-err>
      </testcase>
      <testcase name="Test Cases/ChooseHFSShop/AreaClosed/VisitAreaClosed" classname="Test Cases/ChooseHFSShop/AreaClosed/VisitAreaClosed" status="PASSED">
         <system-out><![CDATA[2018-05-17 04:22:57 - [TEST_CASE][PASSED] - Test Cases/ChooseHFSShop/AreaClosed/VisitAreaClosed: Test Cases/ChooseHFSShop/AreaClosed/VisitAreaClosed

2018-05-17 04:22:58 - [TEST_STEP][PASSED] - verifyElementText: Actual text and expected text of test object 'Object Repository/ShopActionsScreenElements/Validate_ShopOptionsScreen' are matched.

2018-05-17 04:22:58 - [MESSAGE][PASSED] - Actual text and expected text of test object 'Object Repository/ShopActionsScreenElements/Validate_ShopOptionsScreen' are matched.

2018-05-17 04:22:58 - [TEST_STEP][PASSED] - delay: Delayed 1 second(s)

2018-05-17 04:22:59 - [MESSAGE][PASSED] - Delayed 1 second(s)

2018-05-17 04:22:59 - [TEST_STEP][PASSED] - tap: Tapped on element 'Object Repository/ShopActionsScreenElements/StartWorking'

2018-05-17 04:22:59 - [MESSAGE][WARNING] - Timeout '0' is invalid. Using default page load timeout: '30'

2018-05-17 04:23:00 - [MESSAGE][PASSED] - Tapped on element 'Object Repository/ShopActionsScreenElements/StartWorking'

2018-05-17 04:23:00 - [TEST_STEP][PASSED] - delay: Delayed 1 second(s)

2018-05-17 04:23:01 - [MESSAGE][PASSED] - Delayed 1 second(s)

2018-05-17 04:23:01 - [TEST_STEP][PASSED] - verifyElementExist: Element 'Object Repository/CommonScreenElements/Validate_InfoPopUpDialog' is exist

2018-05-17 04:23:01 - [MESSAGE][WARNING] - Timeout '0' is invalid. Using default page load timeout: '30'

2018-05-17 04:23:01 - [MESSAGE][PASSED] - Element 'Object Repository/CommonScreenElements/Validate_InfoPopUpDialog' is exist

2018-05-17 04:23:01 - [TEST_STEP][PASSED] - delay: Delayed 1 second(s)

2018-05-17 04:23:02 - [MESSAGE][PASSED] - Delayed 1 second(s)

2018-05-17 04:23:02 - [TEST_STEP][PASSED] - tap: Tapped on element 'Object Repository/CommonScreenElements/InfoPopUp_YesButton'

2018-05-17 04:23:02 - [MESSAGE][WARNING] - Timeout '0' is invalid. Using default page load timeout: '30'

2018-05-17 04:23:03 - [MESSAGE][PASSED] - Tapped on element 'Object Repository/CommonScreenElements/InfoPopUp_YesButton'

2018-05-17 04:23:03 - [TEST_STEP][PASSED] - delay: Delayed 18 second(s)

2018-05-17 04:23:21 - [MESSAGE][PASSED] - Delayed 18 second(s)

2018-05-17 04:23:21 - [TEST_STEP][PASSED] - verifyElementExist: Element 'Object Repository/CommonScreenElements/Validate_MapScreen' is exist

2018-05-17 04:23:21 - [MESSAGE][WARNING] - Timeout '0' is invalid. Using default page load timeout: '30'

2018-05-17 04:23:22 - [MESSAGE][PASSED] - Element 'Object Repository/CommonScreenElements/Validate_MapScreen' is exist

2018-05-17 04:23:22 - [TEST_STEP][PASSED] - delay: Delayed 1 second(s)

2018-05-17 04:23:23 - [MESSAGE][PASSED] - Delayed 1 second(s)

2018-05-17 04:23:23 - [TEST_STEP][PASSED] - tap: Tapped on element 'Object Repository/CommonScreenElements/CheckInButton'

2018-05-17 04:23:23 - [MESSAGE][WARNING] - Timeout '0' is invalid. Using default page load timeout: '30'

2018-05-17 04:23:23 - [MESSAGE][PASSED] - Tapped on element 'Object Repository/CommonScreenElements/CheckInButton'

2018-05-17 04:23:23 - [TEST_STEP][PASSED] - delay: Delayed 1 second(s)

2018-05-17 04:23:24 - [MESSAGE][PASSED] - Delayed 1 second(s)

2018-05-17 04:23:24 - [TEST_STEP][PASSED] - verifyElementExist: Element 'Object Repository/CommonScreenElements/Validate_InfoPopUpDialog' is exist

2018-05-17 04:23:24 - [MESSAGE][WARNING] - Timeout '0' is invalid. Using default page load timeout: '30'

2018-05-17 04:23:24 - [MESSAGE][PASSED] - Element 'Object Repository/CommonScreenElements/Validate_InfoPopUpDialog' is exist

2018-05-17 04:23:24 - [TEST_STEP][PASSED] - delay: Delayed 1 second(s)

2018-05-17 04:23:25 - [MESSAGE][PASSED] - Delayed 1 second(s)

2018-05-17 04:23:25 - [TEST_STEP][PASSED] - tap: Tapped on element 'Object Repository/CommonScreenElements/InfoPopUp_YesButton'

2018-05-17 04:23:25 - [MESSAGE][WARNING] - Timeout '0' is invalid. Using default page load timeout: '30'

2018-05-17 04:23:26 - [MESSAGE][PASSED] - Tapped on element 'Object Repository/CommonScreenElements/InfoPopUp_YesButton'

2018-05-17 04:23:26 - [TEST_STEP][PASSED] - delay: Delayed 1 second(s)

2018-05-17 04:23:27 - [MESSAGE][PASSED] - Delayed 1 second(s)

2018-05-17 04:23:27 - [TEST_STEP][PASSED] - verifyElementExist: Element 'Object Repository/ShopActionsScreenElements/AreaClosed' is exist

2018-05-17 04:23:27 - [MESSAGE][WARNING] - Timeout '0' is invalid. Using default page load timeout: '30'

2018-05-17 04:23:27 - [MESSAGE][PASSED] - Element 'Object Repository/ShopActionsScreenElements/AreaClosed' is exist

2018-05-17 04:23:27 - [TEST_STEP][PASSED] - delay: Delayed 1 second(s)

2018-05-17 04:23:28 - [MESSAGE][PASSED] - Delayed 1 second(s)

2018-05-17 04:23:28 - [TEST_STEP][PASSED] - tap: Tapped on element 'Object Repository/ShopActionsScreenElements/AreaClosed'

2018-05-17 04:23:28 - [MESSAGE][WARNING] - Timeout '0' is invalid. Using default page load timeout: '30'

2018-05-17 04:23:30 - [MESSAGE][PASSED] - Tapped on element 'Object Repository/ShopActionsScreenElements/AreaClosed'

2018-05-17 04:23:30 - [TEST_STEP][PASSED] - delay: Delayed 1 second(s)

2018-05-17 04:23:31 - [MESSAGE][PASSED] - Delayed 1 second(s)

2018-05-17 04:23:31 - [TEST_STEP][PASSED] - verifyElementExist: Element 'Object Repository/CommonScreenElements/Validate_CameraScreen' is exist

2018-05-17 04:23:31 - [MESSAGE][WARNING] - Timeout '0' is invalid. Using default page load timeout: '30'

2018-05-17 04:23:31 - [MESSAGE][PASSED] - Element 'Object Repository/CommonScreenElements/Validate_CameraScreen' is exist

2018-05-17 04:23:31 - [TEST_STEP][PASSED] - delay: Delayed 1 second(s)

2018-05-17 04:23:32 - [MESSAGE][PASSED] - Delayed 1 second(s)

2018-05-17 04:23:32 - [TEST_STEP][PASSED] - tap: Tapped on element 'Object Repository/CommonScreenElements/TakePictureButton'

2018-05-17 04:23:32 - [MESSAGE][WARNING] - Timeout '0' is invalid. Using default page load timeout: '30'

2018-05-17 04:23:36 - [MESSAGE][PASSED] - Tapped on element 'Object Repository/CommonScreenElements/TakePictureButton'

2018-05-17 04:23:36 - [TEST_STEP][PASSED] - delay: Delayed 5 second(s)

2018-05-17 04:23:41 - [MESSAGE][PASSED] - Delayed 5 second(s)

2018-05-17 04:23:41 - [TEST_STEP][PASSED] - tap: Tapped on element 'Object Repository/CommonScreenElements/DoneButton'

2018-05-17 04:23:41 - [MESSAGE][WARNING] - Timeout '0' is invalid. Using default page load timeout: '30'

2018-05-17 04:23:41 - [MESSAGE][PASSED] - Tapped on element 'Object Repository/CommonScreenElements/DoneButton'

2018-05-17 04:23:41 - [TEST_STEP][PASSED] - delay: Delayed 1 second(s)

2018-05-17 04:23:42 - [MESSAGE][PASSED] - Delayed 1 second(s)]]></system-out>
         <system-err><![CDATA[]]></system-err>
      </testcase>
      <testcase name="Test Cases/ChooseHFSShop/ChooseShopForRetailerDidNotAllow" classname="Test Cases/ChooseHFSShop/ChooseShopForRetailerDidNotAllow" status="PASSED">
         <system-out><![CDATA[2018-05-17 04:23:42 - [TEST_CASE][PASSED] - Test Cases/ChooseHFSShop/ChooseShopForRetailerDidNotAllow: Test Cases/ChooseHFSShop/ChooseShopForRetailerDidNotAllow

2018-05-17 04:23:43 - [TEST_STEP][PASSED] - verifyElementText: Actual text and expected text of test object 'Object Repository/ShopActionsScreenElements/Validate_ShopsListScreen' are matched.

2018-05-17 04:23:43 - [MESSAGE][PASSED] - Actual text and expected text of test object 'Object Repository/ShopActionsScreenElements/Validate_ShopsListScreen' are matched.

2018-05-17 04:23:43 - [TEST_STEP][PASSED] - delay: Delayed 1 second(s)

2018-05-17 04:23:44 - [MESSAGE][PASSED] - Delayed 1 second(s)

2018-05-17 04:23:44 - [TEST_STEP][PASSED] - customKeywordsCollection.CustomKeywords.selectHFSShop: customKeywordsCollection.CustomKeywords.selectHFSShop is PASSED

2018-05-17 04:23:51 - [MESSAGE][PASSED] - Delayed 1 second(s)

2018-05-17 04:23:51 - [MESSAGE][PASSED] - customKeywordsCollection.CustomKeywords.selectHFSShop is PASSED]]></system-out>
         <system-err><![CDATA[]]></system-err>
      </testcase>
      <testcase name="Test Cases/ChooseHFSShop/RetailerDidNotAllow/VisitRetailerDidNotAllow" classname="Test Cases/ChooseHFSShop/RetailerDidNotAllow/VisitRetailerDidNotAllow" status="PASSED">
         <system-out><![CDATA[2018-05-17 04:23:51 - [TEST_CASE][PASSED] - Test Cases/ChooseHFSShop/RetailerDidNotAllow/VisitRetailerDidNotAllow: Test Cases/ChooseHFSShop/RetailerDidNotAllow/VisitRetailerDidNotAllow

2018-05-17 04:23:51 - [TEST_STEP][PASSED] - verifyElementText: Actual text and expected text of test object 'Object Repository/ShopActionsScreenElements/Validate_ShopOptionsScreen' are matched.

2018-05-17 04:23:52 - [MESSAGE][PASSED] - Actual text and expected text of test object 'Object Repository/ShopActionsScreenElements/Validate_ShopOptionsScreen' are matched.

2018-05-17 04:23:52 - [TEST_STEP][PASSED] - delay: Delayed 1 second(s)

2018-05-17 04:23:53 - [MESSAGE][PASSED] - Delayed 1 second(s)

2018-05-17 04:23:53 - [TEST_STEP][PASSED] - tap: Tapped on element 'Object Repository/ShopActionsScreenElements/StartWorking'

2018-05-17 04:23:53 - [MESSAGE][WARNING] - Timeout '0' is invalid. Using default page load timeout: '30'

2018-05-17 04:23:54 - [MESSAGE][PASSED] - Tapped on element 'Object Repository/ShopActionsScreenElements/StartWorking'

2018-05-17 04:23:54 - [TEST_STEP][PASSED] - delay: Delayed 1 second(s)

2018-05-17 04:23:55 - [MESSAGE][PASSED] - Delayed 1 second(s)

2018-05-17 04:23:55 - [TEST_STEP][PASSED] - verifyElementExist: Element 'Object Repository/CommonScreenElements/Validate_InfoPopUpDialog' is exist

2018-05-17 04:23:55 - [MESSAGE][WARNING] - Timeout '0' is invalid. Using default page load timeout: '30'

2018-05-17 04:23:55 - [MESSAGE][PASSED] - Element 'Object Repository/CommonScreenElements/Validate_InfoPopUpDialog' is exist

2018-05-17 04:23:55 - [TEST_STEP][PASSED] - delay: Delayed 1 second(s)

2018-05-17 04:23:56 - [MESSAGE][PASSED] - Delayed 1 second(s)

2018-05-17 04:23:56 - [TEST_STEP][PASSED] - tap: Tapped on element 'Object Repository/CommonScreenElements/InfoPopUp_YesButton'

2018-05-17 04:23:56 - [MESSAGE][WARNING] - Timeout '0' is invalid. Using default page load timeout: '30'

2018-05-17 04:23:57 - [MESSAGE][PASSED] - Tapped on element 'Object Repository/CommonScreenElements/InfoPopUp_YesButton'

2018-05-17 04:23:57 - [TEST_STEP][PASSED] - delay: Delayed 18 second(s)

2018-05-17 04:24:15 - [MESSAGE][PASSED] - Delayed 18 second(s)

2018-05-17 04:24:15 - [TEST_STEP][PASSED] - verifyElementExist: Element 'Object Repository/CommonScreenElements/Validate_MapScreen' is exist

2018-05-17 04:24:15 - [MESSAGE][WARNING] - Timeout '0' is invalid. Using default page load timeout: '30'

2018-05-17 04:24:16 - [MESSAGE][PASSED] - Element 'Object Repository/CommonScreenElements/Validate_MapScreen' is exist

2018-05-17 04:24:16 - [TEST_STEP][PASSED] - delay: Delayed 1 second(s)

2018-05-17 04:24:17 - [MESSAGE][PASSED] - Delayed 1 second(s)

2018-05-17 04:24:17 - [TEST_STEP][PASSED] - tap: Tapped on element 'Object Repository/CommonScreenElements/CheckInButton'

2018-05-17 04:24:17 - [MESSAGE][WARNING] - Timeout '0' is invalid. Using default page load timeout: '30'

2018-05-17 04:24:17 - [MESSAGE][PASSED] - Tapped on element 'Object Repository/CommonScreenElements/CheckInButton'

2018-05-17 04:24:17 - [TEST_STEP][PASSED] - delay: Delayed 1 second(s)

2018-05-17 04:24:18 - [MESSAGE][PASSED] - Delayed 1 second(s)

2018-05-17 04:24:18 - [TEST_STEP][PASSED] - verifyElementExist: Element 'Object Repository/CommonScreenElements/Validate_InfoPopUpDialog' is exist

2018-05-17 04:24:18 - [MESSAGE][WARNING] - Timeout '0' is invalid. Using default page load timeout: '30'

2018-05-17 04:24:18 - [MESSAGE][PASSED] - Element 'Object Repository/CommonScreenElements/Validate_InfoPopUpDialog' is exist

2018-05-17 04:24:18 - [TEST_STEP][PASSED] - delay: Delayed 1 second(s)

2018-05-17 04:24:19 - [MESSAGE][PASSED] - Delayed 1 second(s)

2018-05-17 04:24:19 - [TEST_STEP][PASSED] - tap: Tapped on element 'Object Repository/CommonScreenElements/InfoPopUp_YesButton'

2018-05-17 04:24:19 - [MESSAGE][WARNING] - Timeout '0' is invalid. Using default page load timeout: '30'

2018-05-17 04:24:20 - [MESSAGE][PASSED] - Tapped on element 'Object Repository/CommonScreenElements/InfoPopUp_YesButton'

2018-05-17 04:24:20 - [TEST_STEP][PASSED] - delay: Delayed 1 second(s)

2018-05-17 04:24:21 - [MESSAGE][PASSED] - Delayed 1 second(s)

2018-05-17 04:24:21 - [TEST_STEP][PASSED] - verifyElementExist: Element 'Object Repository/ShopActionsScreenElements/RetailerDidNotAllow' is exist

2018-05-17 04:24:21 - [MESSAGE][WARNING] - Timeout '0' is invalid. Using default page load timeout: '30'

2018-05-17 04:24:21 - [MESSAGE][PASSED] - Element 'Object Repository/ShopActionsScreenElements/RetailerDidNotAllow' is exist

2018-05-17 04:24:21 - [TEST_STEP][PASSED] - delay: Delayed 1 second(s)

2018-05-17 04:24:22 - [MESSAGE][PASSED] - Delayed 1 second(s)

2018-05-17 04:24:22 - [TEST_STEP][PASSED] - tap: Tapped on element 'Object Repository/ShopActionsScreenElements/RetailerDidNotAllow'

2018-05-17 04:24:22 - [MESSAGE][WARNING] - Timeout '0' is invalid. Using default page load timeout: '30'

2018-05-17 04:24:24 - [MESSAGE][PASSED] - Tapped on element 'Object Repository/ShopActionsScreenElements/RetailerDidNotAllow'

2018-05-17 04:24:24 - [TEST_STEP][PASSED] - delay: Delayed 1 second(s)

2018-05-17 04:24:25 - [MESSAGE][PASSED] - Delayed 1 second(s)

2018-05-17 04:24:25 - [TEST_STEP][PASSED] - verifyElementExist: Element 'Object Repository/CommonScreenElements/Validate_CameraScreen' is exist

2018-05-17 04:24:25 - [MESSAGE][WARNING] - Timeout '0' is invalid. Using default page load timeout: '30'

2018-05-17 04:24:25 - [MESSAGE][PASSED] - Element 'Object Repository/CommonScreenElements/Validate_CameraScreen' is exist

2018-05-17 04:24:25 - [TEST_STEP][PASSED] - delay: Delayed 1 second(s)

2018-05-17 04:24:26 - [MESSAGE][PASSED] - Delayed 1 second(s)

2018-05-17 04:24:26 - [TEST_STEP][PASSED] - tap: Tapped on element 'Object Repository/CommonScreenElements/TakePictureButton'

2018-05-17 04:24:26 - [MESSAGE][WARNING] - Timeout '0' is invalid. Using default page load timeout: '30'

2018-05-17 04:24:30 - [MESSAGE][PASSED] - Tapped on element 'Object Repository/CommonScreenElements/TakePictureButton'

2018-05-17 04:24:30 - [TEST_STEP][PASSED] - delay: Delayed 5 second(s)

2018-05-17 04:24:35 - [MESSAGE][PASSED] - Delayed 5 second(s)

2018-05-17 04:24:35 - [TEST_STEP][PASSED] - tap: Tapped on element 'Object Repository/CommonScreenElements/DoneButton'

2018-05-17 04:24:35 - [MESSAGE][WARNING] - Timeout '0' is invalid. Using default page load timeout: '30'

2018-05-17 04:24:35 - [MESSAGE][PASSED] - Tapped on element 'Object Repository/CommonScreenElements/DoneButton'

2018-05-17 04:24:35 - [TEST_STEP][PASSED] - delay: Delayed 1 second(s)

2018-05-17 04:24:36 - [MESSAGE][PASSED] - Delayed 1 second(s)

2018-05-17 04:24:36 - [TEST_STEP][PASSED] - verifyElementText: Actual text and expected text of test object 'Object Repository/ShopActionsScreenElements/Validate_ShopRemarksScreen' are matched.

2018-05-17 04:24:37 - [MESSAGE][PASSED] - Actual text and expected text of test object 'Object Repository/ShopActionsScreenElements/Validate_ShopRemarksScreen' are matched.

2018-05-17 04:24:37 - [TEST_STEP][PASSED] - delay: Delayed 1 second(s)

2018-05-17 04:24:38 - [MESSAGE][PASSED] - Delayed 1 second(s)

2018-05-17 04:24:38 - [TEST_STEP][PASSED] - tap: Tapped on element 'Object Repository/ShopActionsScreenElements/ShopRemarks_Others'

2018-05-17 04:24:38 - [MESSAGE][WARNING] - Timeout '0' is invalid. Using default page load timeout: '30'

2018-05-17 04:24:39 - [MESSAGE][PASSED] - Tapped on element 'Object Repository/ShopActionsScreenElements/ShopRemarks_Others'

2018-05-17 04:24:39 - [TEST_STEP][PASSED] - delay: Delayed 1 second(s)

2018-05-17 04:24:40 - [MESSAGE][PASSED] - Delayed 1 second(s)

2018-05-17 04:24:40 - [TEST_STEP][PASSED] - tap: Tapped on element 'Object Repository/ShopActionsScreenElements/ShopRemarks_BackButton'

2018-05-17 04:24:40 - [MESSAGE][WARNING] - Timeout '0' is invalid. Using default page load timeout: '30'

2018-05-17 04:24:41 - [MESSAGE][PASSED] - Tapped on element 'Object Repository/ShopActionsScreenElements/ShopRemarks_BackButton'

2018-05-17 04:24:41 - [TEST_STEP][PASSED] - delay: Delayed 1 second(s)

2018-05-17 04:24:42 - [MESSAGE][PASSED] - Delayed 1 second(s)]]></system-out>
         <system-err><![CDATA[]]></system-err>
      </testcase>
      <testcase name="Test Cases/ChooseHFSShop/ChooseShopForShopOpen" classname="Test Cases/ChooseHFSShop/ChooseShopForShopOpen" status="PASSED">
         <system-out><![CDATA[2018-05-17 04:24:42 - [TEST_CASE][PASSED] - Test Cases/ChooseHFSShop/ChooseShopForShopOpen: Test Cases/ChooseHFSShop/ChooseShopForShopOpen

2018-05-17 04:24:42 - [TEST_STEP][PASSED] - verifyElementText: Actual text and expected text of test object 'Object Repository/ShopActionsScreenElements/Validate_ShopsListScreen' are matched.

2018-05-17 04:24:43 - [MESSAGE][PASSED] - Actual text and expected text of test object 'Object Repository/ShopActionsScreenElements/Validate_ShopsListScreen' are matched.

2018-05-17 04:24:43 - [TEST_STEP][PASSED] - delay: Delayed 1 second(s)

2018-05-17 04:24:44 - [MESSAGE][PASSED] - Delayed 1 second(s)

2018-05-17 04:24:44 - [TEST_STEP][PASSED] - customKeywordsCollection.CustomKeywords.selectHFSShop: customKeywordsCollection.CustomKeywords.selectHFSShop is PASSED

2018-05-17 04:24:49 - [MESSAGE][PASSED] - Delayed 1 second(s)

2018-05-17 04:24:49 - [MESSAGE][PASSED] - customKeywordsCollection.CustomKeywords.selectHFSShop is PASSED]]></system-out>
         <system-err><![CDATA[]]></system-err>
      </testcase>
      <testcase name="Test Cases/ChooseHFSShop/ShopOpen/VisitShopOpen" classname="Test Cases/ChooseHFSShop/ShopOpen/VisitShopOpen" status="PASSED">
         <system-out><![CDATA[2018-05-17 04:24:49 - [TEST_CASE][PASSED] - Test Cases/ChooseHFSShop/ShopOpen/VisitShopOpen: Test Cases/ChooseHFSShop/ShopOpen/VisitShopOpen

2018-05-17 04:24:49 - [TEST_STEP][PASSED] - verifyElementText: Actual text and expected text of test object 'Object Repository/ShopActionsScreenElements/Validate_ShopOptionsScreen' are matched.

2018-05-17 04:24:50 - [MESSAGE][PASSED] - Actual text and expected text of test object 'Object Repository/ShopActionsScreenElements/Validate_ShopOptionsScreen' are matched.

2018-05-17 04:24:50 - [TEST_STEP][PASSED] - delay: Delayed 1 second(s)

2018-05-17 04:24:51 - [MESSAGE][PASSED] - Delayed 1 second(s)

2018-05-17 04:24:51 - [TEST_STEP][PASSED] - tap: Tapped on element 'Object Repository/ShopActionsScreenElements/StartWorking'

2018-05-17 04:24:51 - [MESSAGE][WARNING] - Timeout '0' is invalid. Using default page load timeout: '30'

2018-05-17 04:24:52 - [MESSAGE][PASSED] - Tapped on element 'Object Repository/ShopActionsScreenElements/StartWorking'

2018-05-17 04:24:52 - [TEST_STEP][PASSED] - delay: Delayed 1 second(s)

2018-05-17 04:24:53 - [MESSAGE][PASSED] - Delayed 1 second(s)

2018-05-17 04:24:53 - [TEST_STEP][PASSED] - verifyElementExist: Element 'Object Repository/CommonScreenElements/Validate_InfoPopUpDialog' is exist

2018-05-17 04:24:53 - [MESSAGE][WARNING] - Timeout '0' is invalid. Using default page load timeout: '30'

2018-05-17 04:24:53 - [MESSAGE][PASSED] - Element 'Object Repository/CommonScreenElements/Validate_InfoPopUpDialog' is exist

2018-05-17 04:24:53 - [TEST_STEP][PASSED] - delay: Delayed 1 second(s)

2018-05-17 04:24:54 - [MESSAGE][PASSED] - Delayed 1 second(s)

2018-05-17 04:24:54 - [TEST_STEP][PASSED] - tap: Tapped on element 'Object Repository/CommonScreenElements/InfoPopUp_YesButton'

2018-05-17 04:24:54 - [MESSAGE][WARNING] - Timeout '0' is invalid. Using default page load timeout: '30'

2018-05-17 04:24:55 - [MESSAGE][PASSED] - Tapped on element 'Object Repository/CommonScreenElements/InfoPopUp_YesButton'

2018-05-17 04:24:55 - [TEST_STEP][PASSED] - delay: Delayed 18 second(s)

2018-05-17 04:25:13 - [MESSAGE][PASSED] - Delayed 18 second(s)

2018-05-17 04:25:13 - [TEST_STEP][PASSED] - verifyElementExist: Element 'Object Repository/CommonScreenElements/Validate_MapScreen' is exist

2018-05-17 04:25:13 - [MESSAGE][WARNING] - Timeout '0' is invalid. Using default page load timeout: '30'

2018-05-17 04:25:13 - [MESSAGE][PASSED] - Element 'Object Repository/CommonScreenElements/Validate_MapScreen' is exist

2018-05-17 04:25:13 - [TEST_STEP][PASSED] - delay: Delayed 1 second(s)

2018-05-17 04:25:14 - [MESSAGE][PASSED] - Delayed 1 second(s)

2018-05-17 04:25:14 - [TEST_STEP][PASSED] - tap: Tapped on element 'Object Repository/CommonScreenElements/CheckInButton'

2018-05-17 04:25:14 - [MESSAGE][WARNING] - Timeout '0' is invalid. Using default page load timeout: '30'

2018-05-17 04:25:15 - [MESSAGE][PASSED] - Tapped on element 'Object Repository/CommonScreenElements/CheckInButton'

2018-05-17 04:25:15 - [TEST_STEP][PASSED] - delay: Delayed 1 second(s)

2018-05-17 04:25:16 - [MESSAGE][PASSED] - Delayed 1 second(s)

2018-05-17 04:25:16 - [TEST_STEP][PASSED] - verifyElementExist: Element 'Object Repository/CommonScreenElements/Validate_InfoPopUpDialog' is exist

2018-05-17 04:25:16 - [MESSAGE][WARNING] - Timeout '0' is invalid. Using default page load timeout: '30'

2018-05-17 04:25:16 - [MESSAGE][PASSED] - Element 'Object Repository/CommonScreenElements/Validate_InfoPopUpDialog' is exist

2018-05-17 04:25:16 - [TEST_STEP][PASSED] - delay: Delayed 1 second(s)

2018-05-17 04:25:17 - [MESSAGE][PASSED] - Delayed 1 second(s)

2018-05-17 04:25:17 - [TEST_STEP][PASSED] - tap: Tapped on element 'Object Repository/CommonScreenElements/InfoPopUp_YesButton'

2018-05-17 04:25:17 - [MESSAGE][WARNING] - Timeout '0' is invalid. Using default page load timeout: '30'

2018-05-17 04:25:18 - [MESSAGE][PASSED] - Tapped on element 'Object Repository/CommonScreenElements/InfoPopUp_YesButton'

2018-05-17 04:25:18 - [TEST_STEP][PASSED] - delay: Delayed 1 second(s)

2018-05-17 04:25:19 - [MESSAGE][PASSED] - Delayed 1 second(s)

2018-05-17 04:25:19 - [TEST_STEP][PASSED] - verifyElementExist: Element 'Object Repository/ShopActionsScreenElements/ShopOpen' is exist

2018-05-17 04:25:19 - [MESSAGE][WARNING] - Timeout '0' is invalid. Using default page load timeout: '30'

2018-05-17 04:25:19 - [MESSAGE][PASSED] - Element 'Object Repository/ShopActionsScreenElements/ShopOpen' is exist

2018-05-17 04:25:19 - [TEST_STEP][PASSED] - delay: Delayed 1 second(s)

2018-05-17 04:25:20 - [MESSAGE][PASSED] - Delayed 1 second(s)

2018-05-17 04:25:20 - [TEST_STEP][PASSED] - tap: Tapped on element 'Object Repository/ShopActionsScreenElements/ShopOpen'

2018-05-17 04:25:20 - [MESSAGE][WARNING] - Timeout '0' is invalid. Using default page load timeout: '30'

2018-05-17 04:25:22 - [MESSAGE][PASSED] - Tapped on element 'Object Repository/ShopActionsScreenElements/ShopOpen'

2018-05-17 04:25:22 - [TEST_STEP][PASSED] - delay: Delayed 1 second(s)

2018-05-17 04:25:23 - [MESSAGE][PASSED] - Delayed 1 second(s)

2018-05-17 04:25:23 - [TEST_STEP][PASSED] - verifyElementExist: Element 'Object Repository/CommonScreenElements/Validate_CameraScreen' is exist

2018-05-17 04:25:23 - [MESSAGE][WARNING] - Timeout '0' is invalid. Using default page load timeout: '30'

2018-05-17 04:25:23 - [MESSAGE][PASSED] - Element 'Object Repository/CommonScreenElements/Validate_CameraScreen' is exist

2018-05-17 04:25:23 - [TEST_STEP][PASSED] - delay: Delayed 1 second(s)

2018-05-17 04:25:24 - [MESSAGE][PASSED] - Delayed 1 second(s)

2018-05-17 04:25:24 - [TEST_STEP][PASSED] - tap: Tapped on element 'Object Repository/CommonScreenElements/TakePictureButton'

2018-05-17 04:25:24 - [MESSAGE][WARNING] - Timeout '0' is invalid. Using default page load timeout: '30'

2018-05-17 04:25:27 - [MESSAGE][PASSED] - Tapped on element 'Object Repository/CommonScreenElements/TakePictureButton'

2018-05-17 04:25:27 - [TEST_STEP][PASSED] - delay: Delayed 5 second(s)

2018-05-17 04:25:32 - [MESSAGE][PASSED] - Delayed 5 second(s)

2018-05-17 04:25:32 - [TEST_STEP][PASSED] - tap: Tapped on element 'Object Repository/CommonScreenElements/DoneButton'

2018-05-17 04:25:32 - [MESSAGE][WARNING] - Timeout '0' is invalid. Using default page load timeout: '30'

2018-05-17 04:25:33 - [MESSAGE][PASSED] - Tapped on element 'Object Repository/CommonScreenElements/DoneButton'

2018-05-17 04:25:33 - [TEST_STEP][PASSED] - delay: Delayed 1 second(s)

2018-05-17 04:25:34 - [MESSAGE][PASSED] - Delayed 1 second(s)]]></system-out>
         <system-err><![CDATA[]]></system-err>
      </testcase>
      <testcase name="Test Cases/ChooseHFSShop/ShopOpen/ShopProducts/VisitShopProducts" classname="Test Cases/ChooseHFSShop/ShopOpen/ShopProducts/VisitShopProducts" status="FAILED">
         <failure type="FAILED" message="Verify element text of test object 'Object Repository/ShopProductsScreenElements/Hanger/Corporate Hanger/HangerAvailable_And_HangerNotAvailable/Validate_AvailabilityScreen' FAILED. (Root cause: Element 'Object Repository/ShopProductsScreenElements/Hanger/Corporate Hanger/HangerAvailable_And_HangerNotAvailable/Validate_AvailabilityScreen' not found)"/>
         <system-out><![CDATA[2018-05-17 04:25:34 - [TEST_CASE][FAILED] - Test Cases/ChooseHFSShop/ShopOpen/ShopProducts/VisitShopProducts: Test Cases/ChooseHFSShop/ShopOpen/ShopProducts/VisitShopProducts FAILED because (of) Verify element text of test object 'Object Repository/ShopProductsScreenElements/Hanger/Corporate Hanger/HangerAvailable_And_HangerNotAvailable/Validate_AvailabilityScreen' FAILED. (Root cause: Element 'Object Repository/ShopProductsScreenElements/Hanger/Corporate Hanger/HangerAvailable_And_HangerNotAvailable/Validate_AvailabilityScreen' not found)

2018-05-17 04:25:35 - [TEST_STEP][PASSED] - verifyElementExist: Element 'Object Repository/ShopProductsScreenElements/Validate_ShopProductsScreen' is exist

2018-05-17 04:25:35 - [MESSAGE][WARNING] - Timeout '0' is invalid. Using default page load timeout: '30'

2018-05-17 04:25:35 - [MESSAGE][PASSED] - Element 'Object Repository/ShopProductsScreenElements/Validate_ShopProductsScreen' is exist

2018-05-17 04:25:35 - [TEST_STEP][PASSED] - delay: Delayed 1 second(s)

2018-05-17 04:25:36 - [MESSAGE][PASSED] - Delayed 1 second(s)

2018-05-17 04:25:36 - [TEST_STEP][FAILED] - customKeywordsCollection.CustomKeywords.visitShopProducts: Verify element text of test object 'Object Repository/ShopProductsScreenElements/Hanger/Corporate Hanger/HangerAvailable_And_HangerNotAvailable/Validate_AvailabilityScreen' FAILED. (Root cause: Element 'Object Repository/ShopProductsScreenElements/Hanger/Corporate Hanger/HangerAvailable_And_HangerNotAvailable/Validate_AvailabilityScreen' not found)

2018-05-17 04:25:39 - [MESSAGE][PASSED] - Delayed 1 second(s)

2018-05-17 04:25:39 - [TEST_CASE][PASSED] - Test Cases/ChooseHFSShop/ShopOpen/ShopProducts/HotSpot/VisitHotSpot: Test Cases/ChooseHFSShop/ShopOpen/ShopProducts/HotSpot/VisitHotSpot

2018-05-17 04:25:41 - [TEST_STEP][PASSED] - Statement - dataforhotspot = com.kms.katalon.core.testdata.TestDataFactory.findTestData(Data Files/Hotspot/VisitHotspot): Reading excel file with source file 'D:\(Katalon studio) GitProject\PnG_Merchandising\PnG_Merchandising\PnGMerchandising.xlsx' and sheet name 'Visit HotSpot'

2018-05-17 04:25:41 - [TEST_STEP][PASSED] - verifyElementText: Actual text and expected text of test object 'Object Repository/ShopProductsScreenElements/HotSpot/Validate_HotSpotScreen' are matched.

2018-05-17 04:25:42 - [MESSAGE][PASSED] - Actual text and expected text of test object 'Object Repository/ShopProductsScreenElements/HotSpot/Validate_HotSpotScreen' are matched.

2018-05-17 04:25:42 - [TEST_STEP][PASSED] - delay: Delayed 1 second(s)

2018-05-17 04:25:43 - [MESSAGE][PASSED] - Delayed 1 second(s)

2018-05-17 04:25:43 - [TEST_STEP][PASSED] - tap: Tapped on element 'Object Repository/ShopProductsScreenElements/HotSpot/VisitShopKeeperDidNotAllow/ShopKeeperDidNotAllow'

2018-05-17 04:25:43 - [MESSAGE][WARNING] - Timeout '0' is invalid. Using default page load timeout: '30'

2018-05-17 04:25:44 - [MESSAGE][PASSED] - Tapped on element 'Object Repository/ShopProductsScreenElements/HotSpot/VisitShopKeeperDidNotAllow/ShopKeeperDidNotAllow'

2018-05-17 04:25:44 - [TEST_STEP][PASSED] - delay: Delayed 1 second(s)

2018-05-17 04:25:45 - [MESSAGE][PASSED] - Delayed 1 second(s)

2018-05-17 04:25:45 - [TEST_STEP][PASSED] - verifyElementText: Actual text and expected text of test object 'Object Repository/ShopProductsScreenElements/HotSpot/VisitShopKeeperDidNotAllow/Validate_ShopKeeperDidnotAllowScreen' are matched.

2018-05-17 04:25:46 - [MESSAGE][PASSED] - Actual text and expected text of test object 'Object Repository/ShopProductsScreenElements/HotSpot/VisitShopKeeperDidNotAllow/Validate_ShopKeeperDidnotAllowScreen' are matched.

2018-05-17 04:25:46 - [TEST_STEP][PASSED] - delay: Delayed 1 second(s)

2018-05-17 04:25:47 - [MESSAGE][PASSED] - Delayed 1 second(s)

2018-05-17 04:25:47 - [TEST_STEP][PASSED] - tap: Tapped on element 'Object Repository/ShopProductsScreenElements/HotSpot/VisitShopKeeperDidNotAllow/CategoryRemarks_OthersOption'

2018-05-17 04:25:47 - [MESSAGE][WARNING] - Timeout '0' is invalid. Using default page load timeout: '30'

2018-05-17 04:25:48 - [MESSAGE][PASSED] - Tapped on element 'Object Repository/ShopProductsScreenElements/HotSpot/VisitShopKeeperDidNotAllow/CategoryRemarks_OthersOption'

2018-05-17 04:25:48 - [TEST_STEP][PASSED] - delay: Delayed 1 second(s)

2018-05-17 04:25:49 - [MESSAGE][PASSED] - Delayed 1 second(s)

2018-05-17 04:25:49 - [TEST_STEP][PASSED] - tap: Tapped on element 'Object Repository/ShopProductsScreenElements/HotSpot/VisitShopKeeperDidNotAllow/CategoryRemarks_BackButton'

2018-05-17 04:25:49 - [MESSAGE][WARNING] - Timeout '0' is invalid. Using default page load timeout: '30'

2018-05-17 04:25:50 - [MESSAGE][PASSED] - Tapped on element 'Object Repository/ShopProductsScreenElements/HotSpot/VisitShopKeeperDidNotAllow/CategoryRemarks_BackButton'

2018-05-17 04:25:50 - [TEST_STEP][PASSED] - delay: Delayed 1 second(s)

2018-05-17 04:25:51 - [MESSAGE][PASSED] - Delayed 1 second(s)

2018-05-17 04:25:51 - [TEST_STEP][PASSED] - customKeywordsCollection.CustomKeywords.findProductFromProductsList: customKeywordsCollection.CustomKeywords.findProductFromProductsList is PASSED

2018-05-17 04:25:54 - [MESSAGE][PASSED] - Delayed 1 second(s)

2018-05-17 04:25:58 - [MESSAGE][PASSED] - Swiped from 0,193 to 0,100

2018-05-17 04:26:00 - [MESSAGE][PASSED] - Delayed 2 second(s)

2018-05-17 04:26:00 - [MESSAGE][PASSED] - customKeywordsCollection.CustomKeywords.findProductFromProductsList is PASSED

2018-05-17 04:26:00 - [TEST_STEP][PASSED] - verifyElementText: Actual text and expected text of test object 'Object Repository/ShopProductsScreenElements/HotSpot/Validate_HotSpotScreen' are matched.

2018-05-17 04:26:01 - [MESSAGE][PASSED] - Actual text and expected text of test object 'Object Repository/ShopProductsScreenElements/HotSpot/Validate_HotSpotScreen' are matched.

2018-05-17 04:26:01 - [TEST_STEP][PASSED] - delay: Delayed 1 second(s)

2018-05-17 04:26:02 - [MESSAGE][PASSED] - Delayed 1 second(s)

2018-05-17 04:26:02 - [TEST_STEP][PASSED] - tap: Tapped on element 'Object Repository/ShopProductsScreenElements/HotSpot/VisitHotSpotNotAvailable/HotspotNotAvailable'

2018-05-17 04:26:02 - [MESSAGE][WARNING] - Timeout '0' is invalid. Using default page load timeout: '30'

2018-05-17 04:26:03 - [MESSAGE][PASSED] - Tapped on element 'Object Repository/ShopProductsScreenElements/HotSpot/VisitHotSpotNotAvailable/HotspotNotAvailable'

2018-05-17 04:26:03 - [TEST_STEP][PASSED] - delay: Delayed 1 second(s)

2018-05-17 04:26:04 - [MESSAGE][PASSED] - Delayed 1 second(s)

2018-05-17 04:26:04 - [TEST_STEP][PASSED] - verifyElementExist: Element 'Object Repository/CommonScreenElements/Validate_CameraScreen' is exist

2018-05-17 04:26:04 - [MESSAGE][WARNING] - Timeout '0' is invalid. Using default page load timeout: '30'

2018-05-17 04:26:05 - [MESSAGE][PASSED] - Element 'Object Repository/CommonScreenElements/Validate_CameraScreen' is exist

2018-05-17 04:26:05 - [TEST_STEP][PASSED] - delay: Delayed 1 second(s)

2018-05-17 04:26:06 - [MESSAGE][PASSED] - Delayed 1 second(s)

2018-05-17 04:26:06 - [TEST_STEP][PASSED] - tap: Tapped on element 'Object Repository/CommonScreenElements/TakePictureButton'

2018-05-17 04:26:06 - [MESSAGE][WARNING] - Timeout '0' is invalid. Using default page load timeout: '30'

2018-05-17 04:26:09 - [MESSAGE][PASSED] - Tapped on element 'Object Repository/CommonScreenElements/TakePictureButton'

2018-05-17 04:26:09 - [TEST_STEP][PASSED] - delay: Delayed 5 second(s)

2018-05-17 04:26:14 - [MESSAGE][PASSED] - Delayed 5 second(s)

2018-05-17 04:26:14 - [TEST_STEP][PASSED] - tap: Tapped on element 'Object Repository/CommonScreenElements/DoneButton'

2018-05-17 04:26:14 - [MESSAGE][WARNING] - Timeout '0' is invalid. Using default page load timeout: '30'

2018-05-17 04:26:15 - [MESSAGE][PASSED] - Tapped on element 'Object Repository/CommonScreenElements/DoneButton'

2018-05-17 04:26:15 - [TEST_STEP][PASSED] - delay: Delayed 1 second(s)

2018-05-17 04:26:16 - [MESSAGE][PASSED] - Delayed 1 second(s)

2018-05-17 04:26:16 - [TEST_STEP][PASSED] - verifyElementText: Actual text and expected text of test object 'Object Repository/ShopProductsScreenElements/HotSpot/Validate_HotSpotScreen' are matched.

2018-05-17 04:26:16 - [MESSAGE][PASSED] - Actual text and expected text of test object 'Object Repository/ShopProductsScreenElements/HotSpot/Validate_HotSpotScreen' are matched.

2018-05-17 04:26:16 - [TEST_STEP][PASSED] - delay: Delayed 1 second(s)

2018-05-17 04:26:17 - [MESSAGE][PASSED] - Delayed 1 second(s)

2018-05-17 04:26:17 - [TEST_STEP][PASSED] - tap: Tapped on element 'Object Repository/ShopProductsScreenElements/HotSpot/HotSpot_BackButton'

2018-05-17 04:26:17 - [MESSAGE][WARNING] - Timeout '0' is invalid. Using default page load timeout: '30'

2018-05-17 04:26:19 - [MESSAGE][PASSED] - Tapped on element 'Object Repository/ShopProductsScreenElements/HotSpot/HotSpot_BackButton'

2018-05-17 04:26:19 - [TEST_STEP][PASSED] - delay: Delayed 1 second(s)

2018-05-17 04:26:20 - [MESSAGE][PASSED] - Delayed 1 second(s)

2018-05-17 04:26:20 - [TEST_STEP][PASSED] - verifyElementExist: Element 'Object Repository/ShopProductsScreenElements/Validate_ShopProductsScreen' is exist

2018-05-17 04:26:20 - [MESSAGE][WARNING] - Timeout '0' is invalid. Using default page load timeout: '30'

2018-05-17 04:26:20 - [MESSAGE][PASSED] - Element 'Object Repository/ShopProductsScreenElements/Validate_ShopProductsScreen' is exist

2018-05-17 04:26:20 - [TEST_STEP][PASSED] - delay: Delayed 1 second(s)

2018-05-17 04:26:21 - [MESSAGE][PASSED] - Delayed 1 second(s)

2018-05-17 04:26:21 - [TEST_STEP][PASSED] - customKeywordsCollection.CustomKeywords.findProductFromProductsList: customKeywordsCollection.CustomKeywords.findProductFromProductsList is PASSED

2018-05-17 04:26:25 - [MESSAGE][PASSED] - Delayed 1 second(s)

2018-05-17 04:26:29 - [MESSAGE][PASSED] - Swiped from 0,193 to 0,100

2018-05-17 04:26:31 - [MESSAGE][PASSED] - Delayed 2 second(s)

2018-05-17 04:26:31 - [MESSAGE][PASSED] - customKeywordsCollection.CustomKeywords.findProductFromProductsList is PASSED

2018-05-17 04:26:31 - [TEST_STEP][PASSED] - verifyElementText: Actual text and expected text of test object 'Object Repository/ShopProductsScreenElements/HotSpot/Validate_HotSpotScreen' are matched.

2018-05-17 04:26:32 - [MESSAGE][PASSED] - Actual text and expected text of test object 'Object Repository/ShopProductsScreenElements/HotSpot/Validate_HotSpotScreen' are matched.

2018-05-17 04:26:32 - [TEST_STEP][PASSED] - delay: Delayed 1 second(s)

2018-05-17 04:26:33 - [MESSAGE][PASSED] - Delayed 1 second(s)

2018-05-17 04:26:33 - [TEST_STEP][PASSED] - tap: Tapped on element 'Object Repository/ShopProductsScreenElements/HotSpot/VisitHotSpotAvailable/HotSpotAvailable'

2018-05-17 04:26:33 - [MESSAGE][WARNING] - Timeout '0' is invalid. Using default page load timeout: '30'

2018-05-17 04:26:34 - [MESSAGE][PASSED] - Tapped on element 'Object Repository/ShopProductsScreenElements/HotSpot/VisitHotSpotAvailable/HotSpotAvailable'

2018-05-17 04:26:34 - [TEST_STEP][PASSED] - delay: Delayed 1 second(s)

2018-05-17 04:26:35 - [MESSAGE][PASSED] - Delayed 1 second(s)

2018-05-17 04:26:35 - [TEST_STEP][PASSED] - verifyElementText: Actual text and expected text of test object 'Object Repository/ShopProductsScreenElements/HotSpot/VisitHotSpotAvailable/Validate_SelectAppropriateTypeScreen' are matched.

2018-05-17 04:26:35 - [MESSAGE][PASSED] - Actual text and expected text of test object 'Object Repository/ShopProductsScreenElements/HotSpot/VisitHotSpotAvailable/Validate_SelectAppropriateTypeScreen' are matched.

2018-05-17 04:26:35 - [TEST_STEP][PASSED] - delay: Delayed 1 second(s)

2018-05-17 04:26:36 - [MESSAGE][PASSED] - Delayed 1 second(s)

[...]

2018-05-17 04:36:43 - [TEST_STEP][PASSED] - delay: Delayed 1 second(s)

2018-05-17 04:36:44 - [MESSAGE][PASSED] - Delayed 1 second(s)

2018-05-17 04:36:44 - [TEST_STEP][PASSED] - verifyElementExist: Element 'Object Repository/ShopProductsScreenElements/Validate_ShopProductsScreen' is exist

2018-05-17 04:36:44 - [MESSAGE][WARNING] - Timeout '0' is invalid. Using default page load timeout: '30'

2018-05-17 04:36:44 - [MESSAGE][PASSED] - Element 'Object Repository/ShopProductsScreenElements/Validate_ShopProductsScreen' is exist

2018-05-17 04:36:44 - [TEST_STEP][PASSED] - delay: Delayed 1 second(s)

2018-05-17 04:36:45 - [MESSAGE][PASSED] - Delayed 1 second(s)

2018-05-17 04:36:45 - [MESSAGE][PASSED] - Call Test Case 'Test Cases/ChooseHFSShop/ShopOpen/ShopProducts/MarketIntelligence/VisitMarketIntelligence' successfully

2018-05-17 04:36:49 - [MESSAGE][PASSED] - Swiped from 0,303 to 0,200

2018-05-17 04:36:51 - [MESSAGE][PASSED] - Delayed 2 second(s)

2018-05-17 04:36:54 - [MESSAGE][PASSED] - Delayed 1 second(s)

2018-05-17 04:36:54 - [TEST_CASE][FAILED] - Test Cases/ChooseHFSShop/ShopOpen/ShopProducts/Hanger/VisitHanger: Test Cases/ChooseHFSShop/ShopOpen/ShopProducts/Hanger/VisitHanger FAILED because (of) Verify element text of test object 'Object Repository/ShopProductsScreenElements/Hanger/Corporate Hanger/HangerAvailable_And_HangerNotAvailable/Validate_AvailabilityScreen' FAILED. (Root cause: Element 'Object Repository/ShopProductsScreenElements/Hanger/Corporate Hanger/HangerAvailable_And_HangerNotAvailable/Validate_AvailabilityScreen' not found)

2018-05-17 04:36:55 - [TEST_STEP][PASSED] - verifyElementText: Actual text and expected text of test object 'Object Repository/ShopProductsScreenElements/Hanger/Validate_HangerScreen' are matched.

2018-05-17 04:36:56 - [MESSAGE][PASSED] - Actual text and expected text of test object 'Object Repository/ShopProductsScreenElements/Hanger/Validate_HangerScreen' are matched.

2018-05-17 04:36:56 - [TEST_STEP][PASSED] - delay: Delayed 1 second(s)

2018-05-17 04:36:57 - [MESSAGE][PASSED] - Delayed 1 second(s)

2018-05-17 04:36:57 - [TEST_STEP][PASSED] - tap: Tapped on element 'Object Repository/ShopProductsScreenElements/Hanger/CorporateHanger'

2018-05-17 04:36:57 - [MESSAGE][WARNING] - Timeout '0' is invalid. Using default page load timeout: '30'

2018-05-17 04:36:58 - [MESSAGE][PASSED] - Tapped on element 'Object Repository/ShopProductsScreenElements/Hanger/CorporateHanger'

2018-05-17 04:36:58 - [TEST_STEP][PASSED] - delay: Delayed 1 second(s)

2018-05-17 04:36:59 - [MESSAGE][PASSED] - Delayed 1 second(s)

2018-05-17 04:36:59 - [TEST_STEP][PASSED] - verifyElementText: Actual text and expected text of test object 'Object Repository/ShopProductsScreenElements/Hanger/Corporate Hanger/Validate_CorporateHangerScreen' are matched.

2018-05-17 04:37:00 - [MESSAGE][PASSED] - Actual text and expected text of test object 'Object Repository/ShopProductsScreenElements/Hanger/Corporate Hanger/Validate_CorporateHangerScreen' are matched.

2018-05-17 04:37:00 - [TEST_STEP][PASSED] - delay: Delayed 1 second(s)

2018-05-17 04:37:01 - [MESSAGE][PASSED] - Delayed 1 second(s)

2018-05-17 04:37:01 - [TEST_STEP][PASSED] - tap: Tapped on element 'Object Repository/ShopProductsScreenElements/Hanger/Corporate Hanger/SKDNA/SKDNA'

2018-05-17 04:37:01 - [MESSAGE][WARNING] - Timeout '0' is invalid. Using default page load timeout: '30'

2018-05-17 04:37:03 - [MESSAGE][PASSED] - Tapped on element 'Object Repository/ShopProductsScreenElements/Hanger/Corporate Hanger/SKDNA/SKDNA'

2018-05-17 04:37:03 - [TEST_STEP][PASSED] - delay: Delayed 1 second(s)

2018-05-17 04:37:04 - [MESSAGE][PASSED] - Delayed 1 second(s)

2018-05-17 04:37:04 - [TEST_STEP][PASSED] - verifyElementText: Actual text and expected text of test object 'Object Repository/ShopProductsScreenElements/Hanger/Corporate Hanger/SKDNA/Validate_CategoryRemarksScreen' are matched.

2018-05-17 04:37:07 - [MESSAGE][PASSED] - Actual text and expected text of test object 'Object Repository/ShopProductsScreenElements/Hanger/Corporate Hanger/SKDNA/Validate_CategoryRemarksScreen' are matched.

2018-05-17 04:37:07 - [TEST_STEP][PASSED] - delay: Delayed 1 second(s)

2018-05-17 04:37:08 - [MESSAGE][PASSED] - Delayed 1 second(s)

2018-05-17 04:37:08 - [TEST_STEP][PASSED] - tap: Tapped on element 'Object Repository/ShopProductsScreenElements/Hanger/Corporate Hanger/SKDNA/CategoryRemarks_Others'

2018-05-17 04:37:08 - [MESSAGE][WARNING] - Timeout '0' is invalid. Using default page load timeout: '30'

2018-05-17 04:37:09 - [MESSAGE][PASSED] - Tapped on element 'Object Repository/ShopProductsScreenElements/Hanger/Corporate Hanger/SKDNA/CategoryRemarks_Others'

2018-05-17 04:37:09 - [TEST_STEP][PASSED] - delay: Delayed 1 second(s)

2018-05-17 04:37:10 - [MESSAGE][PASSED] - Delayed 1 second(s)

2018-05-17 04:37:10 - [TEST_STEP][PASSED] - tap: Tapped on element 'Object Repository/ShopProductsScreenElements/Hanger/Corporate Hanger/SKDNA/CategoryRemarks_BackButton'

2018-05-17 04:37:10 - [MESSAGE][WARNING] - Timeout '0' is invalid. Using default page load timeout: '30'

2018-05-17 04:37:12 - [MESSAGE][PASSED] - Tapped on element 'Object Repository/ShopProductsScreenElements/Hanger/Corporate Hanger/SKDNA/CategoryRemarks_BackButton'

2018-05-17 04:37:12 - [TEST_STEP][PASSED] - delay: Delayed 1 second(s)

2018-05-17 04:37:13 - [MESSAGE][PASSED] - Delayed 1 second(s)

2018-05-17 04:37:13 - [TEST_STEP][PASSED] - verifyElementText: Actual text and expected text of test object 'Object Repository/ShopProductsScreenElements/Hanger/Validate_HangerScreen' are matched.

2018-05-17 04:37:14 - [MESSAGE][PASSED] - Actual text and expected text of test object 'Object Repository/ShopProductsScreenElements/Hanger/Validate_HangerScreen' are matched.

2018-05-17 04:37:14 - [TEST_STEP][PASSED] - delay: Delayed 1 second(s)

2018-05-17 04:37:15 - [MESSAGE][PASSED] - Delayed 1 second(s)

2018-05-17 04:37:15 - [TEST_STEP][PASSED] - tap: Tapped on element 'Object Repository/ShopProductsScreenElements/Hanger/CorporateHanger'

2018-05-17 04:37:15 - [MESSAGE][WARNING] - Timeout '0' is invalid. Using default page load timeout: '30'

2018-05-17 04:37:16 - [MESSAGE][PASSED] - Tapped on element 'Object Repository/ShopProductsScreenElements/Hanger/CorporateHanger'

2018-05-17 04:37:16 - [TEST_STEP][PASSED] - delay: Delayed 1 second(s)

2018-05-17 04:37:17 - [MESSAGE][PASSED] - Delayed 1 second(s)

2018-05-17 04:37:17 - [TEST_STEP][PASSED] - verifyElementText: Actual text and expected text of test object 'Object Repository/ShopProductsScreenElements/Hanger/Corporate Hanger/Validate_CorporateHangerScreen' are matched.

2018-05-17 04:37:17 - [MESSAGE][PASSED] - Actual text and expected text of test object 'Object Repository/ShopProductsScreenElements/Hanger/Corporate Hanger/Validate_CorporateHangerScreen' are matched.

2018-05-17 04:37:17 - [TEST_STEP][PASSED] - delay: Delayed 1 second(s)

2018-05-17 04:37:18 - [MESSAGE][PASSED] - Delayed 1 second(s)

2018-05-17 04:37:18 - [TEST_STEP][PASSED] - tap: Tapped on element 'Object Repository/ShopProductsScreenElements/Hanger/Corporate Hanger/HangerAvailable_And_HangerNotAvailable/HangerNotAvailable'

2018-05-17 04:37:18 - [MESSAGE][WARNING] - Timeout '0' is invalid. Using default page load timeout: '30'

2018-05-17 04:37:21 - [MESSAGE][PASSED] - Tapped on element 'Object Repository/ShopProductsScreenElements/Hanger/Corporate Hanger/HangerAvailable_And_HangerNotAvailable/HangerNotAvailable'

2018-05-17 04:37:21 - [TEST_STEP][PASSED] - delay: Delayed 1 second(s)

2018-05-17 04:37:22 - [MESSAGE][PASSED] - Delayed 1 second(s)

2018-05-17 04:37:22 - [TEST_STEP][PASSED] - verifyElementExist: Element 'Object Repository/CommonScreenElements/Validate_CameraScreen' is exist

2018-05-17 04:37:22 - [MESSAGE][WARNING] - Timeout '0' is invalid. Using default page load timeout: '30'

2018-05-17 04:37:23 - [MESSAGE][PASSED] - Element 'Object Repository/CommonScreenElements/Validate_CameraScreen' is exist

2018-05-17 04:37:23 - [TEST_STEP][PASSED] - delay: Delayed 1 second(s)

2018-05-17 04:37:24 - [MESSAGE][PASSED] - Delayed 1 second(s)

2018-05-17 04:37:24 - [TEST_STEP][PASSED] - tap: Tapped on element 'Object Repository/CommonScreenElements/TakePictureButton'

2018-05-17 04:37:24 - [MESSAGE][WARNING] - Timeout '0' is invalid. Using default page load timeout: '30'

2018-05-17 04:37:28 - [MESSAGE][PASSED] - Tapped on element 'Object Repository/CommonScreenElements/TakePictureButton'

2018-05-17 04:37:28 - [TEST_STEP][PASSED] - delay: Delayed 5 second(s)

2018-05-17 04:37:33 - [MESSAGE][PASSED] - Delayed 5 second(s)

2018-05-17 04:37:33 - [TEST_STEP][PASSED] - tap: Tapped on element 'Object Repository/CommonScreenElements/DoneButton'

2018-05-17 04:37:33 - [MESSAGE][WARNING] - Timeout '0' is invalid. Using default page load timeout: '30'

2018-05-17 04:37:34 - [MESSAGE][PASSED] - Tapped on element 'Object Repository/CommonScreenElements/DoneButton'

2018-05-17 04:37:34 - [TEST_STEP][PASSED] - delay: Delayed 1 second(s)

2018-05-17 04:37:35 - [MESSAGE][PASSED] - Delayed 1 second(s)

2018-05-17 04:37:35 - [TEST_STEP][PASSED] - verifyElementText: Actual text and expected text of test object 'Object Repository/ShopProductsScreenElements/Hanger/Corporate Hanger/HangerAvailable_And_HangerNotAvailable/Validate_HangerAvailableAndNotAvailableScreen' are matched.

2018-05-17 04:37:36 - [MESSAGE][PASSED] - Actual text and expected text of test object 'Object Repository/ShopProductsScreenElements/Hanger/Corporate Hanger/HangerAvailable_And_HangerNotAvailable/Validate_HangerAvailableAndNotAvailableScreen' are matched.

2018-05-17 04:37:36 - [TEST_STEP][PASSED] - delay: Delayed 1 second(s)

2018-05-17 04:37:37 - [MESSAGE][PASSED] - Delayed 1 second(s)

2018-05-17 04:37:37 - [TEST_STEP][PASSED] - tap: Tapped on element 'Object Repository/ShopProductsScreenElements/Hanger/Corporate Hanger/HangerAvailable_And_HangerNotAvailable/Availability'

2018-05-17 04:37:37 - [MESSAGE][WARNING] - Timeout '0' is invalid. Using default page load timeout: '30'

2018-05-17 04:37:39 - [MESSAGE][PASSED] - Tapped on element 'Object Repository/ShopProductsScreenElements/Hanger/Corporate Hanger/HangerAvailable_And_HangerNotAvailable/Availability'

2018-05-17 04:37:39 - [TEST_STEP][PASSED] - delay: Delayed 1 second(s)

2018-05-17 04:37:40 - [MESSAGE][PASSED] - Delayed 1 second(s)

2018-05-17 04:37:40 - [TEST_STEP][FAILED] - verifyElementText: Verify element text of test object 'Object Repository/ShopProductsScreenElements/Hanger/Corporate Hanger/HangerAvailable_And_HangerNotAvailable/Validate_AvailabilityScreen' FAILED. (Root cause: Element 'Object Repository/ShopProductsScreenElements/Hanger/Corporate Hanger/HangerAvailable_And_HangerNotAvailable/Validate_AvailabilityScreen' not found)

2018-05-17 04:38:13 - [MESSAGE][FAILED] - Element 'Object Repository/ShopProductsScreenElements/Hanger/Corporate Hanger/HangerAvailable_And_HangerNotAvailable/Validate_AvailabilityScreen' not found
[[ATTACHMENT|D:\\(Katalon studio) GitProject\\PnG_Merchandising\\PnG_Merchandising\\Reports\\PnG Merchandising Scripts With Overwrite Scenarios\\20180517_041720\\1526557090853.png]]

2018-05-17 04:38:17 - [MESSAGE][FAILED] - Verify element text of test object 'Object Repository/ShopProductsScreenElements/Hanger/Corporate Hanger/HangerAvailable_And_HangerNotAvailable/Validate_AvailabilityScreen' FAILED. (Root cause: Element 'Object Repository/ShopProductsScreenElements/Hanger/Corporate Hanger/HangerAvailable_And_HangerNotAvailable/Validate_AvailabilityScreen' not found)
[[ATTACHMENT|D:\\(Katalon studio) GitProject\\PnG_Merchandising\\PnG_Merchandising\\Reports\\PnG Merchandising Scripts With Overwrite Scenarios\\20180517_041720\\1526557093982.png]]

2018-05-17 04:38:17 - [MESSAGE][FAILED] - Unable to call Test Case with id 'Test Cases/ChooseHFSShop/ShopOpen/ShopProducts/Hanger/VisitHanger' (Root cause: Call Test Case 'Test Cases/ChooseHFSShop/ShopOpen/ShopProducts/Hanger/VisitHanger' failed)

2018-05-17 04:38:17 - [MESSAGE][FAILED] - Verify element text of test object 'Object Repository/ShopProductsScreenElements/Hanger/Corporate Hanger/HangerAvailable_And_HangerNotAvailable/Validate_AvailabilityScreen' FAILED. (Root cause: Element 'Object Repository/ShopProductsScreenElements/Hanger/Corporate Hanger/HangerAvailable_And_HangerNotAvailable/Validate_AvailabilityScreen' not found)]]></system-out>
         <system-err><![CDATA[2018-05-17 04:25:34 - [TEST_CASE][FAILED] - Test Cases/ChooseHFSShop/ShopOpen/ShopProducts/VisitShopProducts: Test Cases/ChooseHFSShop/ShopOpen/ShopProducts/VisitShopProducts FAILED because (of) Verify element text of test object 'Object Repository/ShopProductsScreenElements/Hanger/Corporate Hanger/HangerAvailable_And_HangerNotAvailable/Validate_AvailabilityScreen' FAILED. (Root cause: Element 'Object Repository/ShopProductsScreenElements/Hanger/Corporate Hanger/HangerAvailable_And_HangerNotAvailable/Validate_AvailabilityScreen' not found)]]></system-err>
      </testcase>
      <testcase name="Test Cases/ChooseHFSShop/ShopOpen/ShopProducts/OverwriteShopProducts" classname="Test Cases/ChooseHFSShop/ShopOpen/ShopProducts/OverwriteShopProducts" status="FAILED">
         <failure type="FAILED" message="Failed to check for element 'Object Repository/ShopProductsScreenElements/Validate_ShopProductsScreen' exist (Root cause: Element 'Object Repository/ShopProductsScreenElements/Validate_ShopProductsScreen' not found)"/>
         <system-out><![CDATA[2018-05-17 04:38:17 - [TEST_CASE][FAILED] - Test Cases/ChooseHFSShop/ShopOpen/ShopProducts/OverwriteShopProducts: Test Cases/ChooseHFSShop/ShopOpen/ShopProducts/OverwriteShopProducts FAILED because (of) Failed to check for element 'Object Repository/ShopProductsScreenElements/Validate_ShopProductsScreen' exist (Root cause: Element 'Object Repository/ShopProductsScreenElements/Validate_ShopProductsScreen' not found)

2018-05-17 04:38:17 - [TEST_STEP][FAILED] - verifyElementExist: Failed to check for element 'Object Repository/ShopProductsScreenElements/Validate_ShopProductsScreen' exist (Root cause: Element 'Object Repository/ShopProductsScreenElements/Validate_ShopProductsScreen' not found)

2018-05-17 04:38:17 - [MESSAGE][WARNING] - Timeout '0' is invalid. Using default page load timeout: '30'

2018-05-17 04:38:50 - [MESSAGE][FAILED] - Element 'Object Repository/ShopProductsScreenElements/Validate_ShopProductsScreen' not found
[[ATTACHMENT|D:\\(Katalon studio) GitProject\\PnG_Merchandising\\PnG_Merchandising\\Reports\\PnG Merchandising Scripts With Overwrite Scenarios\\20180517_041720\\1526557128216.png]]

2018-05-17 04:38:53 - [MESSAGE][FAILED] - Failed to check for element 'Object Repository/ShopProductsScreenElements/Validate_ShopProductsScreen' exist (Root cause: Element 'Object Repository/ShopProductsScreenElements/Validate_ShopProductsScreen' not found)
[[ATTACHMENT|D:\\(Katalon studio) GitProject\\PnG_Merchandising\\PnG_Merchandising\\Reports\\PnG Merchandising Scripts With Overwrite Scenarios\\20180517_041720\\1526557130860.png]]]]></system-out>
         <system-err><![CDATA[2018-05-17 04:38:17 - [TEST_CASE][FAILED] - Test Cases/ChooseHFSShop/ShopOpen/ShopProducts/OverwriteShopProducts: Test Cases/ChooseHFSShop/ShopOpen/ShopProducts/OverwriteShopProducts FAILED because (of) Failed to check for element 'Object Repository/ShopProductsScreenElements/Validate_ShopProductsScreen' exist (Root cause: Element 'Object Repository/ShopProductsScreenElements/Validate_ShopProductsScreen' not found)]]></system-err>
      </testcase>
      <testcase name="Test Cases/ChooseHFSShop/ShopOpen/SaveShop" classname="Test Cases/ChooseHFSShop/ShopOpen/SaveShop" status="FAILED">
         <failure type="FAILED" message="Failed to tap on element 'Object Repository/CommonScreenElements/InfoPopUp_YesButton' (Root cause: Object Object Repository/CommonScreenElements/InfoPopUp_YesButton not found)"/>
         <system-out><![CDATA[2018-05-17 04:38:53 - [TEST_CASE][FAILED] - Test Cases/ChooseHFSShop/ShopOpen/SaveShop: Test Cases/ChooseHFSShop/ShopOpen/SaveShop FAILED because (of) Failed to tap on element 'Object Repository/CommonScreenElements/InfoPopUp_YesButton' (Root cause: Object Object Repository/CommonScreenElements/InfoPopUp_YesButton not found)

2018-05-17 04:38:53 - [TEST_STEP][PASSED] - tap: Tapped on element 'Object Repository/ShopProductsScreenElements/SaveShopOpen_Submitbutton'

2018-05-17 04:38:53 - [MESSAGE][WARNING] - Timeout '0' is invalid. Using default page load timeout: '30'

2018-05-17 04:38:54 - [MESSAGE][PASSED] - Tapped on element 'Object Repository/ShopProductsScreenElements/SaveShopOpen_Submitbutton'

2018-05-17 04:38:54 - [TEST_STEP][PASSED] - delay: Delayed 1 second(s)

2018-05-17 04:38:55 - [MESSAGE][PASSED] - Delayed 1 second(s)

2018-05-17 04:38:55 - [TEST_STEP][PASSED] - verifyElementExist: Element 'Object Repository/CommonScreenElements/Validate_InfoPopUpDialog' is exist

2018-05-17 04:38:55 - [MESSAGE][WARNING] - Timeout '0' is invalid. Using default page load timeout: '30'

2018-05-17 04:38:55 - [MESSAGE][PASSED] - Element 'Object Repository/CommonScreenElements/Validate_InfoPopUpDialog' is exist

2018-05-17 04:38:55 - [TEST_STEP][PASSED] - delay: Delayed 1 second(s)

2018-05-17 04:38:56 - [MESSAGE][PASSED] - Delayed 1 second(s)

2018-05-17 04:38:56 - [TEST_STEP][FAILED] - tap: Failed to tap on element 'Object Repository/CommonScreenElements/InfoPopUp_YesButton' (Root cause: Object Object Repository/CommonScreenElements/InfoPopUp_YesButton not found)

2018-05-17 04:38:56 - [MESSAGE][WARNING] - Timeout '0' is invalid. Using default page load timeout: '30'

2018-05-17 04:39:29 - [MESSAGE][FAILED] - Object Object Repository/CommonScreenElements/InfoPopUp_YesButton not found
[[ATTACHMENT|D:\\(Katalon studio) GitProject\\PnG_Merchandising\\PnG_Merchandising\\Reports\\PnG Merchandising Scripts With Overwrite Scenarios\\20180517_041720\\1526557167711.png]]

2018-05-17 04:39:31 - [MESSAGE][FAILED] - Failed to tap on element 'Object Repository/CommonScreenElements/InfoPopUp_YesButton' (Root cause: Object Object Repository/CommonScreenElements/InfoPopUp_YesButton not found)
[[ATTACHMENT|D:\\(Katalon studio) GitProject\\PnG_Merchandising\\PnG_Merchandising\\Reports\\PnG Merchandising Scripts With Overwrite Scenarios\\20180517_041720\\1526557169940.png]]]]></system-out>
         <system-err><![CDATA[2018-05-17 04:38:53 - [TEST_CASE][FAILED] - Test Cases/ChooseHFSShop/ShopOpen/SaveShop: Test Cases/ChooseHFSShop/ShopOpen/SaveShop FAILED because (of) Failed to tap on element 'Object Repository/CommonScreenElements/InfoPopUp_YesButton' (Root cause: Object Object Repository/CommonScreenElements/InfoPopUp_YesButton not found)]]></system-err>
      </testcase>
      <system-out><![CDATA[2018-05-17 04:17:25 - [TEST_SUITE][FAILED] - PnG Merchandising Scripts With Overwrite Scenarios: Test Cases/ChooseHFSShop/ShopOpen/ShopProducts/VisitShopProducts FAILED because (of) Verify element text of test object 'Object Repository/ShopProductsScreenElements/Hanger/Corporate Hanger/HangerAvailable_And_HangerNotAvailable/Validate_AvailabilityScreen' FAILED. (Root cause: Element 'Object Repository/ShopProductsScreenElements/Hanger/Corporate Hanger/HangerAvailable_And_HangerNotAvailable/Validate_AvailabilityScreen' not found)]]></system-out>
      <system-err><![CDATA[2018-05-17 04:17:25 - [TEST_SUITE][FAILED] - PnG Merchandising Scripts With Overwrite Scenarios: Test Cases/ChooseHFSShop/ShopOpen/ShopProducts/VisitShopProducts FAILED because (of) Verify element text of test object 'Object Repository/ShopProductsScreenElements/Hanger/Corporate Hanger/HangerAvailable_And_HangerNotAvailable/Validate_AvailabilityScreen' FAILED. (Root cause: Element 'Object Repository/ShopProductsScreenElements/Hanger/Corporate Hanger/HangerAvailable_And_HangerNotAvailable/Validate_AvailabilityScreen' not found)]]></system-err>
   </testsuite>
</testsuites>
