<?xml version="1.0" encoding="UTF-8"?>
<testsuites name="PnG Merchandising Scripts With Overwrite Scenarios" time="1592" tests="20" failures="0" errors="0">
   <testsuite name="PnG Merchandising Scripts With Overwrite Scenarios" tests="20" failures="0" errors="0" time="1592" timestamp="2018-05-18 11:42:55" hostname="Fahad Shah - Dell-E6420" id="Test Suites/PnG Merchandising Scripts With Overwrite Scenarios">
      <properties>
         <property name="deviceName" value="samsung SM-J110H (Android 4.4.4)"/>
         <property name="devicePlatform" value=""/>
         <property name="logFolder" value="D:\\(Katalon studio) GitProject\\PnG_Merchandising\\PnG_Merchandising\\Reports\\PnG Merchandising Scripts With Overwrite Scenarios\\20180518_114249"/>
         <property name="logFiles" value="D:\\(Katalon studio) GitProject\\PnG_Merchandising\\PnG_Merchandising\\Reports\\PnG Merchandising Scripts With Overwrite Scenarios\\20180518_114249\\appium.log, D:\\(Katalon studio) GitProject\\PnG_Merchandising\\PnG_Merchandising\\Reports\\PnG Merchandising Scripts With Overwrite Scenarios\\20180518_114249\\execution0.log"/>
         <property name="attachments" value=""/>
         <property name="hostName" value="Fahad Shah - Dell-E6420"/>
         <property name="os" value="Windows 8 64bit"/>
         <property name="katalonVersion" value="5.4.1.1"/>
         <property name="deviceOS" value="Android"/>
         <property name="appiumVersion" value="1.8.0"/>
         <property name="deviceModel" value="SM-J110H"/>
         <property name="hostAddress" value="192.168.3.79"/>
         <property name="deviceManufacturer" value="samsung"/>
         <property name="deviceId" value="11015a1136d0b24a"/>
         <property name="deviceName" value="samsung SM-J110H (Android 4.4.4)"/>
         <property name="deviceOSVersion" value="4.4.4"/>
      </properties>
      <testcase name="Test Cases/LaunchingApp/LaunchApp" classname="Test Cases/LaunchingApp/LaunchApp" status="PASSED">
         <system-out><![CDATA[2018-05-18 11:42:56 - [TEST_CASE][PASSED] - Test Cases/LaunchingApp/LaunchApp: Test Cases/LaunchingApp/LaunchApp

2018-05-18 11:42:57 - [TEST_STEP][PASSED] - startApplication: Started app at: 'D:\QAAutomation\Builds\png_local_300418.apk'

2018-05-18 11:43:28 - [MESSAGE][PASSED] - Started app at: 'D:\QAAutomation\Builds\png_local_300418.apk'

2018-05-18 11:43:28 - [TEST_STEP][PASSED] - delay: Delayed 5 second(s)

2018-05-18 11:43:33 - [MESSAGE][PASSED] - Delayed 5 second(s)]]></system-out>
         <system-err><![CDATA[]]></system-err>
      </testcase>
      <testcase name="Test Cases/DistributionRegion/VisitDistributionRegion" classname="Test Cases/DistributionRegion/VisitDistributionRegion" status="PASSED">
         <system-out><![CDATA[2018-05-18 11:43:33 - [TEST_CASE][PASSED] - Test Cases/DistributionRegion/VisitDistributionRegion: Test Cases/DistributionRegion/VisitDistributionRegion

2018-05-18 11:43:34 - [TEST_STEP][PASSED] - verifyElementExist: Element 'Object Repository/DashboardScreenElements/StartYourDayButton' is exist

2018-05-18 11:43:34 - [MESSAGE][WARNING] - Timeout '0' is invalid. Using default page load timeout: '30'

2018-05-18 11:43:35 - [MESSAGE][PASSED] - Element 'Object Repository/DashboardScreenElements/StartYourDayButton' is exist

2018-05-18 11:43:35 - [TEST_STEP][PASSED] - delay: Delayed 1 second(s)

2018-05-18 11:43:36 - [MESSAGE][PASSED] - Delayed 1 second(s)

2018-05-18 11:43:36 - [TEST_STEP][PASSED] - customKeywordsCollection.CustomKeywords.selectCurrentDay: customKeywordsCollection.CustomKeywords.selectCurrentDay is PASSED

2018-05-18 11:43:40 - [MESSAGE][WARNING] - Timeout '0' is invalid. Using default page load timeout: '30'

2018-05-18 11:43:41 - [MESSAGE][PASSED] - Tapped on element 'Object Repository/DashboardScreenElements/DaysDropDownMenu'

2018-05-18 11:43:42 - [MESSAGE][PASSED] - Delayed 1 second(s)

2018-05-18 11:43:44 - [MESSAGE][PASSED] - Delayed 1 second(s)

2018-05-18 11:43:44 - [MESSAGE][PASSED] - customKeywordsCollection.CustomKeywords.selectCurrentDay is PASSED

2018-05-18 11:43:44 - [TEST_STEP][PASSED] - delay: Delayed 1 second(s)

2018-05-18 11:43:45 - [MESSAGE][PASSED] - Delayed 1 second(s)

2018-05-18 11:43:45 - [TEST_STEP][PASSED] - tap: Tapped on element 'Object Repository/DashboardScreenElements/StartYourDayButton'

2018-05-18 11:43:45 - [MESSAGE][WARNING] - Timeout '0' is invalid. Using default page load timeout: '30'

2018-05-18 11:43:46 - [MESSAGE][PASSED] - Tapped on element 'Object Repository/DashboardScreenElements/StartYourDayButton'

2018-05-18 11:43:46 - [TEST_STEP][PASSED] - delay: Delayed 18 second(s)

2018-05-18 11:44:04 - [MESSAGE][PASSED] - Delayed 18 second(s)

2018-05-18 11:44:04 - [TEST_STEP][PASSED] - verifyElementExist: Element 'Object Repository/CommonScreenElements/Validate_MapScreen' is exist

2018-05-18 11:44:04 - [MESSAGE][WARNING] - Timeout '0' is invalid. Using default page load timeout: '30'

2018-05-18 11:44:04 - [MESSAGE][PASSED] - Element 'Object Repository/CommonScreenElements/Validate_MapScreen' is exist

2018-05-18 11:44:04 - [TEST_STEP][PASSED] - delay: Delayed 1 second(s)

2018-05-18 11:44:05 - [MESSAGE][PASSED] - Delayed 1 second(s)

2018-05-18 11:44:05 - [TEST_STEP][PASSED] - tap: Tapped on element 'Object Repository/CommonScreenElements/CheckInButton'

2018-05-18 11:44:05 - [MESSAGE][WARNING] - Timeout '0' is invalid. Using default page load timeout: '30'

2018-05-18 11:44:06 - [MESSAGE][PASSED] - Tapped on element 'Object Repository/CommonScreenElements/CheckInButton'

2018-05-18 11:44:06 - [TEST_STEP][PASSED] - delay: Delayed 1 second(s)

2018-05-18 11:44:07 - [MESSAGE][PASSED] - Delayed 1 second(s)

2018-05-18 11:44:07 - [TEST_STEP][PASSED] - verifyElementExist: Element 'Object Repository/CommonScreenElements/Validate_InfoPopUpDialog' is exist

2018-05-18 11:44:07 - [MESSAGE][WARNING] - Timeout '0' is invalid. Using default page load timeout: '30'

2018-05-18 11:44:07 - [MESSAGE][PASSED] - Element 'Object Repository/CommonScreenElements/Validate_InfoPopUpDialog' is exist

2018-05-18 11:44:07 - [TEST_STEP][PASSED] - delay: Delayed 1 second(s)

2018-05-18 11:44:08 - [MESSAGE][PASSED] - Delayed 1 second(s)

2018-05-18 11:44:08 - [TEST_STEP][PASSED] - tap: Tapped on element 'Object Repository/CommonScreenElements/InfoPopUp_YesButton'

2018-05-18 11:44:08 - [MESSAGE][WARNING] - Timeout '0' is invalid. Using default page load timeout: '30'

2018-05-18 11:44:09 - [MESSAGE][PASSED] - Tapped on element 'Object Repository/CommonScreenElements/InfoPopUp_YesButton'

2018-05-18 11:44:09 - [TEST_STEP][PASSED] - delay: Delayed 1 second(s)

2018-05-18 11:44:10 - [MESSAGE][PASSED] - Delayed 1 second(s)

2018-05-18 11:44:10 - [TEST_STEP][PASSED] - verifyElementText: Actual text and expected text of test object 'Object Repository/DistributionRegionScreenElements/Validate_RouteScreen' are matched.

2018-05-18 11:44:10 - [MESSAGE][PASSED] - Actual text and expected text of test object 'Object Repository/DistributionRegionScreenElements/Validate_RouteScreen' are matched.

2018-05-18 11:44:10 - [TEST_STEP][PASSED] - delay: Delayed 1 second(s)

2018-05-18 11:44:11 - [MESSAGE][PASSED] - Delayed 1 second(s)

2018-05-18 11:44:11 - [TEST_STEP][PASSED] - tap: Tapped on element 'Object Repository/DistributionRegionScreenElements/Route_NextButton'

2018-05-18 11:44:12 - [MESSAGE][WARNING] - Timeout '0' is invalid. Using default page load timeout: '30'

2018-05-18 11:44:13 - [MESSAGE][PASSED] - Tapped on element 'Object Repository/DistributionRegionScreenElements/Route_NextButton'

2018-05-18 11:44:13 - [TEST_STEP][PASSED] - delay: Delayed 1 second(s)

2018-05-18 11:44:14 - [MESSAGE][PASSED] - Delayed 1 second(s)

2018-05-18 11:44:14 - [TEST_STEP][PASSED] - verifyElementExist: Element 'Object Repository/DistributionRegionScreenElements/Validate_FieldsScreen' is exist

2018-05-18 11:44:14 - [MESSAGE][WARNING] - Timeout '0' is invalid. Using default page load timeout: '30'

2018-05-18 11:44:14 - [MESSAGE][PASSED] - Element 'Object Repository/DistributionRegionScreenElements/Validate_FieldsScreen' is exist

2018-05-18 11:44:14 - [TEST_STEP][PASSED] - delay: Delayed 1 second(s)

2018-05-18 11:44:15 - [MESSAGE][PASSED] - Delayed 1 second(s)

2018-05-18 11:44:15 - [TEST_STEP][PASSED] - setText: Text '101' has been set to element 'Object Repository/DistributionRegionScreenElements/BrandMessage_TextField'

2018-05-18 11:44:16 - [MESSAGE][WARNING] - Timeout '0' is invalid. Using default page load timeout: '30'

2018-05-18 11:44:27 - [MESSAGE][PASSED] - Text '101' has been set to element 'Object Repository/DistributionRegionScreenElements/BrandMessage_TextField'

2018-05-18 11:44:27 - [TEST_STEP][PASSED] - setText: Text '102' has been set to element 'Object Repository/DistributionRegionScreenElements/CorporationMessage_TextField'

2018-05-18 11:44:27 - [MESSAGE][WARNING] - Timeout '0' is invalid. Using default page load timeout: '30'

2018-05-18 11:44:38 - [MESSAGE][PASSED] - Text '102' has been set to element 'Object Repository/DistributionRegionScreenElements/CorporationMessage_TextField'

2018-05-18 11:44:38 - [TEST_STEP][PASSED] - setText: Text '103' has been set to element 'Object Repository/DistributionRegionScreenElements/ValueMessage_TextField'

2018-05-18 11:44:38 - [MESSAGE][WARNING] - Timeout '0' is invalid. Using default page load timeout: '30'

2018-05-18 11:44:49 - [MESSAGE][PASSED] - Text '103' has been set to element 'Object Repository/DistributionRegionScreenElements/ValueMessage_TextField'

2018-05-18 11:44:49 - [TEST_STEP][PASSED] - setText: Text '100' has been set to element 'Object Repository/DistributionRegionScreenElements/Poster_TextField'

2018-05-18 11:44:49 - [MESSAGE][WARNING] - Timeout '0' is invalid. Using default page load timeout: '30'

2018-05-18 11:44:59 - [MESSAGE][PASSED] - Text '100' has been set to element 'Object Repository/DistributionRegionScreenElements/Poster_TextField'

2018-05-18 11:44:59 - [TEST_STEP][PASSED] - hideKeyboard: Keyboard is hidden

2018-05-18 11:45:01 - [MESSAGE][PASSED] - Keyboard is hidden

2018-05-18 11:45:01 - [TEST_STEP][PASSED] - tap: Tapped on element 'Object Repository/DistributionRegionScreenElements/Fields_SubmitButton'

2018-05-18 11:45:01 - [MESSAGE][WARNING] - Timeout '0' is invalid. Using default page load timeout: '30'

2018-05-18 11:45:02 - [MESSAGE][PASSED] - Tapped on element 'Object Repository/DistributionRegionScreenElements/Fields_SubmitButton'

2018-05-18 11:45:02 - [TEST_STEP][PASSED] - delay: Delayed 1 second(s)

2018-05-18 11:45:03 - [MESSAGE][PASSED] - Delayed 1 second(s)]]></system-out>
         <system-err><![CDATA[]]></system-err>
      </testcase>
      <testcase name="Test Cases/ChooseHFSShop/SelectAndStartYourDay" classname="Test Cases/ChooseHFSShop/SelectAndStartYourDay" status="PASSED">
         <system-out><![CDATA[2018-05-18 11:45:03 - [TEST_CASE][PASSED] - Test Cases/ChooseHFSShop/SelectAndStartYourDay: Test Cases/ChooseHFSShop/SelectAndStartYourDay

2018-05-18 11:45:04 - [TEST_STEP][PASSED] - verifyElementExist: Element 'Object Repository/DashboardScreenElements/StartYourDayButton' is exist

2018-05-18 11:45:04 - [MESSAGE][WARNING] - Timeout '0' is invalid. Using default page load timeout: '30'

2018-05-18 11:45:04 - [MESSAGE][PASSED] - Element 'Object Repository/DashboardScreenElements/StartYourDayButton' is exist

2018-05-18 11:45:04 - [TEST_STEP][PASSED] - customKeywordsCollection.CustomKeywords.selectCurrentDay: customKeywordsCollection.CustomKeywords.selectCurrentDay is PASSED

2018-05-18 11:45:05 - [MESSAGE][PASSED] - customKeywordsCollection.CustomKeywords.selectCurrentDay is PASSED

2018-05-18 11:45:05 - [TEST_STEP][PASSED] - tap: Tapped on element 'Object Repository/DashboardScreenElements/StartYourDayButton'

2018-05-18 11:45:05 - [MESSAGE][WARNING] - Timeout '0' is invalid. Using default page load timeout: '30'

2018-05-18 11:45:06 - [MESSAGE][PASSED] - Tapped on element 'Object Repository/DashboardScreenElements/StartYourDayButton'

2018-05-18 11:45:06 - [TEST_STEP][PASSED] - delay: Delayed 1 second(s)

2018-05-18 11:45:07 - [MESSAGE][PASSED] - Delayed 1 second(s)

2018-05-18 11:45:07 - [TEST_STEP][PASSED] - delay: Delayed 1 second(s)

2018-05-18 11:45:08 - [MESSAGE][PASSED] - Delayed 1 second(s)]]></system-out>
         <system-err><![CDATA[]]></system-err>
      </testcase>
      <testcase name="Test Cases/ChooseHFSShop/ChooseShopForShopClosed" classname="Test Cases/ChooseHFSShop/ChooseShopForShopClosed" status="PASSED">
         <system-out><![CDATA[2018-05-18 11:45:08 - [TEST_CASE][PASSED] - Test Cases/ChooseHFSShop/ChooseShopForShopClosed: Test Cases/ChooseHFSShop/ChooseShopForShopClosed

2018-05-18 11:45:09 - [TEST_STEP][PASSED] - verifyElementText: Actual text and expected text of test object 'Object Repository/ShopActionsScreenElements/Validate_ShopsListScreen' are matched.

2018-05-18 11:45:09 - [MESSAGE][PASSED] - Actual text and expected text of test object 'Object Repository/ShopActionsScreenElements/Validate_ShopsListScreen' are matched.

2018-05-18 11:45:09 - [TEST_STEP][PASSED] - delay: Delayed 1 second(s)

2018-05-18 11:45:10 - [MESSAGE][PASSED] - Delayed 1 second(s)

2018-05-18 11:45:10 - [TEST_STEP][PASSED] - customKeywordsCollection.CustomKeywords.selectHFSShop: customKeywordsCollection.CustomKeywords.selectHFSShop is PASSED

2018-05-18 11:45:14 - [MESSAGE][PASSED] - Delayed 1 second(s)

2018-05-18 11:45:14 - [MESSAGE][PASSED] - customKeywordsCollection.CustomKeywords.selectHFSShop is PASSED]]></system-out>
         <system-err><![CDATA[]]></system-err>
      </testcase>
      <testcase name="Test Cases/ChooseHFSShop/ShopClosed/VisitShopClosed" classname="Test Cases/ChooseHFSShop/ShopClosed/VisitShopClosed" status="PASSED">
         <system-out><![CDATA[2018-05-18 11:45:14 - [TEST_CASE][PASSED] - Test Cases/ChooseHFSShop/ShopClosed/VisitShopClosed: Test Cases/ChooseHFSShop/ShopClosed/VisitShopClosed

2018-05-18 11:45:15 - [TEST_STEP][PASSED] - verifyElementText: Actual text and expected text of test object 'Object Repository/ShopActionsScreenElements/Validate_ShopOptionsScreen' are matched.

2018-05-18 11:45:15 - [MESSAGE][PASSED] - Actual text and expected text of test object 'Object Repository/ShopActionsScreenElements/Validate_ShopOptionsScreen' are matched.

2018-05-18 11:45:15 - [TEST_STEP][PASSED] - delay: Delayed 1 second(s)

2018-05-18 11:45:16 - [MESSAGE][PASSED] - Delayed 1 second(s)

2018-05-18 11:45:16 - [TEST_STEP][PASSED] - tap: Tapped on element 'Object Repository/ShopActionsScreenElements/StartWorking'

2018-05-18 11:45:16 - [MESSAGE][WARNING] - Timeout '0' is invalid. Using default page load timeout: '30'

2018-05-18 11:45:17 - [MESSAGE][PASSED] - Tapped on element 'Object Repository/ShopActionsScreenElements/StartWorking'

2018-05-18 11:45:17 - [TEST_STEP][PASSED] - delay: Delayed 18 second(s)

2018-05-18 11:45:35 - [MESSAGE][PASSED] - Delayed 18 second(s)

2018-05-18 11:45:35 - [TEST_STEP][PASSED] - verifyElementExist: Element 'Object Repository/CommonScreenElements/Validate_MapScreen' is exist

2018-05-18 11:45:35 - [MESSAGE][WARNING] - Timeout '0' is invalid. Using default page load timeout: '30'

2018-05-18 11:45:35 - [MESSAGE][PASSED] - Element 'Object Repository/CommonScreenElements/Validate_MapScreen' is exist

2018-05-18 11:45:35 - [TEST_STEP][PASSED] - delay: Delayed 1 second(s)

2018-05-18 11:45:36 - [MESSAGE][PASSED] - Delayed 1 second(s)

2018-05-18 11:45:36 - [TEST_STEP][PASSED] - tap: Tapped on element 'Object Repository/CommonScreenElements/CheckInButton'

2018-05-18 11:45:36 - [MESSAGE][WARNING] - Timeout '0' is invalid. Using default page load timeout: '30'

2018-05-18 11:45:37 - [MESSAGE][PASSED] - Tapped on element 'Object Repository/CommonScreenElements/CheckInButton'

2018-05-18 11:45:37 - [TEST_STEP][PASSED] - delay: Delayed 1 second(s)

2018-05-18 11:45:38 - [MESSAGE][PASSED] - Delayed 1 second(s)

2018-05-18 11:45:38 - [TEST_STEP][PASSED] - verifyElementExist: Element 'Object Repository/CommonScreenElements/Validate_InfoPopUpDialog' is exist

2018-05-18 11:45:38 - [MESSAGE][WARNING] - Timeout '0' is invalid. Using default page load timeout: '30'

2018-05-18 11:45:38 - [MESSAGE][PASSED] - Element 'Object Repository/CommonScreenElements/Validate_InfoPopUpDialog' is exist

2018-05-18 11:45:38 - [TEST_STEP][PASSED] - delay: Delayed 1 second(s)

2018-05-18 11:45:39 - [MESSAGE][PASSED] - Delayed 1 second(s)

2018-05-18 11:45:39 - [TEST_STEP][PASSED] - tap: Tapped on element 'Object Repository/CommonScreenElements/InfoPopUp_YesButton'

2018-05-18 11:45:39 - [MESSAGE][WARNING] - Timeout '0' is invalid. Using default page load timeout: '30'

2018-05-18 11:45:40 - [MESSAGE][PASSED] - Tapped on element 'Object Repository/CommonScreenElements/InfoPopUp_YesButton'

2018-05-18 11:45:40 - [TEST_STEP][PASSED] - delay: Delayed 1 second(s)

2018-05-18 11:45:41 - [MESSAGE][PASSED] - Delayed 1 second(s)

2018-05-18 11:45:41 - [TEST_STEP][PASSED] - verifyElementExist: Element 'Object Repository/ShopActionsScreenElements/ShopClosed' is exist

2018-05-18 11:45:41 - [MESSAGE][WARNING] - Timeout '0' is invalid. Using default page load timeout: '30'

2018-05-18 11:45:41 - [MESSAGE][PASSED] - Element 'Object Repository/ShopActionsScreenElements/ShopClosed' is exist

2018-05-18 11:45:41 - [TEST_STEP][PASSED] - delay: Delayed 1 second(s)

2018-05-18 11:45:42 - [MESSAGE][PASSED] - Delayed 1 second(s)

2018-05-18 11:45:42 - [TEST_STEP][PASSED] - tap: Tapped on element 'Object Repository/ShopActionsScreenElements/ShopClosed'

2018-05-18 11:45:42 - [MESSAGE][WARNING] - Timeout '0' is invalid. Using default page load timeout: '30'

2018-05-18 11:45:45 - [MESSAGE][PASSED] - Tapped on element 'Object Repository/ShopActionsScreenElements/ShopClosed'

2018-05-18 11:45:45 - [TEST_STEP][PASSED] - delay: Delayed 1 second(s)

2018-05-18 11:45:46 - [MESSAGE][PASSED] - Delayed 1 second(s)

2018-05-18 11:45:46 - [TEST_STEP][PASSED] - verifyElementExist: Element 'Object Repository/CommonScreenElements/Validate_CameraScreen' is exist

2018-05-18 11:45:46 - [MESSAGE][WARNING] - Timeout '0' is invalid. Using default page load timeout: '30'

2018-05-18 11:45:46 - [MESSAGE][PASSED] - Element 'Object Repository/CommonScreenElements/Validate_CameraScreen' is exist

2018-05-18 11:45:46 - [TEST_STEP][PASSED] - delay: Delayed 1 second(s)

2018-05-18 11:45:47 - [MESSAGE][PASSED] - Delayed 1 second(s)

2018-05-18 11:45:47 - [TEST_STEP][PASSED] - tap: Tapped on element 'Object Repository/CommonScreenElements/TakePictureButton'

2018-05-18 11:45:47 - [MESSAGE][WARNING] - Timeout '0' is invalid. Using default page load timeout: '30'

2018-05-18 11:45:51 - [MESSAGE][PASSED] - Tapped on element 'Object Repository/CommonScreenElements/TakePictureButton'

2018-05-18 11:45:51 - [TEST_STEP][PASSED] - delay: Delayed 5 second(s)

2018-05-18 11:45:56 - [MESSAGE][PASSED] - Delayed 5 second(s)

2018-05-18 11:45:56 - [TEST_STEP][PASSED] - tap: Tapped on element 'Object Repository/CommonScreenElements/DoneButton'

2018-05-18 11:45:56 - [MESSAGE][WARNING] - Timeout '0' is invalid. Using default page load timeout: '30'

2018-05-18 11:45:56 - [MESSAGE][PASSED] - Tapped on element 'Object Repository/CommonScreenElements/DoneButton'

2018-05-18 11:45:56 - [TEST_STEP][PASSED] - delay: Delayed 1 second(s)

2018-05-18 11:45:57 - [MESSAGE][PASSED] - Delayed 1 second(s)]]></system-out>
         <system-err><![CDATA[]]></system-err>
      </testcase>
      <testcase name="Test Cases/ChooseHFSShop/ChooseShopForShopPermanentlyClosed" classname="Test Cases/ChooseHFSShop/ChooseShopForShopPermanentlyClosed" status="PASSED">
         <system-out><![CDATA[2018-05-18 11:45:57 - [TEST_CASE][PASSED] - Test Cases/ChooseHFSShop/ChooseShopForShopPermanentlyClosed: Test Cases/ChooseHFSShop/ChooseShopForShopPermanentlyClosed

2018-05-18 11:45:58 - [TEST_STEP][PASSED] - verifyElementText: Actual text and expected text of test object 'Object Repository/ShopActionsScreenElements/Validate_ShopsListScreen' are matched.

2018-05-18 11:45:59 - [MESSAGE][PASSED] - Actual text and expected text of test object 'Object Repository/ShopActionsScreenElements/Validate_ShopsListScreen' are matched.

2018-05-18 11:45:59 - [TEST_STEP][PASSED] - delay: Delayed 1 second(s)

2018-05-18 11:46:00 - [MESSAGE][PASSED] - Delayed 1 second(s)

2018-05-18 11:46:00 - [TEST_STEP][PASSED] - customKeywordsCollection.CustomKeywords.selectHFSShop: customKeywordsCollection.CustomKeywords.selectHFSShop is PASSED

2018-05-18 11:46:03 - [MESSAGE][PASSED] - Delayed 1 second(s)

2018-05-18 11:46:03 - [MESSAGE][PASSED] - customKeywordsCollection.CustomKeywords.selectHFSShop is PASSED]]></system-out>
         <system-err><![CDATA[]]></system-err>
      </testcase>
      <testcase name="Test Cases/ChooseHFSShop/ShopPermanentlyClosed/VisitShopPermanentlyClosed" classname="Test Cases/ChooseHFSShop/ShopPermanentlyClosed/VisitShopPermanentlyClosed" status="PASSED">
         <system-out><![CDATA[2018-05-18 11:46:03 - [TEST_CASE][PASSED] - Test Cases/ChooseHFSShop/ShopPermanentlyClosed/VisitShopPermanentlyClosed: Test Cases/ChooseHFSShop/ShopPermanentlyClosed/VisitShopPermanentlyClosed

2018-05-18 11:46:03 - [TEST_STEP][PASSED] - verifyElementText: Actual text and expected text of test object 'Object Repository/ShopActionsScreenElements/Validate_ShopOptionsScreen' are matched.

2018-05-18 11:46:04 - [MESSAGE][PASSED] - Actual text and expected text of test object 'Object Repository/ShopActionsScreenElements/Validate_ShopOptionsScreen' are matched.

2018-05-18 11:46:04 - [TEST_STEP][PASSED] - delay: Delayed 1 second(s)

2018-05-18 11:46:05 - [MESSAGE][PASSED] - Delayed 1 second(s)

2018-05-18 11:46:05 - [TEST_STEP][PASSED] - tap: Tapped on element 'Object Repository/ShopActionsScreenElements/StartWorking'

2018-05-18 11:46:05 - [MESSAGE][WARNING] - Timeout '0' is invalid. Using default page load timeout: '30'

2018-05-18 11:46:06 - [MESSAGE][PASSED] - Tapped on element 'Object Repository/ShopActionsScreenElements/StartWorking'

2018-05-18 11:46:06 - [TEST_STEP][PASSED] - delay: Delayed 1 second(s)

2018-05-18 11:46:07 - [MESSAGE][PASSED] - Delayed 1 second(s)

2018-05-18 11:46:07 - [TEST_STEP][PASSED] - verifyElementExist: Element 'Object Repository/CommonScreenElements/Validate_InfoPopUpDialog' is exist

2018-05-18 11:46:07 - [MESSAGE][WARNING] - Timeout '0' is invalid. Using default page load timeout: '30'

2018-05-18 11:46:07 - [MESSAGE][PASSED] - Element 'Object Repository/CommonScreenElements/Validate_InfoPopUpDialog' is exist

2018-05-18 11:46:07 - [TEST_STEP][PASSED] - delay: Delayed 1 second(s)

2018-05-18 11:46:08 - [MESSAGE][PASSED] - Delayed 1 second(s)

2018-05-18 11:46:08 - [TEST_STEP][PASSED] - tap: Tapped on element 'Object Repository/CommonScreenElements/InfoPopUp_YesButton'

2018-05-18 11:46:08 - [MESSAGE][WARNING] - Timeout '0' is invalid. Using default page load timeout: '30'

2018-05-18 11:46:09 - [MESSAGE][PASSED] - Tapped on element 'Object Repository/CommonScreenElements/InfoPopUp_YesButton'

2018-05-18 11:46:09 - [TEST_STEP][PASSED] - delay: Delayed 18 second(s)

2018-05-18 11:46:27 - [MESSAGE][PASSED] - Delayed 18 second(s)

2018-05-18 11:46:27 - [TEST_STEP][PASSED] - verifyElementExist: Element 'Object Repository/CommonScreenElements/Validate_MapScreen' is exist

2018-05-18 11:46:27 - [MESSAGE][WARNING] - Timeout '0' is invalid. Using default page load timeout: '30'

2018-05-18 11:46:27 - [MESSAGE][PASSED] - Element 'Object Repository/CommonScreenElements/Validate_MapScreen' is exist

2018-05-18 11:46:27 - [TEST_STEP][PASSED] - delay: Delayed 1 second(s)

2018-05-18 11:46:28 - [MESSAGE][PASSED] - Delayed 1 second(s)

2018-05-18 11:46:28 - [TEST_STEP][PASSED] - tap: Tapped on element 'Object Repository/CommonScreenElements/CheckInButton'

2018-05-18 11:46:28 - [MESSAGE][WARNING] - Timeout '0' is invalid. Using default page load timeout: '30'

2018-05-18 11:46:29 - [MESSAGE][PASSED] - Tapped on element 'Object Repository/CommonScreenElements/CheckInButton'

2018-05-18 11:46:29 - [TEST_STEP][PASSED] - delay: Delayed 1 second(s)

2018-05-18 11:46:30 - [MESSAGE][PASSED] - Delayed 1 second(s)

2018-05-18 11:46:30 - [TEST_STEP][PASSED] - verifyElementExist: Element 'Object Repository/CommonScreenElements/Validate_InfoPopUpDialog' is exist

2018-05-18 11:46:30 - [MESSAGE][WARNING] - Timeout '0' is invalid. Using default page load timeout: '30'

2018-05-18 11:46:30 - [MESSAGE][PASSED] - Element 'Object Repository/CommonScreenElements/Validate_InfoPopUpDialog' is exist

2018-05-18 11:46:30 - [TEST_STEP][PASSED] - delay: Delayed 1 second(s)

2018-05-18 11:46:31 - [MESSAGE][PASSED] - Delayed 1 second(s)

2018-05-18 11:46:31 - [TEST_STEP][PASSED] - tap: Tapped on element 'Object Repository/CommonScreenElements/InfoPopUp_YesButton'

2018-05-18 11:46:31 - [MESSAGE][WARNING] - Timeout '0' is invalid. Using default page load timeout: '30'

2018-05-18 11:46:32 - [MESSAGE][PASSED] - Tapped on element 'Object Repository/CommonScreenElements/InfoPopUp_YesButton'

2018-05-18 11:46:32 - [TEST_STEP][PASSED] - delay: Delayed 1 second(s)

2018-05-18 11:46:33 - [MESSAGE][PASSED] - Delayed 1 second(s)

2018-05-18 11:46:33 - [TEST_STEP][PASSED] - verifyElementExist: Element 'Object Repository/ShopActionsScreenElements/ShopPermanentlyClosed' is exist

2018-05-18 11:46:33 - [MESSAGE][WARNING] - Timeout '0' is invalid. Using default page load timeout: '30'

2018-05-18 11:46:33 - [MESSAGE][PASSED] - Element 'Object Repository/ShopActionsScreenElements/ShopPermanentlyClosed' is exist

2018-05-18 11:46:33 - [TEST_STEP][PASSED] - delay: Delayed 1 second(s)

2018-05-18 11:46:34 - [MESSAGE][PASSED] - Delayed 1 second(s)

2018-05-18 11:46:34 - [TEST_STEP][PASSED] - tap: Tapped on element 'Object Repository/ShopActionsScreenElements/ShopPermanentlyClosed'

2018-05-18 11:46:34 - [MESSAGE][WARNING] - Timeout '0' is invalid. Using default page load timeout: '30'

2018-05-18 11:46:35 - [MESSAGE][PASSED] - Tapped on element 'Object Repository/ShopActionsScreenElements/ShopPermanentlyClosed'

2018-05-18 11:46:35 - [TEST_STEP][PASSED] - delay: Delayed 1 second(s)

2018-05-18 11:46:36 - [MESSAGE][PASSED] - Delayed 1 second(s)

2018-05-18 11:46:37 - [TEST_STEP][PASSED] - verifyElementExist: Element 'Object Repository/CommonScreenElements/Validate_CameraScreen' is exist

2018-05-18 11:46:37 - [MESSAGE][WARNING] - Timeout '0' is invalid. Using default page load timeout: '30'

2018-05-18 11:46:37 - [MESSAGE][PASSED] - Element 'Object Repository/CommonScreenElements/Validate_CameraScreen' is exist

2018-05-18 11:46:37 - [TEST_STEP][PASSED] - delay: Delayed 1 second(s)

2018-05-18 11:46:38 - [MESSAGE][PASSED] - Delayed 1 second(s)

2018-05-18 11:46:38 - [TEST_STEP][PASSED] - tap: Tapped on element 'Object Repository/CommonScreenElements/TakePictureButton'

2018-05-18 11:46:38 - [MESSAGE][WARNING] - Timeout '0' is invalid. Using default page load timeout: '30'

2018-05-18 11:46:41 - [MESSAGE][PASSED] - Tapped on element 'Object Repository/CommonScreenElements/TakePictureButton'

2018-05-18 11:46:41 - [TEST_STEP][PASSED] - delay: Delayed 5 second(s)

2018-05-18 11:46:46 - [MESSAGE][PASSED] - Delayed 5 second(s)

2018-05-18 11:46:46 - [TEST_STEP][PASSED] - tap: Tapped on element 'Object Repository/CommonScreenElements/DoneButton'

2018-05-18 11:46:46 - [MESSAGE][WARNING] - Timeout '0' is invalid. Using default page load timeout: '30'

2018-05-18 11:46:47 - [MESSAGE][PASSED] - Tapped on element 'Object Repository/CommonScreenElements/DoneButton'

2018-05-18 11:46:47 - [TEST_STEP][PASSED] - delay: Delayed 1 second(s)

2018-05-18 11:46:48 - [MESSAGE][PASSED] - Delayed 1 second(s)]]></system-out>
         <system-err><![CDATA[]]></system-err>
      </testcase>
      <testcase name="Test Cases/ChooseHFSShop/ChooseShopForShopNotFound" classname="Test Cases/ChooseHFSShop/ChooseShopForShopNotFound" status="PASSED">
         <system-out><![CDATA[2018-05-18 11:46:48 - [TEST_CASE][PASSED] - Test Cases/ChooseHFSShop/ChooseShopForShopNotFound: Test Cases/ChooseHFSShop/ChooseShopForShopNotFound

2018-05-18 11:46:49 - [TEST_STEP][PASSED] - verifyElementText: Actual text and expected text of test object 'Object Repository/ShopActionsScreenElements/Validate_ShopsListScreen' are matched.

2018-05-18 11:46:50 - [MESSAGE][PASSED] - Actual text and expected text of test object 'Object Repository/ShopActionsScreenElements/Validate_ShopsListScreen' are matched.

2018-05-18 11:46:50 - [TEST_STEP][PASSED] - delay: Delayed 1 second(s)

2018-05-18 11:46:51 - [MESSAGE][PASSED] - Delayed 1 second(s)

2018-05-18 11:46:51 - [TEST_STEP][PASSED] - customKeywordsCollection.CustomKeywords.selectHFSShop: customKeywordsCollection.CustomKeywords.selectHFSShop is PASSED

2018-05-18 11:46:54 - [MESSAGE][PASSED] - Delayed 1 second(s)

2018-05-18 11:46:54 - [MESSAGE][PASSED] - customKeywordsCollection.CustomKeywords.selectHFSShop is PASSED]]></system-out>
         <system-err><![CDATA[]]></system-err>
      </testcase>
      <testcase name="Test Cases/ChooseHFSShop/ShopNotFound/VisitShopNotFound" classname="Test Cases/ChooseHFSShop/ShopNotFound/VisitShopNotFound" status="PASSED">
         <system-out><![CDATA[2018-05-18 11:46:54 - [TEST_CASE][PASSED] - Test Cases/ChooseHFSShop/ShopNotFound/VisitShopNotFound: Test Cases/ChooseHFSShop/ShopNotFound/VisitShopNotFound

2018-05-18 11:46:55 - [TEST_STEP][PASSED] - verifyElementText: Actual text and expected text of test object 'Object Repository/ShopActionsScreenElements/Validate_ShopOptionsScreen' are matched.

2018-05-18 11:46:55 - [MESSAGE][PASSED] - Actual text and expected text of test object 'Object Repository/ShopActionsScreenElements/Validate_ShopOptionsScreen' are matched.

2018-05-18 11:46:55 - [TEST_STEP][PASSED] - delay: Delayed 1 second(s)

2018-05-18 11:46:56 - [MESSAGE][PASSED] - Delayed 1 second(s)

2018-05-18 11:46:56 - [TEST_STEP][PASSED] - tap: Tapped on element 'Object Repository/ShopActionsScreenElements/StartWorking'

2018-05-18 11:46:56 - [MESSAGE][WARNING] - Timeout '0' is invalid. Using default page load timeout: '30'

2018-05-18 11:46:57 - [MESSAGE][PASSED] - Tapped on element 'Object Repository/ShopActionsScreenElements/StartWorking'

2018-05-18 11:46:57 - [TEST_STEP][PASSED] - delay: Delayed 1 second(s)

2018-05-18 11:46:58 - [MESSAGE][PASSED] - Delayed 1 second(s)

2018-05-18 11:46:58 - [TEST_STEP][PASSED] - verifyElementExist: Element 'Object Repository/CommonScreenElements/Validate_InfoPopUpDialog' is exist

2018-05-18 11:46:58 - [MESSAGE][WARNING] - Timeout '0' is invalid. Using default page load timeout: '30'

2018-05-18 11:46:58 - [MESSAGE][PASSED] - Element 'Object Repository/CommonScreenElements/Validate_InfoPopUpDialog' is exist

2018-05-18 11:46:58 - [TEST_STEP][PASSED] - delay: Delayed 1 second(s)

2018-05-18 11:46:59 - [MESSAGE][PASSED] - Delayed 1 second(s)

2018-05-18 11:46:59 - [TEST_STEP][PASSED] - tap: Tapped on element 'Object Repository/CommonScreenElements/InfoPopUp_YesButton'

2018-05-18 11:46:59 - [MESSAGE][WARNING] - Timeout '0' is invalid. Using default page load timeout: '30'

2018-05-18 11:47:00 - [MESSAGE][PASSED] - Tapped on element 'Object Repository/CommonScreenElements/InfoPopUp_YesButton'

2018-05-18 11:47:00 - [TEST_STEP][PASSED] - delay: Delayed 18 second(s)

2018-05-18 11:47:18 - [MESSAGE][PASSED] - Delayed 18 second(s)

2018-05-18 11:47:18 - [TEST_STEP][PASSED] - verifyElementExist: Element 'Object Repository/CommonScreenElements/Validate_MapScreen' is exist

2018-05-18 11:47:18 - [MESSAGE][WARNING] - Timeout '0' is invalid. Using default page load timeout: '30'

2018-05-18 11:47:18 - [MESSAGE][PASSED] - Element 'Object Repository/CommonScreenElements/Validate_MapScreen' is exist

2018-05-18 11:47:18 - [TEST_STEP][PASSED] - delay: Delayed 1 second(s)

2018-05-18 11:47:19 - [MESSAGE][PASSED] - Delayed 1 second(s)

2018-05-18 11:47:19 - [TEST_STEP][PASSED] - tap: Tapped on element 'Object Repository/CommonScreenElements/CheckInButton'

2018-05-18 11:47:19 - [MESSAGE][WARNING] - Timeout '0' is invalid. Using default page load timeout: '30'

2018-05-18 11:47:20 - [MESSAGE][PASSED] - Tapped on element 'Object Repository/CommonScreenElements/CheckInButton'

2018-05-18 11:47:20 - [TEST_STEP][PASSED] - delay: Delayed 1 second(s)

2018-05-18 11:47:21 - [MESSAGE][PASSED] - Delayed 1 second(s)

2018-05-18 11:47:21 - [TEST_STEP][PASSED] - verifyElementExist: Element 'Object Repository/CommonScreenElements/Validate_InfoPopUpDialog' is exist

2018-05-18 11:47:21 - [MESSAGE][WARNING] - Timeout '0' is invalid. Using default page load timeout: '30'

2018-05-18 11:47:21 - [MESSAGE][PASSED] - Element 'Object Repository/CommonScreenElements/Validate_InfoPopUpDialog' is exist

2018-05-18 11:47:21 - [TEST_STEP][PASSED] - delay: Delayed 1 second(s)

2018-05-18 11:47:22 - [MESSAGE][PASSED] - Delayed 1 second(s)

2018-05-18 11:47:22 - [TEST_STEP][PASSED] - tap: Tapped on element 'Object Repository/CommonScreenElements/InfoPopUp_YesButton'

2018-05-18 11:47:22 - [MESSAGE][WARNING] - Timeout '0' is invalid. Using default page load timeout: '30'

2018-05-18 11:47:23 - [MESSAGE][PASSED] - Tapped on element 'Object Repository/CommonScreenElements/InfoPopUp_YesButton'

2018-05-18 11:47:23 - [TEST_STEP][PASSED] - delay: Delayed 1 second(s)

2018-05-18 11:47:24 - [MESSAGE][PASSED] - Delayed 1 second(s)

2018-05-18 11:47:24 - [TEST_STEP][PASSED] - verifyElementExist: Element 'Object Repository/ShopActionsScreenElements/ShopNotFound' is exist

2018-05-18 11:47:24 - [MESSAGE][WARNING] - Timeout '0' is invalid. Using default page load timeout: '30'

2018-05-18 11:47:24 - [MESSAGE][PASSED] - Element 'Object Repository/ShopActionsScreenElements/ShopNotFound' is exist

2018-05-18 11:47:24 - [TEST_STEP][PASSED] - delay: Delayed 1 second(s)

2018-05-18 11:47:25 - [MESSAGE][PASSED] - Delayed 1 second(s)

2018-05-18 11:47:25 - [TEST_STEP][PASSED] - tap: Tapped on element 'Object Repository/ShopActionsScreenElements/ShopNotFound'

2018-05-18 11:47:25 - [MESSAGE][WARNING] - Timeout '0' is invalid. Using default page load timeout: '30'

2018-05-18 11:47:26 - [MESSAGE][PASSED] - Tapped on element 'Object Repository/ShopActionsScreenElements/ShopNotFound'

2018-05-18 11:47:26 - [TEST_STEP][PASSED] - delay: Delayed 1 second(s)

2018-05-18 11:47:27 - [MESSAGE][PASSED] - Delayed 1 second(s)

2018-05-18 11:47:27 - [TEST_STEP][PASSED] - verifyElementExist: Element 'Object Repository/CommonScreenElements/Validate_InfoPopUpDialog' is exist

2018-05-18 11:47:27 - [MESSAGE][WARNING] - Timeout '0' is invalid. Using default page load timeout: '30'

2018-05-18 11:47:27 - [MESSAGE][PASSED] - Element 'Object Repository/CommonScreenElements/Validate_InfoPopUpDialog' is exist

2018-05-18 11:47:27 - [TEST_STEP][PASSED] - delay: Delayed 1 second(s)

2018-05-18 11:47:28 - [MESSAGE][PASSED] - Delayed 1 second(s)

2018-05-18 11:47:28 - [TEST_STEP][PASSED] - tap: Tapped on element 'Object Repository/CommonScreenElements/InfoPopUp_YesButton'

2018-05-18 11:47:28 - [MESSAGE][WARNING] - Timeout '0' is invalid. Using default page load timeout: '30'

2018-05-18 11:47:29 - [MESSAGE][PASSED] - Tapped on element 'Object Repository/CommonScreenElements/InfoPopUp_YesButton'

2018-05-18 11:47:29 - [TEST_STEP][PASSED] - delay: Delayed 1 second(s)

2018-05-18 11:47:30 - [MESSAGE][PASSED] - Delayed 1 second(s)]]></system-out>
         <system-err><![CDATA[]]></system-err>
      </testcase>
      <testcase name="Test Cases/ChooseHFSShop/ChooseShopForShopToBeRemoved" classname="Test Cases/ChooseHFSShop/ChooseShopForShopToBeRemoved" status="PASSED">
         <system-out><![CDATA[2018-05-18 11:47:30 - [TEST_CASE][PASSED] - Test Cases/ChooseHFSShop/ChooseShopForShopToBeRemoved: Test Cases/ChooseHFSShop/ChooseShopForShopToBeRemoved

2018-05-18 11:47:30 - [TEST_STEP][PASSED] - verifyElementText: Actual text and expected text of test object 'Object Repository/ShopActionsScreenElements/Validate_ShopsListScreen' are matched.

2018-05-18 11:47:31 - [MESSAGE][PASSED] - Actual text and expected text of test object 'Object Repository/ShopActionsScreenElements/Validate_ShopsListScreen' are matched.

2018-05-18 11:47:31 - [TEST_STEP][PASSED] - delay: Delayed 1 second(s)

2018-05-18 11:47:32 - [MESSAGE][PASSED] - Delayed 1 second(s)

2018-05-18 11:47:32 - [TEST_STEP][PASSED] - customKeywordsCollection.CustomKeywords.selectHFSShop: customKeywordsCollection.CustomKeywords.selectHFSShop is PASSED

2018-05-18 11:47:35 - [MESSAGE][PASSED] - Delayed 1 second(s)

2018-05-18 11:47:35 - [MESSAGE][PASSED] - customKeywordsCollection.CustomKeywords.selectHFSShop is PASSED]]></system-out>
         <system-err><![CDATA[]]></system-err>
      </testcase>
      <testcase name="Test Cases/ChooseHFSShop/ShopToBeRemoved/VisitShopToBeRemoved" classname="Test Cases/ChooseHFSShop/ShopToBeRemoved/VisitShopToBeRemoved" status="PASSED">
         <system-out><![CDATA[2018-05-18 11:47:35 - [TEST_CASE][PASSED] - Test Cases/ChooseHFSShop/ShopToBeRemoved/VisitShopToBeRemoved: Test Cases/ChooseHFSShop/ShopToBeRemoved/VisitShopToBeRemoved

2018-05-18 11:47:36 - [TEST_STEP][PASSED] - verifyElementText: Actual text and expected text of test object 'Object Repository/ShopActionsScreenElements/Validate_ShopOptionsScreen' are matched.

2018-05-18 11:47:36 - [MESSAGE][PASSED] - Actual text and expected text of test object 'Object Repository/ShopActionsScreenElements/Validate_ShopOptionsScreen' are matched.

2018-05-18 11:47:36 - [TEST_STEP][PASSED] - delay: Delayed 1 second(s)

2018-05-18 11:47:37 - [MESSAGE][PASSED] - Delayed 1 second(s)

2018-05-18 11:47:37 - [TEST_STEP][PASSED] - tap: Tapped on element 'Object Repository/ShopActionsScreenElements/StartWorking'

2018-05-18 11:47:37 - [MESSAGE][WARNING] - Timeout '0' is invalid. Using default page load timeout: '30'

2018-05-18 11:47:38 - [MESSAGE][PASSED] - Tapped on element 'Object Repository/ShopActionsScreenElements/StartWorking'

2018-05-18 11:47:38 - [TEST_STEP][PASSED] - delay: Delayed 1 second(s)

2018-05-18 11:47:39 - [MESSAGE][PASSED] - Delayed 1 second(s)

2018-05-18 11:47:39 - [TEST_STEP][PASSED] - verifyElementExist: Element 'Object Repository/CommonScreenElements/Validate_InfoPopUpDialog' is exist

2018-05-18 11:47:39 - [MESSAGE][WARNING] - Timeout '0' is invalid. Using default page load timeout: '30'

2018-05-18 11:47:39 - [MESSAGE][PASSED] - Element 'Object Repository/CommonScreenElements/Validate_InfoPopUpDialog' is exist

2018-05-18 11:47:39 - [TEST_STEP][PASSED] - delay: Delayed 1 second(s)

2018-05-18 11:47:40 - [MESSAGE][PASSED] - Delayed 1 second(s)

2018-05-18 11:47:40 - [TEST_STEP][PASSED] - tap: Tapped on element 'Object Repository/CommonScreenElements/InfoPopUp_YesButton'

2018-05-18 11:47:40 - [MESSAGE][WARNING] - Timeout '0' is invalid. Using default page load timeout: '30'

2018-05-18 11:47:41 - [MESSAGE][PASSED] - Tapped on element 'Object Repository/CommonScreenElements/InfoPopUp_YesButton'

2018-05-18 11:47:41 - [TEST_STEP][PASSED] - delay: Delayed 18 second(s)

2018-05-18 11:47:59 - [MESSAGE][PASSED] - Delayed 18 second(s)

2018-05-18 11:47:59 - [TEST_STEP][PASSED] - verifyElementExist: Element 'Object Repository/CommonScreenElements/Validate_MapScreen' is exist

2018-05-18 11:47:59 - [MESSAGE][WARNING] - Timeout '0' is invalid. Using default page load timeout: '30'

2018-05-18 11:47:59 - [MESSAGE][PASSED] - Element 'Object Repository/CommonScreenElements/Validate_MapScreen' is exist

2018-05-18 11:47:59 - [TEST_STEP][PASSED] - delay: Delayed 1 second(s)

2018-05-18 11:48:00 - [MESSAGE][PASSED] - Delayed 1 second(s)

2018-05-18 11:48:00 - [TEST_STEP][PASSED] - tap: Tapped on element 'Object Repository/CommonScreenElements/CheckInButton'

2018-05-18 11:48:00 - [MESSAGE][WARNING] - Timeout '0' is invalid. Using default page load timeout: '30'

2018-05-18 11:48:01 - [MESSAGE][PASSED] - Tapped on element 'Object Repository/CommonScreenElements/CheckInButton'

2018-05-18 11:48:01 - [TEST_STEP][PASSED] - delay: Delayed 1 second(s)

2018-05-18 11:48:02 - [MESSAGE][PASSED] - Delayed 1 second(s)

2018-05-18 11:48:02 - [TEST_STEP][PASSED] - verifyElementExist: Element 'Object Repository/CommonScreenElements/Validate_InfoPopUpDialog' is exist

2018-05-18 11:48:02 - [MESSAGE][WARNING] - Timeout '0' is invalid. Using default page load timeout: '30'

2018-05-18 11:48:02 - [MESSAGE][PASSED] - Element 'Object Repository/CommonScreenElements/Validate_InfoPopUpDialog' is exist

2018-05-18 11:48:02 - [TEST_STEP][PASSED] - delay: Delayed 1 second(s)

2018-05-18 11:48:03 - [MESSAGE][PASSED] - Delayed 1 second(s)

2018-05-18 11:48:03 - [TEST_STEP][PASSED] - tap: Tapped on element 'Object Repository/CommonScreenElements/InfoPopUp_YesButton'

2018-05-18 11:48:03 - [MESSAGE][WARNING] - Timeout '0' is invalid. Using default page load timeout: '30'

2018-05-18 11:48:04 - [MESSAGE][PASSED] - Tapped on element 'Object Repository/CommonScreenElements/InfoPopUp_YesButton'

2018-05-18 11:48:04 - [TEST_STEP][PASSED] - delay: Delayed 1 second(s)

2018-05-18 11:48:05 - [MESSAGE][PASSED] - Delayed 1 second(s)

2018-05-18 11:48:05 - [TEST_STEP][PASSED] - verifyElementExist: Element 'Object Repository/ShopActionsScreenElements/ShopToBeRemoved' is exist

2018-05-18 11:48:05 - [MESSAGE][WARNING] - Timeout '0' is invalid. Using default page load timeout: '30'

2018-05-18 11:48:05 - [MESSAGE][PASSED] - Element 'Object Repository/ShopActionsScreenElements/ShopToBeRemoved' is exist

2018-05-18 11:48:05 - [TEST_STEP][PASSED] - delay: Delayed 1 second(s)

2018-05-18 11:48:06 - [MESSAGE][PASSED] - Delayed 1 second(s)

2018-05-18 11:48:06 - [TEST_STEP][PASSED] - tap: Tapped on element 'Object Repository/ShopActionsScreenElements/ShopToBeRemoved'

2018-05-18 11:48:06 - [MESSAGE][WARNING] - Timeout '0' is invalid. Using default page load timeout: '30'

2018-05-18 11:48:07 - [MESSAGE][PASSED] - Tapped on element 'Object Repository/ShopActionsScreenElements/ShopToBeRemoved'

2018-05-18 11:48:07 - [TEST_STEP][PASSED] - delay: Delayed 1 second(s)

2018-05-18 11:48:08 - [MESSAGE][PASSED] - Delayed 1 second(s)

2018-05-18 11:48:08 - [TEST_STEP][PASSED] - verifyElementExist: Element 'Object Repository/CommonScreenElements/Validate_InfoPopUpDialog' is exist

2018-05-18 11:48:08 - [MESSAGE][WARNING] - Timeout '0' is invalid. Using default page load timeout: '30'

2018-05-18 11:48:08 - [MESSAGE][PASSED] - Element 'Object Repository/CommonScreenElements/Validate_InfoPopUpDialog' is exist

2018-05-18 11:48:08 - [TEST_STEP][PASSED] - delay: Delayed 1 second(s)

2018-05-18 11:48:09 - [MESSAGE][PASSED] - Delayed 1 second(s)

2018-05-18 11:48:09 - [TEST_STEP][PASSED] - tap: Tapped on element 'Object Repository/CommonScreenElements/InfoPopUp_YesButton'

2018-05-18 11:48:09 - [MESSAGE][WARNING] - Timeout '0' is invalid. Using default page load timeout: '30'

2018-05-18 11:48:10 - [MESSAGE][PASSED] - Tapped on element 'Object Repository/CommonScreenElements/InfoPopUp_YesButton'

2018-05-18 11:48:10 - [TEST_STEP][PASSED] - delay: Delayed 1 second(s)

2018-05-18 11:48:11 - [MESSAGE][PASSED] - Delayed 1 second(s)]]></system-out>
         <system-err><![CDATA[]]></system-err>
      </testcase>
      <testcase name="Test Cases/ChooseHFSShop/ChooseShopForAreaClosed" classname="Test Cases/ChooseHFSShop/ChooseShopForAreaClosed" status="PASSED">
         <system-out><![CDATA[2018-05-18 11:48:11 - [TEST_CASE][PASSED] - Test Cases/ChooseHFSShop/ChooseShopForAreaClosed: Test Cases/ChooseHFSShop/ChooseShopForAreaClosed

2018-05-18 11:48:11 - [TEST_STEP][PASSED] - verifyElementText: Actual text and expected text of test object 'Object Repository/ShopActionsScreenElements/Validate_ShopsListScreen' are matched.

2018-05-18 11:48:12 - [MESSAGE][PASSED] - Actual text and expected text of test object 'Object Repository/ShopActionsScreenElements/Validate_ShopsListScreen' are matched.

2018-05-18 11:48:12 - [TEST_STEP][PASSED] - delay: Delayed 1 second(s)

2018-05-18 11:48:13 - [MESSAGE][PASSED] - Delayed 1 second(s)

2018-05-18 11:48:13 - [TEST_STEP][PASSED] - customKeywordsCollection.CustomKeywords.selectHFSShop: customKeywordsCollection.CustomKeywords.selectHFSShop is PASSED

2018-05-18 11:48:16 - [MESSAGE][PASSED] - Delayed 1 second(s)

2018-05-18 11:48:16 - [MESSAGE][PASSED] - customKeywordsCollection.CustomKeywords.selectHFSShop is PASSED]]></system-out>
         <system-err><![CDATA[]]></system-err>
      </testcase>
      <testcase name="Test Cases/ChooseHFSShop/AreaClosed/VisitAreaClosed" classname="Test Cases/ChooseHFSShop/AreaClosed/VisitAreaClosed" status="PASSED">
         <system-out><![CDATA[2018-05-18 11:48:16 - [TEST_CASE][PASSED] - Test Cases/ChooseHFSShop/AreaClosed/VisitAreaClosed: Test Cases/ChooseHFSShop/AreaClosed/VisitAreaClosed

2018-05-18 11:48:17 - [TEST_STEP][PASSED] - verifyElementText: Actual text and expected text of test object 'Object Repository/ShopActionsScreenElements/Validate_ShopOptionsScreen' are matched.

2018-05-18 11:48:17 - [MESSAGE][PASSED] - Actual text and expected text of test object 'Object Repository/ShopActionsScreenElements/Validate_ShopOptionsScreen' are matched.

2018-05-18 11:48:17 - [TEST_STEP][PASSED] - delay: Delayed 1 second(s)

2018-05-18 11:48:18 - [MESSAGE][PASSED] - Delayed 1 second(s)

2018-05-18 11:48:18 - [TEST_STEP][PASSED] - tap: Tapped on element 'Object Repository/ShopActionsScreenElements/StartWorking'

2018-05-18 11:48:18 - [MESSAGE][WARNING] - Timeout '0' is invalid. Using default page load timeout: '30'

2018-05-18 11:48:19 - [MESSAGE][PASSED] - Tapped on element 'Object Repository/ShopActionsScreenElements/StartWorking'

2018-05-18 11:48:19 - [TEST_STEP][PASSED] - delay: Delayed 1 second(s)

2018-05-18 11:48:20 - [MESSAGE][PASSED] - Delayed 1 second(s)

2018-05-18 11:48:20 - [TEST_STEP][PASSED] - verifyElementExist: Element 'Object Repository/CommonScreenElements/Validate_InfoPopUpDialog' is exist

2018-05-18 11:48:20 - [MESSAGE][WARNING] - Timeout '0' is invalid. Using default page load timeout: '30'

2018-05-18 11:48:20 - [MESSAGE][PASSED] - Element 'Object Repository/CommonScreenElements/Validate_InfoPopUpDialog' is exist

2018-05-18 11:48:20 - [TEST_STEP][PASSED] - delay: Delayed 1 second(s)

2018-05-18 11:48:21 - [MESSAGE][PASSED] - Delayed 1 second(s)

2018-05-18 11:48:21 - [TEST_STEP][PASSED] - tap: Tapped on element 'Object Repository/CommonScreenElements/InfoPopUp_YesButton'

2018-05-18 11:48:21 - [MESSAGE][WARNING] - Timeout '0' is invalid. Using default page load timeout: '30'

2018-05-18 11:48:22 - [MESSAGE][PASSED] - Tapped on element 'Object Repository/CommonScreenElements/InfoPopUp_YesButton'

2018-05-18 11:48:22 - [TEST_STEP][PASSED] - delay: Delayed 18 second(s)

2018-05-18 11:48:40 - [MESSAGE][PASSED] - Delayed 18 second(s)

2018-05-18 11:48:40 - [TEST_STEP][PASSED] - verifyElementExist: Element 'Object Repository/CommonScreenElements/Validate_MapScreen' is exist

2018-05-18 11:48:40 - [MESSAGE][WARNING] - Timeout '0' is invalid. Using default page load timeout: '30'

2018-05-18 11:48:40 - [MESSAGE][PASSED] - Element 'Object Repository/CommonScreenElements/Validate_MapScreen' is exist

2018-05-18 11:48:40 - [TEST_STEP][PASSED] - delay: Delayed 1 second(s)

2018-05-18 11:48:41 - [MESSAGE][PASSED] - Delayed 1 second(s)

2018-05-18 11:48:41 - [TEST_STEP][PASSED] - tap: Tapped on element 'Object Repository/CommonScreenElements/CheckInButton'

2018-05-18 11:48:41 - [MESSAGE][WARNING] - Timeout '0' is invalid. Using default page load timeout: '30'

2018-05-18 11:48:42 - [MESSAGE][PASSED] - Tapped on element 'Object Repository/CommonScreenElements/CheckInButton'

2018-05-18 11:48:42 - [TEST_STEP][PASSED] - delay: Delayed 1 second(s)

2018-05-18 11:48:43 - [MESSAGE][PASSED] - Delayed 1 second(s)

2018-05-18 11:48:43 - [TEST_STEP][PASSED] - verifyElementExist: Element 'Object Repository/CommonScreenElements/Validate_InfoPopUpDialog' is exist

2018-05-18 11:48:43 - [MESSAGE][WARNING] - Timeout '0' is invalid. Using default page load timeout: '30'

2018-05-18 11:48:43 - [MESSAGE][PASSED] - Element 'Object Repository/CommonScreenElements/Validate_InfoPopUpDialog' is exist

2018-05-18 11:48:43 - [TEST_STEP][PASSED] - delay: Delayed 1 second(s)

2018-05-18 11:48:44 - [MESSAGE][PASSED] - Delayed 1 second(s)

2018-05-18 11:48:44 - [TEST_STEP][PASSED] - tap: Tapped on element 'Object Repository/CommonScreenElements/InfoPopUp_YesButton'

2018-05-18 11:48:44 - [MESSAGE][WARNING] - Timeout '0' is invalid. Using default page load timeout: '30'

2018-05-18 11:48:45 - [MESSAGE][PASSED] - Tapped on element 'Object Repository/CommonScreenElements/InfoPopUp_YesButton'

2018-05-18 11:48:45 - [TEST_STEP][PASSED] - delay: Delayed 1 second(s)

2018-05-18 11:48:46 - [MESSAGE][PASSED] - Delayed 1 second(s)

2018-05-18 11:48:46 - [TEST_STEP][PASSED] - verifyElementExist: Element 'Object Repository/ShopActionsScreenElements/AreaClosed' is exist

2018-05-18 11:48:46 - [MESSAGE][WARNING] - Timeout '0' is invalid. Using default page load timeout: '30'

2018-05-18 11:48:46 - [MESSAGE][PASSED] - Element 'Object Repository/ShopActionsScreenElements/AreaClosed' is exist

2018-05-18 11:48:46 - [TEST_STEP][PASSED] - delay: Delayed 1 second(s)

2018-05-18 11:48:47 - [MESSAGE][PASSED] - Delayed 1 second(s)

2018-05-18 11:48:47 - [TEST_STEP][PASSED] - tap: Tapped on element 'Object Repository/ShopActionsScreenElements/AreaClosed'

2018-05-18 11:48:47 - [MESSAGE][WARNING] - Timeout '0' is invalid. Using default page load timeout: '30'

2018-05-18 11:48:49 - [MESSAGE][PASSED] - Tapped on element 'Object Repository/ShopActionsScreenElements/AreaClosed'

2018-05-18 11:48:49 - [TEST_STEP][PASSED] - delay: Delayed 1 second(s)

2018-05-18 11:48:50 - [MESSAGE][PASSED] - Delayed 1 second(s)

2018-05-18 11:48:50 - [TEST_STEP][PASSED] - verifyElementExist: Element 'Object Repository/CommonScreenElements/Validate_CameraScreen' is exist

2018-05-18 11:48:50 - [MESSAGE][WARNING] - Timeout '0' is invalid. Using default page load timeout: '30'

2018-05-18 11:48:50 - [MESSAGE][PASSED] - Element 'Object Repository/CommonScreenElements/Validate_CameraScreen' is exist

2018-05-18 11:48:50 - [TEST_STEP][PASSED] - delay: Delayed 1 second(s)

2018-05-18 11:48:51 - [MESSAGE][PASSED] - Delayed 1 second(s)

2018-05-18 11:48:51 - [TEST_STEP][PASSED] - tap: Tapped on element 'Object Repository/CommonScreenElements/TakePictureButton'

2018-05-18 11:48:51 - [MESSAGE][WARNING] - Timeout '0' is invalid. Using default page load timeout: '30'

2018-05-18 11:48:54 - [MESSAGE][PASSED] - Tapped on element 'Object Repository/CommonScreenElements/TakePictureButton'

2018-05-18 11:48:54 - [TEST_STEP][PASSED] - delay: Delayed 5 second(s)

2018-05-18 11:48:59 - [MESSAGE][PASSED] - Delayed 5 second(s)

2018-05-18 11:48:59 - [TEST_STEP][PASSED] - tap: Tapped on element 'Object Repository/CommonScreenElements/DoneButton'

2018-05-18 11:48:59 - [MESSAGE][WARNING] - Timeout '0' is invalid. Using default page load timeout: '30'

2018-05-18 11:49:00 - [MESSAGE][PASSED] - Tapped on element 'Object Repository/CommonScreenElements/DoneButton'

2018-05-18 11:49:00 - [TEST_STEP][PASSED] - delay: Delayed 1 second(s)

2018-05-18 11:49:01 - [MESSAGE][PASSED] - Delayed 1 second(s)]]></system-out>
         <system-err><![CDATA[]]></system-err>
      </testcase>
      <testcase name="Test Cases/ChooseHFSShop/ChooseShopForRetailerDidNotAllow" classname="Test Cases/ChooseHFSShop/ChooseShopForRetailerDidNotAllow" status="PASSED">
         <system-out><![CDATA[2018-05-18 11:49:01 - [TEST_CASE][PASSED] - Test Cases/ChooseHFSShop/ChooseShopForRetailerDidNotAllow: Test Cases/ChooseHFSShop/ChooseShopForRetailerDidNotAllow

2018-05-18 11:49:01 - [TEST_STEP][PASSED] - verifyElementText: Actual text and expected text of test object 'Object Repository/ShopActionsScreenElements/Validate_ShopsListScreen' are matched.

2018-05-18 11:49:02 - [MESSAGE][PASSED] - Actual text and expected text of test object 'Object Repository/ShopActionsScreenElements/Validate_ShopsListScreen' are matched.

2018-05-18 11:49:02 - [TEST_STEP][PASSED] - delay: Delayed 1 second(s)

2018-05-18 11:49:03 - [MESSAGE][PASSED] - Delayed 1 second(s)

2018-05-18 11:49:03 - [TEST_STEP][PASSED] - customKeywordsCollection.CustomKeywords.selectHFSShop: customKeywordsCollection.CustomKeywords.selectHFSShop is PASSED

2018-05-18 11:49:06 - [MESSAGE][PASSED] - Delayed 1 second(s)

2018-05-18 11:49:06 - [MESSAGE][PASSED] - customKeywordsCollection.CustomKeywords.selectHFSShop is PASSED]]></system-out>
         <system-err><![CDATA[]]></system-err>
      </testcase>
      <testcase name="Test Cases/ChooseHFSShop/RetailerDidNotAllow/VisitRetailerDidNotAllow" classname="Test Cases/ChooseHFSShop/RetailerDidNotAllow/VisitRetailerDidNotAllow" status="PASSED">
         <system-out><![CDATA[2018-05-18 11:49:06 - [TEST_CASE][PASSED] - Test Cases/ChooseHFSShop/RetailerDidNotAllow/VisitRetailerDidNotAllow: Test Cases/ChooseHFSShop/RetailerDidNotAllow/VisitRetailerDidNotAllow

2018-05-18 11:49:07 - [TEST_STEP][PASSED] - verifyElementText: Actual text and expected text of test object 'Object Repository/ShopActionsScreenElements/Validate_ShopOptionsScreen' are matched.

2018-05-18 11:49:07 - [MESSAGE][PASSED] - Actual text and expected text of test object 'Object Repository/ShopActionsScreenElements/Validate_ShopOptionsScreen' are matched.

2018-05-18 11:49:07 - [TEST_STEP][PASSED] - delay: Delayed 1 second(s)

2018-05-18 11:49:08 - [MESSAGE][PASSED] - Delayed 1 second(s)

2018-05-18 11:49:08 - [TEST_STEP][PASSED] - tap: Tapped on element 'Object Repository/ShopActionsScreenElements/StartWorking'

2018-05-18 11:49:08 - [MESSAGE][WARNING] - Timeout '0' is invalid. Using default page load timeout: '30'

2018-05-18 11:49:09 - [MESSAGE][PASSED] - Tapped on element 'Object Repository/ShopActionsScreenElements/StartWorking'

2018-05-18 11:49:09 - [TEST_STEP][PASSED] - delay: Delayed 1 second(s)

2018-05-18 11:49:10 - [MESSAGE][PASSED] - Delayed 1 second(s)

2018-05-18 11:49:10 - [TEST_STEP][PASSED] - verifyElementExist: Element 'Object Repository/CommonScreenElements/Validate_InfoPopUpDialog' is exist

2018-05-18 11:49:10 - [MESSAGE][WARNING] - Timeout '0' is invalid. Using default page load timeout: '30'

2018-05-18 11:49:10 - [MESSAGE][PASSED] - Element 'Object Repository/CommonScreenElements/Validate_InfoPopUpDialog' is exist

2018-05-18 11:49:10 - [TEST_STEP][PASSED] - delay: Delayed 1 second(s)

2018-05-18 11:49:11 - [MESSAGE][PASSED] - Delayed 1 second(s)

2018-05-18 11:49:11 - [TEST_STEP][PASSED] - tap: Tapped on element 'Object Repository/CommonScreenElements/InfoPopUp_YesButton'

2018-05-18 11:49:11 - [MESSAGE][WARNING] - Timeout '0' is invalid. Using default page load timeout: '30'

2018-05-18 11:49:12 - [MESSAGE][PASSED] - Tapped on element 'Object Repository/CommonScreenElements/InfoPopUp_YesButton'

2018-05-18 11:49:12 - [TEST_STEP][PASSED] - delay: Delayed 18 second(s)

2018-05-18 11:49:30 - [MESSAGE][PASSED] - Delayed 18 second(s)

2018-05-18 11:49:30 - [TEST_STEP][PASSED] - verifyElementExist: Element 'Object Repository/CommonScreenElements/Validate_MapScreen' is exist

2018-05-18 11:49:30 - [MESSAGE][WARNING] - Timeout '0' is invalid. Using default page load timeout: '30'

2018-05-18 11:49:30 - [MESSAGE][PASSED] - Element 'Object Repository/CommonScreenElements/Validate_MapScreen' is exist

2018-05-18 11:49:30 - [TEST_STEP][PASSED] - delay: Delayed 1 second(s)

2018-05-18 11:49:31 - [MESSAGE][PASSED] - Delayed 1 second(s)

2018-05-18 11:49:31 - [TEST_STEP][PASSED] - tap: Tapped on element 'Object Repository/CommonScreenElements/CheckInButton'

2018-05-18 11:49:31 - [MESSAGE][WARNING] - Timeout '0' is invalid. Using default page load timeout: '30'

2018-05-18 11:49:31 - [MESSAGE][PASSED] - Tapped on element 'Object Repository/CommonScreenElements/CheckInButton'

2018-05-18 11:49:31 - [TEST_STEP][PASSED] - delay: Delayed 1 second(s)

2018-05-18 11:49:32 - [MESSAGE][PASSED] - Delayed 1 second(s)

2018-05-18 11:49:32 - [TEST_STEP][PASSED] - verifyElementExist: Element 'Object Repository/CommonScreenElements/Validate_InfoPopUpDialog' is exist

2018-05-18 11:49:32 - [MESSAGE][WARNING] - Timeout '0' is invalid. Using default page load timeout: '30'

2018-05-18 11:49:33 - [MESSAGE][PASSED] - Element 'Object Repository/CommonScreenElements/Validate_InfoPopUpDialog' is exist

2018-05-18 11:49:33 - [TEST_STEP][PASSED] - delay: Delayed 1 second(s)

2018-05-18 11:49:34 - [MESSAGE][PASSED] - Delayed 1 second(s)

2018-05-18 11:49:34 - [TEST_STEP][PASSED] - tap: Tapped on element 'Object Repository/CommonScreenElements/InfoPopUp_YesButton'

2018-05-18 11:49:34 - [MESSAGE][WARNING] - Timeout '0' is invalid. Using default page load timeout: '30'

2018-05-18 11:49:34 - [MESSAGE][PASSED] - Tapped on element 'Object Repository/CommonScreenElements/InfoPopUp_YesButton'

2018-05-18 11:49:34 - [TEST_STEP][PASSED] - delay: Delayed 1 second(s)

2018-05-18 11:49:35 - [MESSAGE][PASSED] - Delayed 1 second(s)

2018-05-18 11:49:35 - [TEST_STEP][PASSED] - verifyElementExist: Element 'Object Repository/ShopActionsScreenElements/RetailerDidNotAllow' is exist

2018-05-18 11:49:35 - [MESSAGE][WARNING] - Timeout '0' is invalid. Using default page load timeout: '30'

2018-05-18 11:49:36 - [MESSAGE][PASSED] - Element 'Object Repository/ShopActionsScreenElements/RetailerDidNotAllow' is exist

2018-05-18 11:49:36 - [TEST_STEP][PASSED] - delay: Delayed 1 second(s)

2018-05-18 11:49:37 - [MESSAGE][PASSED] - Delayed 1 second(s)

2018-05-18 11:49:37 - [TEST_STEP][PASSED] - tap: Tapped on element 'Object Repository/ShopActionsScreenElements/RetailerDidNotAllow'

2018-05-18 11:49:37 - [MESSAGE][WARNING] - Timeout '0' is invalid. Using default page load timeout: '30'

2018-05-18 11:49:38 - [MESSAGE][PASSED] - Tapped on element 'Object Repository/ShopActionsScreenElements/RetailerDidNotAllow'

2018-05-18 11:49:38 - [TEST_STEP][PASSED] - delay: Delayed 1 second(s)

2018-05-18 11:49:39 - [MESSAGE][PASSED] - Delayed 1 second(s)

2018-05-18 11:49:39 - [TEST_STEP][PASSED] - verifyElementExist: Element 'Object Repository/CommonScreenElements/Validate_CameraScreen' is exist

2018-05-18 11:49:39 - [MESSAGE][WARNING] - Timeout '0' is invalid. Using default page load timeout: '30'

2018-05-18 11:49:40 - [MESSAGE][PASSED] - Element 'Object Repository/CommonScreenElements/Validate_CameraScreen' is exist

2018-05-18 11:49:40 - [TEST_STEP][PASSED] - delay: Delayed 1 second(s)

2018-05-18 11:49:41 - [MESSAGE][PASSED] - Delayed 1 second(s)

2018-05-18 11:49:41 - [TEST_STEP][PASSED] - tap: Tapped on element 'Object Repository/CommonScreenElements/TakePictureButton'

2018-05-18 11:49:41 - [MESSAGE][WARNING] - Timeout '0' is invalid. Using default page load timeout: '30'

2018-05-18 11:49:44 - [MESSAGE][PASSED] - Tapped on element 'Object Repository/CommonScreenElements/TakePictureButton'

2018-05-18 11:49:44 - [TEST_STEP][PASSED] - delay: Delayed 5 second(s)

2018-05-18 11:49:49 - [MESSAGE][PASSED] - Delayed 5 second(s)

2018-05-18 11:49:49 - [TEST_STEP][PASSED] - tap: Tapped on element 'Object Repository/CommonScreenElements/DoneButton'

2018-05-18 11:49:49 - [MESSAGE][WARNING] - Timeout '0' is invalid. Using default page load timeout: '30'

2018-05-18 11:49:50 - [MESSAGE][PASSED] - Tapped on element 'Object Repository/CommonScreenElements/DoneButton'

2018-05-18 11:49:50 - [TEST_STEP][PASSED] - delay: Delayed 1 second(s)

2018-05-18 11:49:51 - [MESSAGE][PASSED] - Delayed 1 second(s)

2018-05-18 11:49:51 - [TEST_STEP][PASSED] - verifyElementText: Actual text and expected text of test object 'Object Repository/ShopActionsScreenElements/Validate_ShopRemarksScreen' are matched.

2018-05-18 11:49:51 - [MESSAGE][PASSED] - Actual text and expected text of test object 'Object Repository/ShopActionsScreenElements/Validate_ShopRemarksScreen' are matched.

2018-05-18 11:49:51 - [TEST_STEP][PASSED] - delay: Delayed 1 second(s)

2018-05-18 11:49:52 - [MESSAGE][PASSED] - Delayed 1 second(s)

2018-05-18 11:49:52 - [TEST_STEP][PASSED] - tap: Tapped on element 'Object Repository/ShopActionsScreenElements/ShopRemarks_Others'

2018-05-18 11:49:52 - [MESSAGE][WARNING] - Timeout '0' is invalid. Using default page load timeout: '30'

2018-05-18 11:49:53 - [MESSAGE][PASSED] - Tapped on element 'Object Repository/ShopActionsScreenElements/ShopRemarks_Others'

2018-05-18 11:49:53 - [TEST_STEP][PASSED] - delay: Delayed 1 second(s)

2018-05-18 11:49:54 - [MESSAGE][PASSED] - Delayed 1 second(s)

2018-05-18 11:49:54 - [TEST_STEP][PASSED] - tap: Tapped on element 'Object Repository/ShopActionsScreenElements/ShopRemarks_BackButton'

2018-05-18 11:49:54 - [MESSAGE][WARNING] - Timeout '0' is invalid. Using default page load timeout: '30'

2018-05-18 11:49:55 - [MESSAGE][PASSED] - Tapped on element 'Object Repository/ShopActionsScreenElements/ShopRemarks_BackButton'

2018-05-18 11:49:55 - [TEST_STEP][PASSED] - delay: Delayed 1 second(s)

2018-05-18 11:49:56 - [MESSAGE][PASSED] - Delayed 1 second(s)]]></system-out>
         <system-err><![CDATA[]]></system-err>
      </testcase>
      <testcase name="Test Cases/ChooseHFSShop/ChooseShopForShopOpen" classname="Test Cases/ChooseHFSShop/ChooseShopForShopOpen" status="PASSED">
         <system-out><![CDATA[2018-05-18 11:49:56 - [TEST_CASE][PASSED] - Test Cases/ChooseHFSShop/ChooseShopForShopOpen: Test Cases/ChooseHFSShop/ChooseShopForShopOpen

2018-05-18 11:49:57 - [TEST_STEP][PASSED] - verifyElementText: Actual text and expected text of test object 'Object Repository/ShopActionsScreenElements/Validate_ShopsListScreen' are matched.

2018-05-18 11:49:58 - [MESSAGE][PASSED] - Actual text and expected text of test object 'Object Repository/ShopActionsScreenElements/Validate_ShopsListScreen' are matched.

2018-05-18 11:49:58 - [TEST_STEP][PASSED] - delay: Delayed 1 second(s)

2018-05-18 11:49:59 - [MESSAGE][PASSED] - Delayed 1 second(s)

2018-05-18 11:49:59 - [TEST_STEP][PASSED] - customKeywordsCollection.CustomKeywords.selectHFSShop: customKeywordsCollection.CustomKeywords.selectHFSShop is PASSED

2018-05-18 11:50:02 - [MESSAGE][PASSED] - Delayed 1 second(s)

2018-05-18 11:50:02 - [MESSAGE][PASSED] - customKeywordsCollection.CustomKeywords.selectHFSShop is PASSED]]></system-out>
         <system-err><![CDATA[]]></system-err>
      </testcase>
      <testcase name="Test Cases/ChooseHFSShop/ShopOpen/VisitShopOpen" classname="Test Cases/ChooseHFSShop/ShopOpen/VisitShopOpen" status="PASSED">
         <system-out><![CDATA[2018-05-18 11:50:02 - [TEST_CASE][PASSED] - Test Cases/ChooseHFSShop/ShopOpen/VisitShopOpen: Test Cases/ChooseHFSShop/ShopOpen/VisitShopOpen

2018-05-18 11:50:03 - [TEST_STEP][PASSED] - verifyElementText: Actual text and expected text of test object 'Object Repository/ShopActionsScreenElements/Validate_ShopOptionsScreen' are matched.

2018-05-18 11:50:03 - [MESSAGE][PASSED] - Actual text and expected text of test object 'Object Repository/ShopActionsScreenElements/Validate_ShopOptionsScreen' are matched.

2018-05-18 11:50:03 - [TEST_STEP][PASSED] - delay: Delayed 1 second(s)

2018-05-18 11:50:04 - [MESSAGE][PASSED] - Delayed 1 second(s)

2018-05-18 11:50:04 - [TEST_STEP][PASSED] - tap: Tapped on element 'Object Repository/ShopActionsScreenElements/StartWorking'

2018-05-18 11:50:04 - [MESSAGE][WARNING] - Timeout '0' is invalid. Using default page load timeout: '30'

2018-05-18 11:50:05 - [MESSAGE][PASSED] - Tapped on element 'Object Repository/ShopActionsScreenElements/StartWorking'

2018-05-18 11:50:05 - [TEST_STEP][PASSED] - delay: Delayed 1 second(s)

2018-05-18 11:50:06 - [MESSAGE][PASSED] - Delayed 1 second(s)

2018-05-18 11:50:06 - [TEST_STEP][PASSED] - verifyElementExist: Element 'Object Repository/CommonScreenElements/Validate_InfoPopUpDialog' is exist

2018-05-18 11:50:06 - [MESSAGE][WARNING] - Timeout '0' is invalid. Using default page load timeout: '30'

2018-05-18 11:50:06 - [MESSAGE][PASSED] - Element 'Object Repository/CommonScreenElements/Validate_InfoPopUpDialog' is exist

2018-05-18 11:50:06 - [TEST_STEP][PASSED] - delay: Delayed 1 second(s)

2018-05-18 11:50:07 - [MESSAGE][PASSED] - Delayed 1 second(s)

2018-05-18 11:50:07 - [TEST_STEP][PASSED] - tap: Tapped on element 'Object Repository/CommonScreenElements/InfoPopUp_YesButton'

2018-05-18 11:50:07 - [MESSAGE][WARNING] - Timeout '0' is invalid. Using default page load timeout: '30'

2018-05-18 11:50:08 - [MESSAGE][PASSED] - Tapped on element 'Object Repository/CommonScreenElements/InfoPopUp_YesButton'

2018-05-18 11:50:08 - [TEST_STEP][PASSED] - delay: Delayed 18 second(s)

2018-05-18 11:50:26 - [MESSAGE][PASSED] - Delayed 18 second(s)

2018-05-18 11:50:26 - [TEST_STEP][PASSED] - verifyElementExist: Element 'Object Repository/CommonScreenElements/Validate_MapScreen' is exist

2018-05-18 11:50:26 - [MESSAGE][WARNING] - Timeout '0' is invalid. Using default page load timeout: '30'

2018-05-18 11:50:26 - [MESSAGE][PASSED] - Element 'Object Repository/CommonScreenElements/Validate_MapScreen' is exist

2018-05-18 11:50:26 - [TEST_STEP][PASSED] - delay: Delayed 1 second(s)

2018-05-18 11:50:27 - [MESSAGE][PASSED] - Delayed 1 second(s)

2018-05-18 11:50:27 - [TEST_STEP][PASSED] - tap: Tapped on element 'Object Repository/CommonScreenElements/CheckInButton'

2018-05-18 11:50:27 - [MESSAGE][WARNING] - Timeout '0' is invalid. Using default page load timeout: '30'

2018-05-18 11:50:27 - [MESSAGE][PASSED] - Tapped on element 'Object Repository/CommonScreenElements/CheckInButton'

2018-05-18 11:50:27 - [TEST_STEP][PASSED] - delay: Delayed 1 second(s)

2018-05-18 11:50:28 - [MESSAGE][PASSED] - Delayed 1 second(s)

2018-05-18 11:50:28 - [TEST_STEP][PASSED] - verifyElementExist: Element 'Object Repository/CommonScreenElements/Validate_InfoPopUpDialog' is exist

2018-05-18 11:50:28 - [MESSAGE][WARNING] - Timeout '0' is invalid. Using default page load timeout: '30'

2018-05-18 11:50:29 - [MESSAGE][PASSED] - Element 'Object Repository/CommonScreenElements/Validate_InfoPopUpDialog' is exist

2018-05-18 11:50:29 - [TEST_STEP][PASSED] - delay: Delayed 1 second(s)

2018-05-18 11:50:30 - [MESSAGE][PASSED] - Delayed 1 second(s)

2018-05-18 11:50:30 - [TEST_STEP][PASSED] - tap: Tapped on element 'Object Repository/CommonScreenElements/InfoPopUp_YesButton'

2018-05-18 11:50:30 - [MESSAGE][WARNING] - Timeout '0' is invalid. Using default page load timeout: '30'

2018-05-18 11:50:30 - [MESSAGE][PASSED] - Tapped on element 'Object Repository/CommonScreenElements/InfoPopUp_YesButton'

2018-05-18 11:50:30 - [TEST_STEP][PASSED] - delay: Delayed 1 second(s)

2018-05-18 11:50:31 - [MESSAGE][PASSED] - Delayed 1 second(s)

2018-05-18 11:50:31 - [TEST_STEP][PASSED] - verifyElementExist: Element 'Object Repository/ShopActionsScreenElements/ShopOpen' is exist

2018-05-18 11:50:31 - [MESSAGE][WARNING] - Timeout '0' is invalid. Using default page load timeout: '30'

2018-05-18 11:50:32 - [MESSAGE][PASSED] - Element 'Object Repository/ShopActionsScreenElements/ShopOpen' is exist

2018-05-18 11:50:32 - [TEST_STEP][PASSED] - delay: Delayed 1 second(s)

2018-05-18 11:50:33 - [MESSAGE][PASSED] - Delayed 1 second(s)

2018-05-18 11:50:33 - [TEST_STEP][PASSED] - tap: Tapped on element 'Object Repository/ShopActionsScreenElements/ShopOpen'

2018-05-18 11:50:33 - [MESSAGE][WARNING] - Timeout '0' is invalid. Using default page load timeout: '30'

2018-05-18 11:50:35 - [MESSAGE][PASSED] - Tapped on element 'Object Repository/ShopActionsScreenElements/ShopOpen'

2018-05-18 11:50:35 - [TEST_STEP][PASSED] - delay: Delayed 1 second(s)

2018-05-18 11:50:36 - [MESSAGE][PASSED] - Delayed 1 second(s)

2018-05-18 11:50:36 - [TEST_STEP][PASSED] - verifyElementExist: Element 'Object Repository/CommonScreenElements/Validate_CameraScreen' is exist

2018-05-18 11:50:36 - [MESSAGE][WARNING] - Timeout '0' is invalid. Using default page load timeout: '30'

2018-05-18 11:50:36 - [MESSAGE][PASSED] - Element 'Object Repository/CommonScreenElements/Validate_CameraScreen' is exist

2018-05-18 11:50:36 - [TEST_STEP][PASSED] - delay: Delayed 1 second(s)

2018-05-18 11:50:37 - [MESSAGE][PASSED] - Delayed 1 second(s)

2018-05-18 11:50:37 - [TEST_STEP][PASSED] - tap: Tapped on element 'Object Repository/CommonScreenElements/TakePictureButton'

2018-05-18 11:50:37 - [MESSAGE][WARNING] - Timeout '0' is invalid. Using default page load timeout: '30'

2018-05-18 11:50:40 - [MESSAGE][PASSED] - Tapped on element 'Object Repository/CommonScreenElements/TakePictureButton'

2018-05-18 11:50:40 - [TEST_STEP][PASSED] - delay: Delayed 5 second(s)

2018-05-18 11:50:45 - [MESSAGE][PASSED] - Delayed 5 second(s)

2018-05-18 11:50:45 - [TEST_STEP][PASSED] - tap: Tapped on element 'Object Repository/CommonScreenElements/DoneButton'

2018-05-18 11:50:45 - [MESSAGE][WARNING] - Timeout '0' is invalid. Using default page load timeout: '30'

2018-05-18 11:50:46 - [MESSAGE][PASSED] - Tapped on element 'Object Repository/CommonScreenElements/DoneButton'

2018-05-18 11:50:46 - [TEST_STEP][PASSED] - delay: Delayed 1 second(s)

2018-05-18 11:50:47 - [MESSAGE][PASSED] - Delayed 1 second(s)]]></system-out>
         <system-err><![CDATA[]]></system-err>
      </testcase>
      <testcase name="Test Cases/ChooseHFSShop/ShopOpen/ShopProducts/VisitShopProducts" classname="Test Cases/ChooseHFSShop/ShopOpen/ShopProducts/VisitShopProducts" status="PASSED">
         <system-out><![CDATA[2018-05-18 11:50:47 - [TEST_CASE][PASSED] - Test Cases/ChooseHFSShop/ShopOpen/ShopProducts/VisitShopProducts: Test Cases/ChooseHFSShop/ShopOpen/ShopProducts/VisitShopProducts

2018-05-18 11:50:48 - [TEST_STEP][PASSED] - verifyElementExist: Element 'Object Repository/ShopProductsScreenElements/Validate_ShopProductsScreen' is exist

2018-05-18 11:50:48 - [MESSAGE][WARNING] - Timeout '0' is invalid. Using default page load timeout: '30'

2018-05-18 11:50:49 - [MESSAGE][PASSED] - Element 'Object Repository/ShopProductsScreenElements/Validate_ShopProductsScreen' is exist

2018-05-18 11:50:49 - [TEST_STEP][PASSED] - delay: Delayed 1 second(s)

2018-05-18 11:50:50 - [MESSAGE][PASSED] - Delayed 1 second(s)

2018-05-18 11:50:50 - [TEST_STEP][PASSED] - customKeywordsCollection.CustomKeywords.visitShopProducts: customKeywordsCollection.CustomKeywords.visitShopProducts is PASSED

2018-05-18 11:50:53 - [MESSAGE][PASSED] - Delayed 1 second(s)

2018-05-18 11:50:53 - [TEST_CASE][PASSED] - Test Cases/ChooseHFSShop/ShopOpen/ShopProducts/HotSpot/VisitHotSpot: Test Cases/ChooseHFSShop/ShopOpen/ShopProducts/HotSpot/VisitHotSpot

2018-05-18 11:50:54 - [TEST_STEP][PASSED] - Statement - dataforhotspot = com.kms.katalon.core.testdata.TestDataFactory.findTestData(Data Files/Hotspot/VisitHotspot): Reading excel file with source file 'D:\(Katalon studio) GitProject\PnG_Merchandising\PnG_Merchandising\PnGMerchandising.xlsx' and sheet name 'Visit HotSpot'

2018-05-18 11:50:54 - [TEST_STEP][PASSED] - verifyElementText: Actual text and expected text of test object 'Object Repository/ShopProductsScreenElements/HotSpot/Validate_HotSpotScreen' are matched.

2018-05-18 11:50:55 - [MESSAGE][PASSED] - Actual text and expected text of test object 'Object Repository/ShopProductsScreenElements/HotSpot/Validate_HotSpotScreen' are matched.

2018-05-18 11:50:55 - [TEST_STEP][PASSED] - delay: Delayed 1 second(s)

2018-05-18 11:50:56 - [MESSAGE][PASSED] - Delayed 1 second(s)

2018-05-18 11:50:56 - [TEST_STEP][PASSED] - tap: Tapped on element 'Object Repository/ShopProductsScreenElements/HotSpot/VisitShopKeeperDidNotAllow/ShopKeeperDidNotAllow'

2018-05-18 11:50:56 - [MESSAGE][WARNING] - Timeout '0' is invalid. Using default page load timeout: '30'

2018-05-18 11:50:56 - [MESSAGE][PASSED] - Tapped on element 'Object Repository/ShopProductsScreenElements/HotSpot/VisitShopKeeperDidNotAllow/ShopKeeperDidNotAllow'

2018-05-18 11:50:56 - [TEST_STEP][PASSED] - delay: Delayed 1 second(s)

2018-05-18 11:50:57 - [MESSAGE][PASSED] - Delayed 1 second(s)

2018-05-18 11:50:57 - [TEST_STEP][PASSED] - verifyElementText: Actual text and expected text of test object 'Object Repository/ShopProductsScreenElements/HotSpot/VisitShopKeeperDidNotAllow/Validate_ShopKeeperDidnotAllowScreen' are matched.

2018-05-18 11:50:58 - [MESSAGE][PASSED] - Actual text and expected text of test object 'Object Repository/ShopProductsScreenElements/HotSpot/VisitShopKeeperDidNotAllow/Validate_ShopKeeperDidnotAllowScreen' are matched.

2018-05-18 11:50:58 - [TEST_STEP][PASSED] - delay: Delayed 1 second(s)

2018-05-18 11:50:59 - [MESSAGE][PASSED] - Delayed 1 second(s)

2018-05-18 11:50:59 - [TEST_STEP][PASSED] - tap: Tapped on element 'Object Repository/ShopProductsScreenElements/HotSpot/VisitShopKeeperDidNotAllow/CategoryRemarks_OthersOption'

2018-05-18 11:50:59 - [MESSAGE][WARNING] - Timeout '0' is invalid. Using default page load timeout: '30'

2018-05-18 11:51:01 - [MESSAGE][PASSED] - Tapped on element 'Object Repository/ShopProductsScreenElements/HotSpot/VisitShopKeeperDidNotAllow/CategoryRemarks_OthersOption'

2018-05-18 11:51:01 - [TEST_STEP][PASSED] - delay: Delayed 1 second(s)

2018-05-18 11:51:02 - [MESSAGE][PASSED] - Delayed 1 second(s)

2018-05-18 11:51:02 - [TEST_STEP][PASSED] - tap: Tapped on element 'Object Repository/ShopProductsScreenElements/HotSpot/VisitShopKeeperDidNotAllow/CategoryRemarks_BackButton'

2018-05-18 11:51:02 - [MESSAGE][WARNING] - Timeout '0' is invalid. Using default page load timeout: '30'

2018-05-18 11:51:03 - [MESSAGE][PASSED] - Tapped on element 'Object Repository/ShopProductsScreenElements/HotSpot/VisitShopKeeperDidNotAllow/CategoryRemarks_BackButton'

2018-05-18 11:51:03 - [TEST_STEP][PASSED] - delay: Delayed 1 second(s)

2018-05-18 11:51:04 - [MESSAGE][PASSED] - Delayed 1 second(s)

2018-05-18 11:51:04 - [TEST_STEP][PASSED] - customKeywordsCollection.CustomKeywords.findProductFromProductsList: customKeywordsCollection.CustomKeywords.findProductFromProductsList is PASSED

2018-05-18 11:51:07 - [MESSAGE][PASSED] - Delayed 1 second(s)

2018-05-18 11:51:12 - [MESSAGE][PASSED] - Swiped from 0,193 to 0,100

2018-05-18 11:51:14 - [MESSAGE][PASSED] - Delayed 2 second(s)

2018-05-18 11:51:14 - [MESSAGE][PASSED] - customKeywordsCollection.CustomKeywords.findProductFromProductsList is PASSED

2018-05-18 11:51:14 - [TEST_STEP][PASSED] - verifyElementText: Actual text and expected text of test object 'Object Repository/ShopProductsScreenElements/HotSpot/Validate_HotSpotScreen' are matched.

2018-05-18 11:51:15 - [MESSAGE][PASSED] - Actual text and expected text of test object 'Object Repository/ShopProductsScreenElements/HotSpot/Validate_HotSpotScreen' are matched.

2018-05-18 11:51:15 - [TEST_STEP][PASSED] - delay: Delayed 1 second(s)

2018-05-18 11:51:16 - [MESSAGE][PASSED] - Delayed 1 second(s)

2018-05-18 11:51:16 - [TEST_STEP][PASSED] - tap: Tapped on element 'Object Repository/ShopProductsScreenElements/HotSpot/VisitHotSpotNotAvailable/HotspotNotAvailable'

2018-05-18 11:51:16 - [MESSAGE][WARNING] - Timeout '0' is invalid. Using default page load timeout: '30'

2018-05-18 11:51:18 - [MESSAGE][PASSED] - Tapped on element 'Object Repository/ShopProductsScreenElements/HotSpot/VisitHotSpotNotAvailable/HotspotNotAvailable'

2018-05-18 11:51:18 - [TEST_STEP][PASSED] - delay: Delayed 1 second(s)

2018-05-18 11:51:19 - [MESSAGE][PASSED] - Delayed 1 second(s)

2018-05-18 11:51:19 - [TEST_STEP][PASSED] - verifyElementExist: Element 'Object Repository/CommonScreenElements/Validate_CameraScreen' is exist

2018-05-18 11:51:19 - [MESSAGE][WARNING] - Timeout '0' is invalid. Using default page load timeout: '30'

2018-05-18 11:51:19 - [MESSAGE][PASSED] - Element 'Object Repository/CommonScreenElements/Validate_CameraScreen' is exist

2018-05-18 11:51:19 - [TEST_STEP][PASSED] - delay: Delayed 1 second(s)

2018-05-18 11:51:20 - [MESSAGE][PASSED] - Delayed 1 second(s)

2018-05-18 11:51:20 - [TEST_STEP][PASSED] - tap: Tapped on element 'Object Repository/CommonScreenElements/TakePictureButton'

2018-05-18 11:51:20 - [MESSAGE][WARNING] - Timeout '0' is invalid. Using default page load timeout: '30'

2018-05-18 11:51:23 - [MESSAGE][PASSED] - Tapped on element 'Object Repository/CommonScreenElements/TakePictureButton'

2018-05-18 11:51:23 - [TEST_STEP][PASSED] - delay: Delayed 5 second(s)

2018-05-18 11:51:28 - [MESSAGE][PASSED] - Delayed 5 second(s)

2018-05-18 11:51:28 - [TEST_STEP][PASSED] - tap: Tapped on element 'Object Repository/CommonScreenElements/DoneButton'

2018-05-18 11:51:28 - [MESSAGE][WARNING] - Timeout '0' is invalid. Using default page load timeout: '30'

2018-05-18 11:51:29 - [MESSAGE][PASSED] - Tapped on element 'Object Repository/CommonScreenElements/DoneButton'

2018-05-18 11:51:29 - [TEST_STEP][PASSED] - delay: Delayed 1 second(s)

2018-05-18 11:51:30 - [MESSAGE][PASSED] - Delayed 1 second(s)

2018-05-18 11:51:30 - [TEST_STEP][PASSED] - verifyElementText: Actual text and expected text of test object 'Object Repository/ShopProductsScreenElements/HotSpot/Validate_HotSpotScreen' are matched.

2018-05-18 11:51:31 - [MESSAGE][PASSED] - Actual text and expected text of test object 'Object Repository/ShopProductsScreenElements/HotSpot/Validate_HotSpotScreen' are matched.

2018-05-18 11:51:31 - [TEST_STEP][PASSED] - delay: Delayed 1 second(s)

2018-05-18 11:51:32 - [MESSAGE][PASSED] - Delayed 1 second(s)

2018-05-18 11:51:32 - [TEST_STEP][PASSED] - tap: Tapped on element 'Object Repository/ShopProductsScreenElements/HotSpot/HotSpot_BackButton'

2018-05-18 11:51:32 - [MESSAGE][WARNING] - Timeout '0' is invalid. Using default page load timeout: '30'

2018-05-18 11:51:33 - [MESSAGE][PASSED] - Tapped on element 'Object Repository/ShopProductsScreenElements/HotSpot/HotSpot_BackButton'

2018-05-18 11:51:33 - [TEST_STEP][PASSED] - delay: Delayed 1 second(s)

2018-05-18 11:51:34 - [MESSAGE][PASSED] - Delayed 1 second(s)

2018-05-18 11:51:34 - [TEST_STEP][PASSED] - verifyElementExist: Element 'Object Repository/ShopProductsScreenElements/Validate_ShopProductsScreen' is exist

2018-05-18 11:51:34 - [MESSAGE][WARNING] - Timeout '0' is invalid. Using default page load timeout: '30'

2018-05-18 11:51:34 - [MESSAGE][PASSED] - Element 'Object Repository/ShopProductsScreenElements/Validate_ShopProductsScreen' is exist

2018-05-18 11:51:34 - [TEST_STEP][PASSED] - delay: Delayed 1 second(s)

2018-05-18 11:51:35 - [MESSAGE][PASSED] - Delayed 1 second(s)

2018-05-18 11:51:36 - [TEST_STEP][PASSED] - customKeywordsCollection.CustomKeywords.findProductFromProductsList: customKeywordsCollection.CustomKeywords.findProductFromProductsList is PASSED

2018-05-18 11:51:39 - [MESSAGE][PASSED] - Delayed 1 second(s)

2018-05-18 11:51:43 - [MESSAGE][PASSED] - Swiped from 0,193 to 0,100

2018-05-18 11:51:45 - [MESSAGE][PASSED] - Delayed 2 second(s)

2018-05-18 11:51:46 - [MESSAGE][PASSED] - customKeywordsCollection.CustomKeywords.findProductFromProductsList is PASSED

2018-05-18 11:51:46 - [TEST_STEP][PASSED] - verifyElementText: Actual text and expected text of test object 'Object Repository/ShopProductsScreenElements/HotSpot/Validate_HotSpotScreen' are matched.

2018-05-18 11:51:46 - [MESSAGE][PASSED] - Actual text and expected text of test object 'Object Repository/ShopProductsScreenElements/HotSpot/Validate_HotSpotScreen' are matched.

2018-05-18 11:51:46 - [TEST_STEP][PASSED] - delay: Delayed 1 second(s)

2018-05-18 11:51:47 - [MESSAGE][PASSED] - Delayed 1 second(s)

2018-05-18 11:51:47 - [TEST_STEP][PASSED] - tap: Tapped on element 'Object Repository/ShopProductsScreenElements/HotSpot/VisitHotSpotAvailable/HotSpotAvailable'

2018-05-18 11:51:47 - [MESSAGE][WARNING] - Timeout '0' is invalid. Using default page load timeout: '30'

2018-05-18 11:51:48 - [MESSAGE][PASSED] - Tapped on element 'Object Repository/ShopProductsScreenElements/HotSpot/VisitHotSpotAvailable/HotSpotAvailable'

2018-05-18 11:51:48 - [TEST_STEP][PASSED] - delay: Delayed 1 second(s)

2018-05-18 11:51:49 - [MESSAGE][PASSED] - Delayed 1 second(s)

2018-05-18 11:51:49 - [TEST_STEP][PASSED] - verifyElementText: Actual text and expected text of test object 'Object Repository/ShopProductsScreenElements/HotSpot/VisitHotSpotAvailable/Validate_SelectAppropriateTypeScreen' are matched.

[...]

2018-05-18 12:07:35 - [MESSAGE][WARNING] - Timeout '0' is invalid. Using default page load timeout: '30'

2018-05-18 12:07:36 - [MESSAGE][PASSED] - Tapped on element 'Object Repository/ShopProductsScreenElements/Diapers/VisitSecondaryDisplay/Available'

2018-05-18 12:07:36 - [TEST_STEP][PASSED] - delay: Delayed 1 second(s)

2018-05-18 12:07:37 - [MESSAGE][PASSED] - Delayed 1 second(s)

2018-05-18 12:07:37 - [TEST_STEP][PASSED] - verifyElementText: Actual text and expected text of test object 'Object Repository/ShopProductsScreenElements/Diapers/VisitSecondaryDisplay/Validate_SecondaryDisplayAvailableScreen' are matched.

2018-05-18 12:07:38 - [MESSAGE][PASSED] - Actual text and expected text of test object 'Object Repository/ShopProductsScreenElements/Diapers/VisitSecondaryDisplay/Validate_SecondaryDisplayAvailableScreen' are matched.

2018-05-18 12:07:38 - [TEST_STEP][PASSED] - delay: Delayed 1 second(s)

2018-05-18 12:07:39 - [MESSAGE][PASSED] - Delayed 1 second(s)

2018-05-18 12:07:39 - [TEST_STEP][PASSED] - setText: Text '1' has been set to element 'Object Repository/ShopProductsScreenElements/Diapers/VisitSecondaryDisplay/UnitsForPG(Diapers)'

2018-05-18 12:07:39 - [MESSAGE][WARNING] - Timeout '0' is invalid. Using default page load timeout: '30'

2018-05-18 12:07:48 - [MESSAGE][PASSED] - Text '1' has been set to element 'Object Repository/ShopProductsScreenElements/Diapers/VisitSecondaryDisplay/UnitsForPG(Diapers)'

2018-05-18 12:07:48 - [TEST_STEP][PASSED] - setText: Text '1' has been set to element 'Object Repository/ShopProductsScreenElements/Diapers/VisitSecondaryDisplay/UnitsForCompetition(Diapers)'

2018-05-18 12:07:48 - [MESSAGE][WARNING] - Timeout '0' is invalid. Using default page load timeout: '30'

2018-05-18 12:07:58 - [MESSAGE][PASSED] - Text '1' has been set to element 'Object Repository/ShopProductsScreenElements/Diapers/VisitSecondaryDisplay/UnitsForCompetition(Diapers)'

2018-05-18 12:07:58 - [TEST_STEP][PASSED] - tap: Tapped on element 'Object Repository/ShopProductsScreenElements/Diapers/VisitSecondaryDisplay/SecondaryDisplayavailable_SubmitButton'

2018-05-18 12:07:58 - [MESSAGE][WARNING] - Timeout '0' is invalid. Using default page load timeout: '30'

2018-05-18 12:07:59 - [MESSAGE][PASSED] - Tapped on element 'Object Repository/ShopProductsScreenElements/Diapers/VisitSecondaryDisplay/SecondaryDisplayavailable_SubmitButton'

2018-05-18 12:07:59 - [TEST_STEP][PASSED] - delay: Delayed 1 second(s)

2018-05-18 12:08:00 - [MESSAGE][PASSED] - Delayed 1 second(s)

2018-05-18 12:08:00 - [TEST_STEP][PASSED] - verifyElementText: Actual text and expected text of test object 'Object Repository/ShopProductsScreenElements/Diapers/VisitSecondaryDisplay/Validate_UnitScreen' are matched.

2018-05-18 12:08:02 - [MESSAGE][PASSED] - Actual text and expected text of test object 'Object Repository/ShopProductsScreenElements/Diapers/VisitSecondaryDisplay/Validate_UnitScreen' are matched.

2018-05-18 12:08:02 - [TEST_STEP][PASSED] - delay: Delayed 1 second(s)

2018-05-18 12:08:03 - [MESSAGE][PASSED] - Delayed 1 second(s)

2018-05-18 12:08:03 - [TEST_STEP][PASSED] - tap: Tapped on element 'Object Repository/ShopProductsScreenElements/Diapers/VisitSecondaryDisplay/Unit1'

2018-05-18 12:08:03 - [MESSAGE][WARNING] - Timeout '0' is invalid. Using default page load timeout: '30'

2018-05-18 12:08:03 - [MESSAGE][PASSED] - Tapped on element 'Object Repository/ShopProductsScreenElements/Diapers/VisitSecondaryDisplay/Unit1'

2018-05-18 12:08:03 - [TEST_STEP][PASSED] - delay: Delayed 1 second(s)

2018-05-18 12:08:04 - [MESSAGE][PASSED] - Delayed 1 second(s)

2018-05-18 12:08:04 - [TEST_STEP][PASSED] - verifyElementExist: Element 'Object Repository/CommonScreenElements/Validate_CameraScreen' is exist

2018-05-18 12:08:04 - [MESSAGE][WARNING] - Timeout '0' is invalid. Using default page load timeout: '30'

2018-05-18 12:08:05 - [MESSAGE][PASSED] - Element 'Object Repository/CommonScreenElements/Validate_CameraScreen' is exist

2018-05-18 12:08:05 - [TEST_STEP][PASSED] - delay: Delayed 1 second(s)

2018-05-18 12:08:06 - [MESSAGE][PASSED] - Delayed 1 second(s)

2018-05-18 12:08:06 - [TEST_STEP][PASSED] - tap: Tapped on element 'Object Repository/CommonScreenElements/TakePictureButton'

2018-05-18 12:08:06 - [MESSAGE][WARNING] - Timeout '0' is invalid. Using default page load timeout: '30'

2018-05-18 12:08:09 - [MESSAGE][PASSED] - Tapped on element 'Object Repository/CommonScreenElements/TakePictureButton'

2018-05-18 12:08:09 - [TEST_STEP][PASSED] - delay: Delayed 5 second(s)

2018-05-18 12:08:14 - [MESSAGE][PASSED] - Delayed 5 second(s)

2018-05-18 12:08:14 - [TEST_STEP][PASSED] - tap: Tapped on element 'Object Repository/CommonScreenElements/DoneButton'

2018-05-18 12:08:14 - [MESSAGE][WARNING] - Timeout '0' is invalid. Using default page load timeout: '30'

2018-05-18 12:08:15 - [MESSAGE][PASSED] - Tapped on element 'Object Repository/CommonScreenElements/DoneButton'

2018-05-18 12:08:15 - [TEST_STEP][PASSED] - delay: Delayed 1 second(s)

2018-05-18 12:08:16 - [MESSAGE][PASSED] - Delayed 1 second(s)

2018-05-18 12:08:16 - [TEST_STEP][PASSED] - verifyElementText: Actual text and expected text of test object 'Object Repository/ShopProductsScreenElements/Diapers/VisitSecondaryDisplay/Validate_UnitsDetailScreen' are matched.

2018-05-18 12:08:18 - [MESSAGE][PASSED] - Actual text and expected text of test object 'Object Repository/ShopProductsScreenElements/Diapers/VisitSecondaryDisplay/Validate_UnitsDetailScreen' are matched.

2018-05-18 12:08:18 - [TEST_STEP][PASSED] - delay: Delayed 1 second(s)

2018-05-18 12:08:19 - [MESSAGE][PASSED] - Delayed 1 second(s)

2018-05-18 12:08:19 - [TEST_STEP][PASSED] - tap: Tapped on element 'Object Repository/ShopProductsScreenElements/Diapers/VisitSecondaryDisplay/ShopKeeperDidNotAllow'

2018-05-18 12:08:19 - [MESSAGE][WARNING] - Timeout '0' is invalid. Using default page load timeout: '30'

2018-05-18 12:08:19 - [MESSAGE][PASSED] - Tapped on element 'Object Repository/ShopProductsScreenElements/Diapers/VisitSecondaryDisplay/ShopKeeperDidNotAllow'

2018-05-18 12:08:19 - [TEST_STEP][PASSED] - delay: Delayed 1 second(s)

2018-05-18 12:08:20 - [MESSAGE][PASSED] - Delayed 1 second(s)

2018-05-18 12:08:20 - [TEST_STEP][PASSED] - verifyElementText: Actual text and expected text of test object 'Object Repository/ShopProductsScreenElements/Diapers/VisitSecondaryDisplay/Validate_CategoryRemarksScreenForShopKeeper' are matched.

2018-05-18 12:08:22 - [MESSAGE][PASSED] - Actual text and expected text of test object 'Object Repository/ShopProductsScreenElements/Diapers/VisitSecondaryDisplay/Validate_CategoryRemarksScreenForShopKeeper' are matched.

2018-05-18 12:08:22 - [TEST_STEP][PASSED] - delay: Delayed 1 second(s)

2018-05-18 12:08:23 - [MESSAGE][PASSED] - Delayed 1 second(s)

2018-05-18 12:08:23 - [TEST_STEP][PASSED] - tap: Tapped on element 'Object Repository/ShopProductsScreenElements/Diapers/VisitSecondaryDisplay/CategoryRemarksForShopKeeper_Return'

2018-05-18 12:08:23 - [MESSAGE][WARNING] - Timeout '0' is invalid. Using default page load timeout: '30'

2018-05-18 12:08:23 - [MESSAGE][PASSED] - Tapped on element 'Object Repository/ShopProductsScreenElements/Diapers/VisitSecondaryDisplay/CategoryRemarksForShopKeeper_Return'

2018-05-18 12:08:23 - [TEST_STEP][PASSED] - delay: Delayed 1 second(s)

2018-05-18 12:08:24 - [MESSAGE][PASSED] - Delayed 1 second(s)

2018-05-18 12:08:24 - [TEST_STEP][PASSED] - tap: Tapped on element 'Object Repository/ShopProductsScreenElements/Diapers/VisitSecondaryDisplay/CategoryRemarksForShopKeeper_BackButton'

2018-05-18 12:08:24 - [MESSAGE][WARNING] - Timeout '0' is invalid. Using default page load timeout: '30'

2018-05-18 12:08:25 - [MESSAGE][PASSED] - Tapped on element 'Object Repository/ShopProductsScreenElements/Diapers/VisitSecondaryDisplay/CategoryRemarksForShopKeeper_BackButton'

2018-05-18 12:08:25 - [TEST_STEP][PASSED] - delay: Delayed 1 second(s)

2018-05-18 12:08:26 - [MESSAGE][PASSED] - Delayed 1 second(s)

2018-05-18 12:08:26 - [TEST_STEP][PASSED] - verifyElementText: Actual text and expected text of test object 'Object Repository/ShopProductsScreenElements/Diapers/VisitSecondaryDisplay/Validate_UnitsDetailScreen' are matched.

2018-05-18 12:08:27 - [MESSAGE][PASSED] - Actual text and expected text of test object 'Object Repository/ShopProductsScreenElements/Diapers/VisitSecondaryDisplay/Validate_UnitsDetailScreen' are matched.

2018-05-18 12:08:27 - [TEST_STEP][PASSED] - delay: Delayed 1 second(s)

2018-05-18 12:08:28 - [MESSAGE][PASSED] - Delayed 1 second(s)

2018-05-18 12:08:28 - [TEST_STEP][PASSED] - tap: Tapped on element 'Object Repository/ShopProductsScreenElements/Diapers/VisitSecondaryDisplay/DisplayUnitNeedMaintenance'

2018-05-18 12:08:28 - [MESSAGE][WARNING] - Timeout '0' is invalid. Using default page load timeout: '30'

2018-05-18 12:08:29 - [MESSAGE][PASSED] - Tapped on element 'Object Repository/ShopProductsScreenElements/Diapers/VisitSecondaryDisplay/DisplayUnitNeedMaintenance'

2018-05-18 12:08:29 - [TEST_STEP][PASSED] - delay: Delayed 1 second(s)

2018-05-18 12:08:30 - [MESSAGE][PASSED] - Delayed 1 second(s)

2018-05-18 12:08:30 - [TEST_STEP][PASSED] - verifyElementText: Actual text and expected text of test object 'Object Repository/ShopProductsScreenElements/Diapers/VisitSecondaryDisplay/Validate_CategoryRemarksScreenForDisplayUnit' are matched.

2018-05-18 12:08:31 - [MESSAGE][PASSED] - Actual text and expected text of test object 'Object Repository/ShopProductsScreenElements/Diapers/VisitSecondaryDisplay/Validate_CategoryRemarksScreenForDisplayUnit' are matched.

2018-05-18 12:08:31 - [TEST_STEP][PASSED] - delay: Delayed 1 second(s)

2018-05-18 12:08:32 - [MESSAGE][PASSED] - Delayed 1 second(s)

2018-05-18 12:08:32 - [TEST_STEP][PASSED] - tap: Tapped on element 'Object Repository/ShopProductsScreenElements/Diapers/VisitSecondaryDisplay/CategoryRemarksForDisplayUnit_BrokenHeader'

2018-05-18 12:08:32 - [MESSAGE][WARNING] - Timeout '0' is invalid. Using default page load timeout: '30'

2018-05-18 12:08:32 - [MESSAGE][PASSED] - Tapped on element 'Object Repository/ShopProductsScreenElements/Diapers/VisitSecondaryDisplay/CategoryRemarksForDisplayUnit_BrokenHeader'

2018-05-18 12:08:32 - [TEST_STEP][PASSED] - delay: Delayed 1 second(s)

2018-05-18 12:08:33 - [MESSAGE][PASSED] - Delayed 1 second(s)

2018-05-18 12:08:33 - [TEST_STEP][PASSED] - tap: Tapped on element 'Object Repository/ShopProductsScreenElements/Diapers/VisitSecondaryDisplay/CategoryRemarksForDisplayUnit_BackButton'

2018-05-18 12:08:33 - [MESSAGE][WARNING] - Timeout '0' is invalid. Using default page load timeout: '30'

2018-05-18 12:08:34 - [MESSAGE][PASSED] - Tapped on element 'Object Repository/ShopProductsScreenElements/Diapers/VisitSecondaryDisplay/CategoryRemarksForDisplayUnit_BackButton'

2018-05-18 12:08:34 - [TEST_STEP][PASSED] - delay: Delayed 1 second(s)

2018-05-18 12:08:35 - [MESSAGE][PASSED] - Delayed 1 second(s)

2018-05-18 12:08:35 - [TEST_STEP][PASSED] - verifyElementText: Actual text and expected text of test object 'Object Repository/ShopProductsScreenElements/Diapers/VisitSecondaryDisplay/Validate_UnitsDetailScreen' are matched.

2018-05-18 12:08:36 - [MESSAGE][PASSED] - Actual text and expected text of test object 'Object Repository/ShopProductsScreenElements/Diapers/VisitSecondaryDisplay/Validate_UnitsDetailScreen' are matched.

2018-05-18 12:08:36 - [TEST_STEP][PASSED] - delay: Delayed 1 second(s)

2018-05-18 12:08:37 - [MESSAGE][PASSED] - Delayed 1 second(s)

2018-05-18 12:08:37 - [TEST_STEP][PASSED] - tap: Tapped on element 'Object Repository/ShopProductsScreenElements/Diapers/VisitSecondaryDisplay/DisplayUnitIsInPerfectCondition'

2018-05-18 12:08:37 - [MESSAGE][WARNING] - Timeout '0' is invalid. Using default page load timeout: '30'

2018-05-18 12:08:37 - [MESSAGE][PASSED] - Tapped on element 'Object Repository/ShopProductsScreenElements/Diapers/VisitSecondaryDisplay/DisplayUnitIsInPerfectCondition'

2018-05-18 12:08:37 - [TEST_STEP][PASSED] - delay: Delayed 1 second(s)

2018-05-18 12:08:38 - [MESSAGE][PASSED] - Delayed 1 second(s)

2018-05-18 12:08:38 - [TEST_STEP][PASSED] - verifyElementText: Actual text and expected text of test object 'Object Repository/ShopProductsScreenElements/Diapers/VisitSecondaryDisplay/Validate_DisplayUnitUtilizationScreen' are matched.

2018-05-18 12:08:38 - [MESSAGE][PASSED] - Actual text and expected text of test object 'Object Repository/ShopProductsScreenElements/Diapers/VisitSecondaryDisplay/Validate_DisplayUnitUtilizationScreen' are matched.

2018-05-18 12:08:38 - [TEST_STEP][PASSED] - delay: Delayed 1 second(s)

2018-05-18 12:08:39 - [MESSAGE][PASSED] - Delayed 1 second(s)

2018-05-18 12:08:39 - [TEST_STEP][PASSED] - setText: Text '100' has been set to element 'Object Repository/ShopProductsScreenElements/Diapers/VisitSecondaryDisplay/DisplayUnitUtilization_TextField'

2018-05-18 12:08:39 - [MESSAGE][WARNING] - Timeout '0' is invalid. Using default page load timeout: '30'

2018-05-18 12:08:53 - [MESSAGE][PASSED] - Text '100' has been set to element 'Object Repository/ShopProductsScreenElements/Diapers/VisitSecondaryDisplay/DisplayUnitUtilization_TextField'

2018-05-18 12:08:53 - [TEST_STEP][PASSED] - delay: Delayed 1 second(s)

2018-05-18 12:08:54 - [MESSAGE][PASSED] - Delayed 1 second(s)

2018-05-18 12:08:54 - [TEST_STEP][PASSED] - tap: Tapped on element 'Object Repository/ShopProductsScreenElements/Diapers/VisitSecondaryDisplay/DisplayUnitUtilization_SubmitButton'

2018-05-18 12:08:54 - [MESSAGE][WARNING] - Timeout '0' is invalid. Using default page load timeout: '30'

2018-05-18 12:08:55 - [MESSAGE][PASSED] - Tapped on element 'Object Repository/ShopProductsScreenElements/Diapers/VisitSecondaryDisplay/DisplayUnitUtilization_SubmitButton'

2018-05-18 12:08:55 - [TEST_STEP][PASSED] - delay: Delayed 1 second(s)

2018-05-18 12:08:56 - [MESSAGE][PASSED] - Delayed 1 second(s)

2018-05-18 12:08:56 - [TEST_STEP][PASSED] - verifyElementText: Actual text and expected text of test object 'Object Repository/ShopProductsScreenElements/Diapers/VisitSecondaryDisplay/Validate_UnitScreen' are matched.

2018-05-18 12:08:57 - [MESSAGE][PASSED] - Actual text and expected text of test object 'Object Repository/ShopProductsScreenElements/Diapers/VisitSecondaryDisplay/Validate_UnitScreen' are matched.

2018-05-18 12:08:57 - [TEST_STEP][PASSED] - delay: Delayed 1 second(s)

2018-05-18 12:08:58 - [MESSAGE][PASSED] - Delayed 1 second(s)

2018-05-18 12:08:58 - [TEST_STEP][PASSED] - tap: Tapped on element 'Object Repository/ShopProductsScreenElements/Diapers/VisitSecondaryDisplay/Unit_BackButton'

2018-05-18 12:08:58 - [MESSAGE][WARNING] - Timeout '0' is invalid. Using default page load timeout: '30'

2018-05-18 12:08:59 - [MESSAGE][PASSED] - Tapped on element 'Object Repository/ShopProductsScreenElements/Diapers/VisitSecondaryDisplay/Unit_BackButton'

2018-05-18 12:08:59 - [TEST_STEP][PASSED] - delay: Delayed 1 second(s)

2018-05-18 12:09:00 - [MESSAGE][PASSED] - Delayed 1 second(s)

2018-05-18 12:09:00 - [TEST_STEP][PASSED] - verifyElementText: Actual text and expected text of test object 'Object Repository/ShopProductsScreenElements/Diapers/VisitSecondaryDisplay/Validate_SecondaryDisplayScreen' are matched.

2018-05-18 12:09:01 - [MESSAGE][PASSED] - Actual text and expected text of test object 'Object Repository/ShopProductsScreenElements/Diapers/VisitSecondaryDisplay/Validate_SecondaryDisplayScreen' are matched.

2018-05-18 12:09:01 - [TEST_STEP][PASSED] - delay: Delayed 1 second(s)

2018-05-18 12:09:02 - [MESSAGE][PASSED] - Delayed 1 second(s)

2018-05-18 12:09:02 - [TEST_STEP][PASSED] - tap: Tapped on element 'Object Repository/ShopProductsScreenElements/Diapers/VisitSecondaryDisplay/SecondaryDisplay_BackButton'

2018-05-18 12:09:02 - [MESSAGE][WARNING] - Timeout '0' is invalid. Using default page load timeout: '30'

2018-05-18 12:09:03 - [MESSAGE][PASSED] - Tapped on element 'Object Repository/ShopProductsScreenElements/Diapers/VisitSecondaryDisplay/SecondaryDisplay_BackButton'

2018-05-18 12:09:03 - [TEST_STEP][PASSED] - delay: Delayed 1 second(s)

2018-05-18 12:09:04 - [MESSAGE][PASSED] - Delayed 1 second(s)

2018-05-18 12:09:04 - [TEST_STEP][PASSED] - verifyElementExist: Element 'Object Repository/ShopProductsScreenElements/Validate_ShopProductsScreen' is exist

2018-05-18 12:09:04 - [MESSAGE][WARNING] - Timeout '0' is invalid. Using default page load timeout: '30'

2018-05-18 12:09:05 - [MESSAGE][PASSED] - Element 'Object Repository/ShopProductsScreenElements/Validate_ShopProductsScreen' is exist

2018-05-18 12:09:05 - [TEST_STEP][PASSED] - delay: Delayed 1 second(s)

2018-05-18 12:09:06 - [MESSAGE][PASSED] - Delayed 1 second(s)

2018-05-18 12:09:06 - [MESSAGE][PASSED] - Call Test Case 'Test Cases/ChooseHFSShop/ShopOpen/ShopProducts/Diapers/OverwriteDiaper' successfully

2018-05-18 12:09:14 - [MESSAGE][PASSED] - Swiped from 0,293 to 0,200

2018-05-18 12:09:16 - [MESSAGE][PASSED] - Delayed 2 second(s)

2018-05-18 12:09:17 - [MESSAGE][PASSED] - customKeywordsCollection.CustomKeywords.overwriteShopProducts is PASSED]]></system-out>
         <system-err><![CDATA[]]></system-err>
      </testcase>
      <testcase name="Test Cases/ChooseHFSShop/ShopOpen/SaveShop" classname="Test Cases/ChooseHFSShop/ShopOpen/SaveShop" status="PASSED">
         <system-out><![CDATA[2018-05-18 12:09:17 - [TEST_CASE][PASSED] - Test Cases/ChooseHFSShop/ShopOpen/SaveShop: Test Cases/ChooseHFSShop/ShopOpen/SaveShop

2018-05-18 12:09:17 - [TEST_STEP][PASSED] - tap: Tapped on element 'Object Repository/ShopProductsScreenElements/SaveShopOpen_Submitbutton'

2018-05-18 12:09:17 - [MESSAGE][WARNING] - Timeout '0' is invalid. Using default page load timeout: '30'

2018-05-18 12:09:18 - [MESSAGE][PASSED] - Tapped on element 'Object Repository/ShopProductsScreenElements/SaveShopOpen_Submitbutton'

2018-05-18 12:09:18 - [TEST_STEP][PASSED] - delay: Delayed 1 second(s)

2018-05-18 12:09:19 - [MESSAGE][PASSED] - Delayed 1 second(s)

2018-05-18 12:09:19 - [TEST_STEP][PASSED] - verifyElementExist: Element 'Object Repository/CommonScreenElements/Validate_InfoPopUpDialog' is exist

2018-05-18 12:09:19 - [MESSAGE][WARNING] - Timeout '0' is invalid. Using default page load timeout: '30'

2018-05-18 12:09:19 - [MESSAGE][PASSED] - Element 'Object Repository/CommonScreenElements/Validate_InfoPopUpDialog' is exist

2018-05-18 12:09:19 - [TEST_STEP][PASSED] - delay: Delayed 1 second(s)

2018-05-18 12:09:20 - [MESSAGE][PASSED] - Delayed 1 second(s)

2018-05-18 12:09:20 - [TEST_STEP][PASSED] - tap: Tapped on element 'Object Repository/CommonScreenElements/InfoPopUp_YesButton'

2018-05-18 12:09:20 - [MESSAGE][WARNING] - Timeout '0' is invalid. Using default page load timeout: '30'

2018-05-18 12:09:21 - [MESSAGE][PASSED] - Tapped on element 'Object Repository/CommonScreenElements/InfoPopUp_YesButton'

2018-05-18 12:09:21 - [TEST_STEP][PASSED] - delay: Delayed 1 second(s)

2018-05-18 12:09:22 - [MESSAGE][PASSED] - Delayed 1 second(s)

2018-05-18 12:09:22 - [TEST_STEP][PASSED] - verifyElementText: Actual text and expected text of test object 'Object Repository/ShopActionsScreenElements/Validate_ShopsListScreen' are matched.

2018-05-18 12:09:23 - [MESSAGE][PASSED] - Actual text and expected text of test object 'Object Repository/ShopActionsScreenElements/Validate_ShopsListScreen' are matched.

2018-05-18 12:09:23 - [TEST_STEP][PASSED] - delay: Delayed 1 second(s)

2018-05-18 12:09:24 - [MESSAGE][PASSED] - Delayed 1 second(s)]]></system-out>
         <system-err><![CDATA[]]></system-err>
      </testcase>
      <system-out><![CDATA[2018-05-18 11:42:55 - [TEST_SUITE][PASSED] - PnG Merchandising Scripts With Overwrite Scenarios: Test Cases/ChooseHFSShop/ShopOpen/SaveShop]]></system-out>
      <system-err><![CDATA[]]></system-err>
   </testsuite>
</testsuites>
